\BOOKMARK [0][-]{chapter.1}{\376\377\0001\000\040\000T\000o\000d\000o\000\040\000L\000i\000s\000t}{}% 1
\BOOKMARK [0][-]{chapter.2}{\376\377\0002\000\040\000H\000i\000e\000r\000a\000r\000c\000h\000i\000c\000a\000l\000\040\000I\000n\000d\000e\000x}{}% 2
\BOOKMARK [1][-]{section.2.1}{\376\377\0002\000.\0001\000\040\000C\000l\000a\000s\000s\000\040\000H\000i\000e\000r\000a\000r\000c\000h\000y}{chapter.2}% 3
\BOOKMARK [0][-]{chapter.3}{\376\377\0003\000\040\000C\000l\000a\000s\000s\000\040\000I\000n\000d\000e\000x}{}% 4
\BOOKMARK [1][-]{section.3.1}{\376\377\0003\000.\0001\000\040\000C\000l\000a\000s\000s\000\040\000L\000i\000s\000t}{chapter.3}% 5
\BOOKMARK [0][-]{chapter.4}{\376\377\0004\000\040\000F\000i\000l\000e\000\040\000I\000n\000d\000e\000x}{}% 6
\BOOKMARK [1][-]{section.4.1}{\376\377\0004\000.\0001\000\040\000F\000i\000l\000e\000\040\000L\000i\000s\000t}{chapter.4}% 7
\BOOKMARK [0][-]{chapter.5}{\376\377\0005\000\040\000C\000l\000a\000s\000s\000\040\000D\000o\000c\000u\000m\000e\000n\000t\000a\000t\000i\000o\000n}{}% 8
\BOOKMARK [1][-]{section.5.1}{\376\377\0005\000.\0001\000\040\000A\000m\000b\000u\000s\000h\000\040\000C\000l\000a\000s\000s\000\040\000R\000e\000f\000e\000r\000e\000n\000c\000e}{chapter.5}% 9
\BOOKMARK [2][-]{subsection.5.1.1}{\376\377\0005\000.\0001\000.\0001\000\040\000D\000e\000t\000a\000i\000l\000e\000d\000\040\000D\000e\000s\000c\000r\000i\000p\000t\000i\000o\000n}{section.5.1}% 10
\BOOKMARK [2][-]{subsection.5.1.2}{\376\377\0005\000.\0001\000.\0002\000\040\000C\000o\000n\000s\000t\000r\000u\000c\000t\000o\000r\000\040\000\046\000\040\000D\000e\000s\000t\000r\000u\000c\000t\000o\000r\000\040\000D\000o\000c\000u\000m\000e\000n\000t\000a\000t\000i\000o\000n}{section.5.1}% 11
\BOOKMARK [3][-]{subsubsection.5.1.2.1}{\376\377\0005\000.\0001\000.\0002\000.\0001\000\040\000A\000m\000b\000u\000s\000h\000\050\000\051}{subsection.5.1.2}% 12
\BOOKMARK [3][-]{subsubsection.5.1.2.2}{\376\377\0005\000.\0001\000.\0002\000.\0002\000\040\000\040\000A\000m\000b\000u\000s\000h\000\050\000\051}{subsection.5.1.2}% 13
\BOOKMARK [2][-]{subsection.5.1.3}{\376\377\0005\000.\0001\000.\0003\000\040\000M\000e\000m\000b\000e\000r\000\040\000F\000u\000n\000c\000t\000i\000o\000n\000\040\000D\000o\000c\000u\000m\000e\000n\000t\000a\000t\000i\000o\000n}{section.5.1}% 14
\BOOKMARK [3][-]{subsubsection.5.1.3.1}{\376\377\0005\000.\0001\000.\0003\000.\0001\000\040\000a\000t\000t\000a\000c\000k\000\050\000\051}{subsection.5.1.3}% 15
\BOOKMARK [2][-]{subsection.5.1.4}{\376\377\0005\000.\0001\000.\0004\000\040\000M\000e\000m\000b\000e\000r\000\040\000D\000a\000t\000a\000\040\000D\000o\000c\000u\000m\000e\000n\000t\000a\000t\000i\000o\000n}{section.5.1}% 16
\BOOKMARK [3][-]{subsubsection.5.1.4.1}{\376\377\0005\000.\0001\000.\0004\000.\0001\000\040\000s\000t\000e\000a\000l\000t\000h}{subsection.5.1.4}% 17
\BOOKMARK [1][-]{section.5.2}{\376\377\0005\000.\0002\000\040\000A\000r\000m\000y\000S\000u\000p\000p\000l\000i\000e\000s\000\040\000C\000l\000a\000s\000s\000\040\000R\000e\000f\000e\000r\000e\000n\000c\000e}{chapter.5}% 18
\BOOKMARK [1][-]{section.5.3}{\376\377\0005\000.\0003\000\040\000A\000s\000s\000a\000s\000s\000i\000n\000a\000t\000e\000\040\000C\000l\000a\000s\000s\000\040\000R\000e\000f\000e\000r\000e\000n\000c\000e}{chapter.5}% 19
\BOOKMARK [2][-]{subsection.5.3.1}{\376\377\0005\000.\0003\000.\0001\000\040\000D\000e\000t\000a\000i\000l\000e\000d\000\040\000D\000e\000s\000c\000r\000i\000p\000t\000i\000o\000n}{section.5.3}% 20
\BOOKMARK [2][-]{subsection.5.3.2}{\376\377\0005\000.\0003\000.\0002\000\040\000C\000o\000n\000s\000t\000r\000u\000c\000t\000o\000r\000\040\000\046\000\040\000D\000e\000s\000t\000r\000u\000c\000t\000o\000r\000\040\000D\000o\000c\000u\000m\000e\000n\000t\000a\000t\000i\000o\000n}{section.5.3}% 21
\BOOKMARK [3][-]{subsubsection.5.3.2.1}{\376\377\0005\000.\0003\000.\0002\000.\0001\000\040\000A\000s\000s\000a\000s\000s\000i\000n\000a\000t\000e\000\050\000\051}{subsection.5.3.2}% 22
\BOOKMARK [3][-]{subsubsection.5.3.2.2}{\376\377\0005\000.\0003\000.\0002\000.\0002\000\040\000\040\000A\000s\000s\000a\000s\000s\000i\000n\000a\000t\000e\000\050\000\051}{subsection.5.3.2}% 23
\BOOKMARK [2][-]{subsection.5.3.3}{\376\377\0005\000.\0003\000.\0003\000\040\000M\000e\000m\000b\000e\000r\000\040\000F\000u\000n\000c\000t\000i\000o\000n\000\040\000D\000o\000c\000u\000m\000e\000n\000t\000a\000t\000i\000o\000n}{section.5.3}% 24
\BOOKMARK [3][-]{subsubsection.5.3.3.1}{\376\377\0005\000.\0003\000.\0003\000.\0001\000\040\000a\000t\000t\000a\000c\000k\000\050\000\051}{subsection.5.3.3}% 25
\BOOKMARK [2][-]{subsection.5.3.4}{\376\377\0005\000.\0003\000.\0004\000\040\000M\000e\000m\000b\000e\000r\000\040\000D\000a\000t\000a\000\040\000D\000o\000c\000u\000m\000e\000n\000t\000a\000t\000i\000o\000n}{section.5.3}% 26
\BOOKMARK [3][-]{subsubsection.5.3.4.1}{\376\377\0005\000.\0003\000.\0004\000.\0001\000\040\000a\000l\000i\000v\000e}{subsection.5.3.4}% 27
\BOOKMARK [3][-]{subsubsection.5.3.4.2}{\376\377\0005\000.\0003\000.\0004\000.\0002\000\040\000s\000t\000e\000a\000l\000t\000h}{subsection.5.3.4}% 28
\BOOKMARK [1][-]{section.5.4}{\376\377\0005\000.\0004\000\040\000B\000a\000n\000n\000e\000r\000m\000a\000n\000\040\000C\000l\000a\000s\000s\000\040\000R\000e\000f\000e\000r\000e\000n\000c\000e}{chapter.5}% 29
\BOOKMARK [2][-]{subsection.5.4.1}{\376\377\0005\000.\0004\000.\0001\000\040\000M\000e\000m\000b\000e\000r\000\040\000F\000u\000n\000c\000t\000i\000o\000n\000\040\000D\000o\000c\000u\000m\000e\000n\000t\000a\000t\000i\000o\000n}{section.5.4}% 30
\BOOKMARK [3][-]{subsubsection.5.4.1.1}{\376\377\0005\000.\0004\000.\0001\000.\0001\000\040\000a\000t\000t\000a\000c\000h\000\050\000\051}{subsection.5.4.1}% 31
\BOOKMARK [3][-]{subsubsection.5.4.1.2}{\376\377\0005\000.\0004\000.\0001\000.\0002\000\040\000a\000t\000t\000a\000c\000k\000\050\000\051}{subsection.5.4.1}% 32
\BOOKMARK [3][-]{subsubsection.5.4.1.3}{\376\377\0005\000.\0004\000.\0001\000.\0003\000\040\000c\000h\000a\000n\000g\000e\000S\000t\000r\000a\000t\000e\000g\000y\000\050\000\051}{subsection.5.4.1}% 33
\BOOKMARK [3][-]{subsubsection.5.4.1.4}{\376\377\0005\000.\0004\000.\0001\000.\0004\000\040\000d\000e\000c\000r\000e\000a\000s\000e\000F\000a\000v\000o\000u\000r\000\050\000\051}{subsection.5.4.1}% 34
\BOOKMARK [3][-]{subsubsection.5.4.1.5}{\376\377\0005\000.\0004\000.\0001\000.\0005\000\040\000d\000e\000c\000r\000e\000a\000s\000e\000F\000o\000o\000d\000\050\000\051}{subsection.5.4.1}% 35
\BOOKMARK [3][-]{subsubsection.5.4.1.6}{\376\377\0005\000.\0004\000.\0001\000.\0006\000\040\000d\000e\000c\000r\000e\000a\000s\000e\000M\000e\000d\000i\000c\000a\000l\000\050\000\051}{subsection.5.4.1}% 36
\BOOKMARK [3][-]{subsubsection.5.4.1.7}{\376\377\0005\000.\0004\000.\0001\000.\0007\000\040\000d\000e\000c\000r\000e\000a\000s\000e\000P\000o\000w\000e\000r\000\050\000\051}{subsection.5.4.1}% 37
\BOOKMARK [3][-]{subsubsection.5.4.1.8}{\376\377\0005\000.\0004\000.\0001\000.\0008\000\040\000d\000e\000c\000r\000e\000a\000s\000e\000W\000e\000a\000p\000o\000n\000s\000\050\000\051}{subsection.5.4.1}% 38
\BOOKMARK [3][-]{subsubsection.5.4.1.9}{\376\377\0005\000.\0004\000.\0001\000.\0009\000\040\000d\000e\000t\000a\000c\000h\000\050\000\051}{subsection.5.4.1}% 39
\BOOKMARK [3][-]{subsubsection.5.4.1.10}{\376\377\0005\000.\0004\000.\0001\000.\0001\0000\000\040\000g\000e\000t\000D\000a\000m\000a\000g\000e\000\050\000\051}{subsection.5.4.1}% 40
\BOOKMARK [3][-]{subsubsection.5.4.1.11}{\376\377\0005\000.\0004\000.\0001\000.\0001\0001\000\040\000g\000e\000t\000F\000a\000v\000o\000u\000r\000\050\000\051}{subsection.5.4.1}% 41
\BOOKMARK [3][-]{subsubsection.5.4.1.12}{\376\377\0005\000.\0004\000.\0001\000.\0001\0002\000\040\000g\000e\000t\000F\000o\000o\000d\000\050\000\051}{subsection.5.4.1}% 42
\BOOKMARK [3][-]{subsubsection.5.4.1.13}{\376\377\0005\000.\0004\000.\0001\000.\0001\0003\000\040\000g\000e\000t\000H\000P\000\050\000\051}{subsection.5.4.1}% 43
\BOOKMARK [3][-]{subsubsection.5.4.1.14}{\376\377\0005\000.\0004\000.\0001\000.\0001\0004\000\040\000g\000e\000t\000M\000e\000d\000i\000c\000a\000l\000\050\000\051}{subsection.5.4.1}% 44
\BOOKMARK [3][-]{subsubsection.5.4.1.15}{\376\377\0005\000.\0004\000.\0001\000.\0001\0005\000\040\000g\000e\000t\000N\000a\000m\000e\000\050\000\051}{subsection.5.4.1}% 45
\BOOKMARK [3][-]{subsubsection.5.4.1.16}{\376\377\0005\000.\0004\000.\0001\000.\0001\0006\000\040\000g\000e\000t\000W\000e\000a\000p\000o\000n\000s\000\050\000\051}{subsection.5.4.1}% 46
\BOOKMARK [3][-]{subsubsection.5.4.1.17}{\376\377\0005\000.\0004\000.\0001\000.\0001\0007\000\040\000i\000n\000c\000r\000e\000a\000s\000e\000F\000a\000v\000o\000u\000r\000\050\000\051}{subsection.5.4.1}% 47
\BOOKMARK [3][-]{subsubsection.5.4.1.18}{\376\377\0005\000.\0004\000.\0001\000.\0001\0008\000\040\000i\000n\000c\000r\000e\000a\000s\000e\000H\000P\000\050\000\051}{subsection.5.4.1}% 48
\BOOKMARK [3][-]{subsubsection.5.4.1.19}{\376\377\0005\000.\0004\000.\0001\000.\0001\0009\000\040\000i\000n\000c\000r\000e\000a\000s\000e\000P\000o\000w\000e\000r\000\050\000\051}{subsection.5.4.1}% 49
\BOOKMARK [3][-]{subsubsection.5.4.1.20}{\376\377\0005\000.\0004\000.\0001\000.\0002\0000\000\040\000r\000e\000c\000e\000i\000v\000e\000D\000a\000m\000a\000g\000e\000\050\000\051}{subsection.5.4.1}% 50
\BOOKMARK [3][-]{subsubsection.5.4.1.21}{\376\377\0005\000.\0004\000.\0001\000.\0002\0001\000\040\000s\000e\000t\000F\000o\000o\000d\000\050\000\051}{subsection.5.4.1}% 51
\BOOKMARK [3][-]{subsubsection.5.4.1.22}{\376\377\0005\000.\0004\000.\0001\000.\0002\0002\000\040\000s\000e\000t\000M\000a\000s\000t\000e\000r\000\050\000\051}{subsection.5.4.1}% 52
\BOOKMARK [3][-]{subsubsection.5.4.1.23}{\376\377\0005\000.\0004\000.\0001\000.\0002\0003\000\040\000s\000e\000t\000M\000e\000d\000i\000c\000a\000l\000\050\000\051}{subsection.5.4.1}% 53
\BOOKMARK [3][-]{subsubsection.5.4.1.24}{\376\377\0005\000.\0004\000.\0001\000.\0002\0004\000\040\000s\000e\000t\000R\000a\000v\000e\000n\000\050\000\051}{subsection.5.4.1}% 54
\BOOKMARK [3][-]{subsubsection.5.4.1.25}{\376\377\0005\000.\0004\000.\0001\000.\0002\0005\000\040\000s\000e\000t\000W\000e\000a\000p\000o\000n\000s\000\050\000\051}{subsection.5.4.1}% 55
\BOOKMARK [2][-]{subsection.5.4.2}{\376\377\0005\000.\0004\000.\0002\000\040\000M\000e\000m\000b\000e\000r\000\040\000D\000a\000t\000a\000\040\000D\000o\000c\000u\000m\000e\000n\000t\000a\000t\000i\000o\000n}{section.5.4}% 56
\BOOKMARK [3][-]{subsubsection.5.4.2.1}{\376\377\0005\000.\0004\000.\0002\000.\0001\000\040\000a\000s\000s\000a\000s\000s\000i\000n}{subsection.5.4.2}% 57
\BOOKMARK [3][-]{subsubsection.5.4.2.2}{\376\377\0005\000.\0004\000.\0002\000.\0002\000\040\000d\000a\000m\000a\000g\000e}{subsection.5.4.2}% 58
\BOOKMARK [3][-]{subsubsection.5.4.2.3}{\376\377\0005\000.\0004\000.\0002\000.\0003\000\040\000f\000a\000v\000o\000u\000r}{subsection.5.4.2}% 59
\BOOKMARK [3][-]{subsubsection.5.4.2.4}{\376\377\0005\000.\0004\000.\0002\000.\0004\000\040\000H\000P}{subsection.5.4.2}% 60
\BOOKMARK [3][-]{subsubsection.5.4.2.5}{\376\377\0005\000.\0004\000.\0002\000.\0005\000\040\000m}{subsection.5.4.2}% 61
\BOOKMARK [3][-]{subsubsection.5.4.2.6}{\376\377\0005\000.\0004\000.\0002\000.\0006\000\040\000n\000a\000m\000e}{subsection.5.4.2}% 62
\BOOKMARK [3][-]{subsubsection.5.4.2.7}{\376\377\0005\000.\0004\000.\0002\000.\0007\000\040\000n\000u\000m\000F\000o\000o\000d}{subsection.5.4.2}% 63
\BOOKMARK [3][-]{subsubsection.5.4.2.8}{\376\377\0005\000.\0004\000.\0002\000.\0008\000\040\000n\000u\000m\000M\000e\000d\000i\000c\000a\000l}{subsection.5.4.2}% 64
\BOOKMARK [3][-]{subsubsection.5.4.2.9}{\376\377\0005\000.\0004\000.\0002\000.\0009\000\040\000n\000u\000m\000W\000e\000a\000p\000o\000n\000s}{subsection.5.4.2}% 65
\BOOKMARK [3][-]{subsubsection.5.4.2.10}{\376\377\0005\000.\0004\000.\0002\000.\0001\0000\000\040\000r\000a\000v\000e\000n\000L\000i\000s\000t}{subsection.5.4.2}% 66
\BOOKMARK [3][-]{subsubsection.5.4.2.11}{\376\377\0005\000.\0004\000.\0002\000.\0001\0001\000\040\000s\000t\000r\000a\000t\000e\000g\000y}{subsection.5.4.2}% 67
\BOOKMARK [1][-]{section.5.5}{\376\377\0005\000.\0005\000\040\000B\000a\000t\000t\000l\000e\000F\000i\000e\000l\000d\000\040\000C\000l\000a\000s\000s\000\040\000R\000e\000f\000e\000r\000e\000n\000c\000e}{chapter.5}% 68
\BOOKMARK [2][-]{subsection.5.5.1}{\376\377\0005\000.\0005\000.\0001\000\040\000D\000e\000t\000a\000i\000l\000e\000d\000\040\000D\000e\000s\000c\000r\000i\000p\000t\000i\000o\000n}{section.5.5}% 69
\BOOKMARK [2][-]{subsection.5.5.2}{\376\377\0005\000.\0005\000.\0002\000\040\000C\000o\000n\000s\000t\000r\000u\000c\000t\000o\000r\000\040\000\046\000\040\000D\000e\000s\000t\000r\000u\000c\000t\000o\000r\000\040\000D\000o\000c\000u\000m\000e\000n\000t\000a\000t\000i\000o\000n}{section.5.5}% 70
\BOOKMARK [3][-]{subsubsection.5.5.2.1}{\376\377\0005\000.\0005\000.\0002\000.\0001\000\040\000B\000a\000t\000t\000l\000e\000F\000i\000e\000l\000d\000\050\000\051}{subsection.5.5.2}% 71
\BOOKMARK [3][-]{subsubsection.5.5.2.2}{\376\377\0005\000.\0005\000.\0002\000.\0002\000\040\000\040\000B\000a\000t\000t\000l\000e\000F\000i\000e\000l\000d\000\050\000\051}{subsection.5.5.2}% 72
\BOOKMARK [2][-]{subsection.5.5.3}{\376\377\0005\000.\0005\000.\0003\000\040\000M\000e\000m\000b\000e\000r\000\040\000F\000u\000n\000c\000t\000i\000o\000n\000\040\000D\000o\000c\000u\000m\000e\000n\000t\000a\000t\000i\000o\000n}{section.5.5}% 73
\BOOKMARK [3][-]{subsubsection.5.5.3.1}{\376\377\0005\000.\0005\000.\0003\000.\0001\000\040\000a\000t\000t\000a\000c\000k\000\050\000\051}{subsection.5.5.3}% 74
\BOOKMARK [1][-]{section.5.6}{\376\377\0005\000.\0006\000\040\000C\000l\000a\000s\000s\000\040\000C\000l\000a\000s\000s\000\040\000R\000e\000f\000e\000r\000e\000n\000c\000e}{chapter.5}% 75
\BOOKMARK [1][-]{section.5.7}{\376\377\0005\000.\0007\000\040\000C\000o\000m\000m\000a\000n\000d\000e\000r\000\040\000C\000l\000a\000s\000s\000\040\000R\000e\000f\000e\000r\000e\000n\000c\000e}{chapter.5}% 76
\BOOKMARK [2][-]{subsection.5.7.1}{\376\377\0005\000.\0007\000.\0001\000\040\000D\000e\000t\000a\000i\000l\000e\000d\000\040\000D\000e\000s\000c\000r\000i\000p\000t\000i\000o\000n}{section.5.7}% 77
\BOOKMARK [2][-]{subsection.5.7.2}{\376\377\0005\000.\0007\000.\0002\000\040\000C\000o\000n\000s\000t\000r\000u\000c\000t\000o\000r\000\040\000\046\000\040\000D\000e\000s\000t\000r\000u\000c\000t\000o\000r\000\040\000D\000o\000c\000u\000m\000e\000n\000t\000a\000t\000i\000o\000n}{section.5.7}% 78
\BOOKMARK [3][-]{subsubsection.5.7.2.1}{\376\377\0005\000.\0007\000.\0002\000.\0001\000\040\000C\000o\000m\000m\000a\000n\000d\000e\000r\000\050\000\051}{subsection.5.7.2}% 79
\BOOKMARK [2][-]{subsection.5.7.3}{\376\377\0005\000.\0007\000.\0003\000\040\000M\000e\000m\000b\000e\000r\000\040\000F\000u\000n\000c\000t\000i\000o\000n\000\040\000D\000o\000c\000u\000m\000e\000n\000t\000a\000t\000i\000o\000n}{section.5.7}% 80
\BOOKMARK [3][-]{subsubsection.5.7.3.1}{\376\377\0005\000.\0007\000.\0003\000.\0001\000\040\000a\000t\000t\000a\000c\000h\000\050\000\051}{subsection.5.7.3}% 81
\BOOKMARK [3][-]{subsubsection.5.7.3.2}{\376\377\0005\000.\0007\000.\0003\000.\0002\000\040\000a\000t\000t\000a\000c\000k\000\050\000\051}{subsection.5.7.3}% 82
\BOOKMARK [3][-]{subsubsection.5.7.3.3}{\376\377\0005\000.\0007\000.\0003\000.\0003\000\040\000c\000h\000a\000n\000g\000e\000S\000t\000r\000a\000t\000e\000g\000y\000\050\000\051}{subsection.5.7.3}% 83
\BOOKMARK [3][-]{subsubsection.5.7.3.4}{\376\377\0005\000.\0007\000.\0003\000.\0004\000\040\000d\000e\000c\000r\000e\000a\000s\000e\000F\000a\000v\000o\000u\000r\000\050\000\051}{subsection.5.7.3}% 84
\BOOKMARK [3][-]{subsubsection.5.7.3.5}{\376\377\0005\000.\0007\000.\0003\000.\0005\000\040\000d\000e\000c\000r\000e\000a\000s\000e\000F\000o\000o\000d\000\050\000\051}{subsection.5.7.3}% 85
\BOOKMARK [3][-]{subsubsection.5.7.3.6}{\376\377\0005\000.\0007\000.\0003\000.\0006\000\040\000d\000e\000c\000r\000e\000a\000s\000e\000M\000e\000d\000i\000c\000a\000l\000\050\000\051}{subsection.5.7.3}% 86
\BOOKMARK [3][-]{subsubsection.5.7.3.7}{\376\377\0005\000.\0007\000.\0003\000.\0007\000\040\000d\000e\000c\000r\000e\000a\000s\000e\000P\000o\000w\000e\000r\000\050\000\051}{subsection.5.7.3}% 87
\BOOKMARK [3][-]{subsubsection.5.7.3.8}{\376\377\0005\000.\0007\000.\0003\000.\0008\000\040\000d\000e\000c\000r\000e\000a\000s\000e\000W\000e\000a\000p\000o\000n\000s\000\050\000\051}{subsection.5.7.3}% 88
\BOOKMARK [3][-]{subsubsection.5.7.3.9}{\376\377\0005\000.\0007\000.\0003\000.\0009\000\040\000d\000e\000t\000a\000c\000h\000\050\000\051}{subsection.5.7.3}% 89
\BOOKMARK [3][-]{subsubsection.5.7.3.10}{\376\377\0005\000.\0007\000.\0003\000.\0001\0000\000\040\000g\000e\000t\000D\000a\000m\000a\000g\000e\000\050\000\051}{subsection.5.7.3}% 90
\BOOKMARK [3][-]{subsubsection.5.7.3.11}{\376\377\0005\000.\0007\000.\0003\000.\0001\0001\000\040\000g\000e\000t\000F\000a\000v\000o\000u\000r\000\050\000\051}{subsection.5.7.3}% 91
\BOOKMARK [3][-]{subsubsection.5.7.3.12}{\376\377\0005\000.\0007\000.\0003\000.\0001\0002\000\040\000g\000e\000t\000F\000o\000o\000d\000\050\000\051}{subsection.5.7.3}% 92
\BOOKMARK [3][-]{subsubsection.5.7.3.13}{\376\377\0005\000.\0007\000.\0003\000.\0001\0003\000\040\000g\000e\000t\000H\000P\000\050\000\051}{subsection.5.7.3}% 93
\BOOKMARK [3][-]{subsubsection.5.7.3.14}{\376\377\0005\000.\0007\000.\0003\000.\0001\0004\000\040\000g\000e\000t\000M\000e\000d\000i\000c\000a\000l\000\050\000\051}{subsection.5.7.3}% 94
\BOOKMARK [3][-]{subsubsection.5.7.3.15}{\376\377\0005\000.\0007\000.\0003\000.\0001\0005\000\040\000g\000e\000t\000T\000r\000o\000o\000p\000s\000\050\000\051}{subsection.5.7.3}% 95
\BOOKMARK [3][-]{subsubsection.5.7.3.16}{\376\377\0005\000.\0007\000.\0003\000.\0001\0006\000\040\000g\000e\000t\000W\000e\000a\000p\000o\000n\000s\000\050\000\051}{subsection.5.7.3}% 96
\BOOKMARK [3][-]{subsubsection.5.7.3.17}{\376\377\0005\000.\0007\000.\0003\000.\0001\0007\000\040\000i\000n\000c\000r\000e\000a\000s\000e\000F\000a\000v\000o\000u\000r\000\050\000\051}{subsection.5.7.3}% 97
\BOOKMARK [3][-]{subsubsection.5.7.3.18}{\376\377\0005\000.\0007\000.\0003\000.\0001\0008\000\040\000i\000n\000c\000r\000e\000a\000s\000e\000H\000P\000\050\000\051}{subsection.5.7.3}% 98
\BOOKMARK [3][-]{subsubsection.5.7.3.19}{\376\377\0005\000.\0007\000.\0003\000.\0001\0009\000\040\000i\000n\000c\000r\000e\000a\000s\000e\000P\000o\000w\000e\000r\000\050\000\051}{subsection.5.7.3}% 99
\BOOKMARK [3][-]{subsubsection.5.7.3.20}{\376\377\0005\000.\0007\000.\0003\000.\0002\0000\000\040\000r\000e\000c\000e\000i\000v\000e\000D\000a\000m\000a\000g\000e\000\050\000\051}{subsection.5.7.3}% 100
\BOOKMARK [3][-]{subsubsection.5.7.3.21}{\376\377\0005\000.\0007\000.\0003\000.\0002\0001\000\040\000s\000e\000t\000F\000o\000o\000d\000\050\000\051}{subsection.5.7.3}% 101
\BOOKMARK [3][-]{subsubsection.5.7.3.22}{\376\377\0005\000.\0007\000.\0003\000.\0002\0002\000\040\000s\000e\000t\000M\000a\000s\000t\000e\000r\000\050\000\051}{subsection.5.7.3}% 102
\BOOKMARK [3][-]{subsubsection.5.7.3.23}{\376\377\0005\000.\0007\000.\0003\000.\0002\0003\000\040\000s\000e\000t\000M\000e\000d\000i\000c\000a\000l\000\050\000\051}{subsection.5.7.3}% 103
\BOOKMARK [3][-]{subsubsection.5.7.3.24}{\376\377\0005\000.\0007\000.\0003\000.\0002\0004\000\040\000s\000e\000t\000R\000a\000v\000e\000n\000\050\000\051}{subsection.5.7.3}% 104
\BOOKMARK [3][-]{subsubsection.5.7.3.25}{\376\377\0005\000.\0007\000.\0003\000.\0002\0005\000\040\000s\000e\000t\000S\000t\000r\000a\000t\000e\000g\000y\000\050\000\051}{subsection.5.7.3}% 105
\BOOKMARK [3][-]{subsubsection.5.7.3.26}{\376\377\0005\000.\0007\000.\0003\000.\0002\0006\000\040\000s\000e\000t\000W\000e\000a\000p\000o\000n\000s\000\050\000\051}{subsection.5.7.3}% 106
\BOOKMARK [1][-]{section.5.8}{\376\377\0005\000.\0008\000\040\000C\000o\000n\000d\000i\000t\000i\000o\000n\000s\000\040\000C\000l\000a\000s\000s\000\040\000R\000e\000f\000e\000r\000e\000n\000c\000e}{chapter.5}% 107
\BOOKMARK [2][-]{subsection.5.8.1}{\376\377\0005\000.\0008\000.\0001\000\040\000D\000e\000t\000a\000i\000l\000e\000d\000\040\000D\000e\000s\000c\000r\000i\000p\000t\000i\000o\000n}{section.5.8}% 108
\BOOKMARK [2][-]{subsection.5.8.2}{\376\377\0005\000.\0008\000.\0002\000\040\000C\000o\000n\000s\000t\000r\000u\000c\000t\000o\000r\000\040\000\046\000\040\000D\000e\000s\000t\000r\000u\000c\000t\000o\000r\000\040\000D\000o\000c\000u\000m\000e\000n\000t\000a\000t\000i\000o\000n}{section.5.8}% 109
\BOOKMARK [3][-]{subsubsection.5.8.2.1}{\376\377\0005\000.\0008\000.\0002\000.\0001\000\040\000C\000o\000n\000d\000i\000t\000i\000o\000n\000s\000\050\000\051}{subsection.5.8.2}% 110
\BOOKMARK [2][-]{subsection.5.8.3}{\376\377\0005\000.\0008\000.\0003\000\040\000M\000e\000m\000b\000e\000r\000\040\000F\000u\000n\000c\000t\000i\000o\000n\000\040\000D\000o\000c\000u\000m\000e\000n\000t\000a\000t\000i\000o\000n}{section.5.8}% 111
\BOOKMARK [3][-]{subsubsection.5.8.3.1}{\376\377\0005\000.\0008\000.\0003\000.\0001\000\040\000s\000e\000n\000d\000S\000c\000o\000u\000t\000\050\000\051}{subsection.5.8.3}% 112
\BOOKMARK [2][-]{subsection.5.8.4}{\376\377\0005\000.\0008\000.\0004\000\040\000M\000e\000m\000b\000e\000r\000\040\000D\000a\000t\000a\000\040\000D\000o\000c\000u\000m\000e\000n\000t\000a\000t\000i\000o\000n}{section.5.8}% 113
\BOOKMARK [3][-]{subsubsection.5.8.4.1}{\376\377\0005\000.\0008\000.\0004\000.\0001\000\040\000m\000y\000V\000e\000n\000u\000e}{subsection.5.8.4}% 114
\BOOKMARK [1][-]{section.5.9}{\376\377\0005\000.\0009\000\040\000C\000o\000n\000I\000t\000e\000r\000a\000t\000o\000r\000\040\000C\000l\000a\000s\000s\000\040\000R\000e\000f\000e\000r\000e\000n\000c\000e}{chapter.5}% 115
\BOOKMARK [2][-]{subsection.5.9.1}{\376\377\0005\000.\0009\000.\0001\000\040\000D\000e\000t\000a\000i\000l\000e\000d\000\040\000D\000e\000s\000c\000r\000i\000p\000t\000i\000o\000n}{section.5.9}% 116
\BOOKMARK [2][-]{subsection.5.9.2}{\376\377\0005\000.\0009\000.\0002\000\040\000C\000o\000n\000s\000t\000r\000u\000c\000t\000o\000r\000\040\000\046\000\040\000D\000e\000s\000t\000r\000u\000c\000t\000o\000r\000\040\000D\000o\000c\000u\000m\000e\000n\000t\000a\000t\000i\000o\000n}{section.5.9}% 117
\BOOKMARK [3][-]{subsubsection.5.9.2.1}{\376\377\0005\000.\0009\000.\0002\000.\0001\000\040\000C\000o\000n\000I\000t\000e\000r\000a\000t\000o\000r\000\050\000\051}{subsection.5.9.2}% 118
\BOOKMARK [2][-]{subsection.5.9.3}{\376\377\0005\000.\0009\000.\0003\000\040\000M\000e\000m\000b\000e\000r\000\040\000F\000u\000n\000c\000t\000i\000o\000n\000\040\000D\000o\000c\000u\000m\000e\000n\000t\000a\000t\000i\000o\000n}{section.5.9}% 119
\BOOKMARK [3][-]{subsubsection.5.9.3.1}{\376\377\0005\000.\0009\000.\0003\000.\0001\000\040\000C\000u\000r\000r\000e\000n\000t\000\050\000\051}{subsection.5.9.3}% 120
\BOOKMARK [3][-]{subsubsection.5.9.3.2}{\376\377\0005\000.\0009\000.\0003\000.\0002\000\040\000h\000a\000s\000N\000e\000x\000t\000\050\000\051}{subsection.5.9.3}% 121
\BOOKMARK [3][-]{subsubsection.5.9.3.3}{\376\377\0005\000.\0009\000.\0003\000.\0003\000\040\000i\000s\000A\000c\000t\000i\000v\000e\000\050\000\051}{subsection.5.9.3}% 122
\BOOKMARK [3][-]{subsubsection.5.9.3.4}{\376\377\0005\000.\0009\000.\0003\000.\0004\000\040\000n\000e\000x\000t\000\050\000\051}{subsection.5.9.3}% 123
\BOOKMARK [2][-]{subsection.5.9.4}{\376\377\0005\000.\0009\000.\0004\000\040\000M\000e\000m\000b\000e\000r\000\040\000D\000a\000t\000a\000\040\000D\000o\000c\000u\000m\000e\000n\000t\000a\000t\000i\000o\000n}{section.5.9}% 124
\BOOKMARK [3][-]{subsubsection.5.9.4.1}{\376\377\0005\000.\0009\000.\0004\000.\0001\000\040\000a\000r\000m\000y\000L\000i\000s\000t}{subsection.5.9.4}% 125
\BOOKMARK [3][-]{subsubsection.5.9.4.2}{\376\377\0005\000.\0009\000.\0004\000.\0002\000\040\000i\000t}{subsection.5.9.4}% 126
\BOOKMARK [1][-]{section.5.10}{\376\377\0005\000.\0001\0000\000\040\000E\000c\000o\000n\000o\000m\000y\000\040\000C\000l\000a\000s\000s\000\040\000R\000e\000f\000e\000r\000e\000n\000c\000e}{chapter.5}% 127
\BOOKMARK [2][-]{subsection.5.10.1}{\376\377\0005\000.\0001\0000\000.\0001\000\040\000M\000e\000m\000b\000e\000r\000\040\000D\000a\000t\000a\000\040\000D\000o\000c\000u\000m\000e\000n\000t\000a\000t\000i\000o\000n}{section.5.10}% 128
\BOOKMARK [3][-]{subsubsection.5.10.1.1}{\376\377\0005\000.\0001\0000\000.\0001\000.\0001\000\040\000s\000t\000a\000t\000e}{subsection.5.10.1}% 129
\BOOKMARK [1][-]{section.5.11}{\376\377\0005\000.\0001\0001\000\040\000F\000a\000c\000t\000o\000r\000y\000\040\000C\000l\000a\000s\000s\000\040\000R\000e\000f\000e\000r\000e\000n\000c\000e}{chapter.5}% 130
\BOOKMARK [2][-]{subsection.5.11.1}{\376\377\0005\000.\0001\0001\000.\0001\000\040\000C\000o\000n\000s\000t\000r\000u\000c\000t\000o\000r\000\040\000\046\000\040\000D\000e\000s\000t\000r\000u\000c\000t\000o\000r\000\040\000D\000o\000c\000u\000m\000e\000n\000t\000a\000t\000i\000o\000n}{section.5.11}% 131
\BOOKMARK [3][-]{subsubsection.5.11.1.1}{\376\377\0005\000.\0001\0001\000.\0001\000.\0001\000\040\000\040\000F\000a\000c\000t\000o\000r\000y\000\050\000\051}{subsection.5.11.1}% 132
\BOOKMARK [2][-]{subsection.5.11.2}{\376\377\0005\000.\0001\0001\000.\0002\000\040\000M\000e\000m\000b\000e\000r\000\040\000F\000u\000n\000c\000t\000i\000o\000n\000\040\000D\000o\000c\000u\000m\000e\000n\000t\000a\000t\000i\000o\000n}{section.5.11}% 133
\BOOKMARK [3][-]{subsubsection.5.11.2.1}{\376\377\0005\000.\0001\0001\000.\0002\000.\0001\000\040\000g\000e\000t\000S\000u\000p\000p\000l\000y\000\050\000\051}{subsection.5.11.2}% 134
\BOOKMARK [3][-]{subsubsection.5.11.2.2}{\376\377\0005\000.\0001\0001\000.\0002\000.\0002\000\040\000m\000a\000k\000e\000\050\000\051}{subsection.5.11.2}% 135
\BOOKMARK [3][-]{subsubsection.5.11.2.3}{\376\377\0005\000.\0001\0001\000.\0002\000.\0003\000\040\000o\000p\000e\000r\000a\000t\000i\000o\000n\000\050\000\051}{subsection.5.11.2}% 136
\BOOKMARK [1][-]{section.5.12}{\376\377\0005\000.\0001\0002\000\040\000F\000a\000i\000l\000e\000d\000S\000t\000a\000t\000e\000\040\000C\000l\000a\000s\000s\000\040\000R\000e\000f\000e\000r\000e\000n\000c\000e}{chapter.5}% 137
\BOOKMARK [2][-]{subsection.5.12.1}{\376\377\0005\000.\0001\0002\000.\0001\000\040\000D\000e\000t\000a\000i\000l\000e\000d\000\040\000D\000e\000s\000c\000r\000i\000p\000t\000i\000o\000n}{section.5.12}% 138
\BOOKMARK [2][-]{subsection.5.12.2}{\376\377\0005\000.\0001\0002\000.\0002\000\040\000M\000e\000m\000b\000e\000r\000\040\000F\000u\000n\000c\000t\000i\000o\000n\000\040\000D\000o\000c\000u\000m\000e\000n\000t\000a\000t\000i\000o\000n}{section.5.12}% 139
\BOOKMARK [3][-]{subsubsection.5.12.2.1}{\376\377\0005\000.\0001\0002\000.\0002\000.\0001\000\040\000d\000e\000c\000r\000e\000a\000s\000e\000C\000u\000r\000r\000e\000n\000c\000y\000\050\000\051}{subsection.5.12.2}% 140
\BOOKMARK [1][-]{section.5.13}{\376\377\0005\000.\0001\0003\000\040\000F\000o\000o\000d\000F\000a\000c\000\040\000C\000l\000a\000s\000s\000\040\000R\000e\000f\000e\000r\000e\000n\000c\000e}{chapter.5}% 141
\BOOKMARK [2][-]{subsection.5.13.1}{\376\377\0005\000.\0001\0003\000.\0001\000\040\000M\000e\000m\000b\000e\000r\000\040\000F\000u\000n\000c\000t\000i\000o\000n\000\040\000D\000o\000c\000u\000m\000e\000n\000t\000a\000t\000i\000o\000n}{section.5.13}% 142
\BOOKMARK [3][-]{subsubsection.5.13.1.1}{\376\377\0005\000.\0001\0003\000.\0001\000.\0001\000\040\000m\000a\000k\000e\000\050\000\051}{subsection.5.13.1}% 143
\BOOKMARK [1][-]{section.5.14}{\376\377\0005\000.\0001\0004\000\040\000F\000o\000o\000d\000S\000u\000p\000p\000\040\000C\000l\000a\000s\000s\000\040\000R\000e\000f\000e\000r\000e\000n\000c\000e}{chapter.5}% 144
\BOOKMARK [2][-]{subsection.5.14.1}{\376\377\0005\000.\0001\0004\000.\0001\000\040\000M\000e\000m\000b\000e\000r\000\040\000F\000u\000n\000c\000t\000i\000o\000n\000\040\000D\000o\000c\000u\000m\000e\000n\000t\000a\000t\000i\000o\000n}{section.5.14}% 145
\BOOKMARK [3][-]{subsubsection.5.14.1.1}{\376\377\0005\000.\0001\0004\000.\0001\000.\0001\000\040\000g\000e\000t\000A\000m\000o\000u\000n\000t\000\050\000\051}{subsection.5.14.1}% 146
\BOOKMARK [1][-]{section.5.15}{\376\377\0005\000.\0001\0005\000\040\000F\000o\000o\000d\000W\000a\000g\000o\000n\000\040\000C\000l\000a\000s\000s\000\040\000R\000e\000f\000e\000r\000e\000n\000c\000e}{chapter.5}% 147
\BOOKMARK [1][-]{section.5.16}{\376\377\0005\000.\0001\0006\000\040\000H\000e\000a\000l\000t\000h\000y\000S\000t\000a\000t\000e\000\040\000C\000l\000a\000s\000s\000\040\000R\000e\000f\000e\000r\000e\000n\000c\000e}{chapter.5}% 148
\BOOKMARK [2][-]{subsection.5.16.1}{\376\377\0005\000.\0001\0006\000.\0001\000\040\000D\000e\000t\000a\000i\000l\000e\000d\000\040\000D\000e\000s\000c\000r\000i\000p\000t\000i\000o\000n}{section.5.16}% 149
\BOOKMARK [2][-]{subsection.5.16.2}{\376\377\0005\000.\0001\0006\000.\0002\000\040\000M\000e\000m\000b\000e\000r\000\040\000F\000u\000n\000c\000t\000i\000o\000n\000\040\000D\000o\000c\000u\000m\000e\000n\000t\000a\000t\000i\000o\000n}{section.5.16}% 150
\BOOKMARK [3][-]{subsubsection.5.16.2.1}{\376\377\0005\000.\0001\0006\000.\0002\000.\0001\000\040\000d\000e\000c\000r\000e\000a\000s\000e\000C\000u\000r\000r\000e\000n\000c\000y\000\050\000\051}{subsection.5.16.2}% 151
\BOOKMARK [3][-]{subsubsection.5.16.2.2}{\376\377\0005\000.\0001\0006\000.\0002\000.\0002\000\040\000g\000e\000t\000D\000e\000m\000o\000t\000i\000o\000n\000S\000t\000a\000t\000e\000\050\000\051}{subsection.5.16.2}% 152
\BOOKMARK [1][-]{section.5.17}{\376\377\0005\000.\0001\0007\000\040\000H\000i\000s\000t\000o\000r\000i\000a\000n\000\040\000C\000l\000a\000s\000s\000\040\000R\000e\000f\000e\000r\000e\000n\000c\000e}{chapter.5}% 153
\BOOKMARK [2][-]{subsection.5.17.1}{\376\377\0005\000.\0001\0007\000.\0001\000\040\000C\000o\000n\000s\000t\000r\000u\000c\000t\000o\000r\000\040\000\046\000\040\000D\000e\000s\000t\000r\000u\000c\000t\000o\000r\000\040\000D\000o\000c\000u\000m\000e\000n\000t\000a\000t\000i\000o\000n}{section.5.17}% 154
\BOOKMARK [3][-]{subsubsection.5.17.1.1}{\376\377\0005\000.\0001\0007\000.\0001\000.\0001\000\040\000H\000i\000s\000t\000o\000r\000i\000a\000n\000\050\000\051}{subsection.5.17.1}% 155
\BOOKMARK [2][-]{subsection.5.17.2}{\376\377\0005\000.\0001\0007\000.\0002\000\040\000M\000e\000m\000b\000e\000r\000\040\000F\000u\000n\000c\000t\000i\000o\000n\000\040\000D\000o\000c\000u\000m\000e\000n\000t\000a\000t\000i\000o\000n}{section.5.17}% 156
\BOOKMARK [3][-]{subsubsection.5.17.2.1}{\376\377\0005\000.\0001\0007\000.\0002\000.\0001\000\040\000r\000e\000s\000t\000o\000r\000e\000A\000l\000l\000y\000\050\000\051}{subsection.5.17.2}% 157
\BOOKMARK [3][-]{subsubsection.5.17.2.2}{\376\377\0005\000.\0001\0007\000.\0002\000.\0002\000\040\000s\000e\000t\000A\000l\000l\000y\000\050\000\051}{subsection.5.17.2}% 158
\BOOKMARK [1][-]{section.5.18}{\376\377\0005\000.\0001\0008\000\040\000H\000i\000s\000t\000o\000r\000y\000\040\000C\000l\000a\000s\000s\000\040\000R\000e\000f\000e\000r\000e\000n\000c\000e}{chapter.5}% 159
\BOOKMARK [2][-]{subsection.5.18.1}{\376\377\0005\000.\0001\0008\000.\0001\000\040\000C\000o\000n\000s\000t\000r\000u\000c\000t\000o\000r\000\040\000\046\000\040\000D\000e\000s\000t\000r\000u\000c\000t\000o\000r\000\040\000D\000o\000c\000u\000m\000e\000n\000t\000a\000t\000i\000o\000n}{section.5.18}% 160
\BOOKMARK [3][-]{subsubsection.5.18.1.1}{\376\377\0005\000.\0001\0008\000.\0001\000.\0001\000\040\000H\000i\000s\000t\000o\000r\000y\000\050\000\051}{subsection.5.18.1}% 161
\BOOKMARK [2][-]{subsection.5.18.2}{\376\377\0005\000.\0001\0008\000.\0002\000\040\000M\000e\000m\000b\000e\000r\000\040\000F\000u\000n\000c\000t\000i\000o\000n\000\040\000D\000o\000c\000u\000m\000e\000n\000t\000a\000t\000i\000o\000n}{section.5.18}% 162
\BOOKMARK [3][-]{subsubsection.5.18.2.1}{\376\377\0005\000.\0001\0008\000.\0002\000.\0001\000\040\000g\000e\000t\000B\000a\000n\000n\000e\000r\000m\000a\000n\000\050\000\051}{subsection.5.18.2}% 163
\BOOKMARK [1][-]{section.5.19}{\376\377\0005\000.\0001\0009\000\040\000H\000i\000s\000t\000o\000r\000y\000B\000o\000o\000k\000\040\000C\000l\000a\000s\000s\000\040\000R\000e\000f\000e\000r\000e\000n\000c\000e}{chapter.5}% 164
\BOOKMARK [2][-]{subsection.5.19.1}{\376\377\0005\000.\0001\0009\000.\0001\000\040\000M\000e\000m\000b\000e\000r\000\040\000F\000u\000n\000c\000t\000i\000o\000n\000\040\000D\000o\000c\000u\000m\000e\000n\000t\000a\000t\000i\000o\000n}{section.5.19}% 165
\BOOKMARK [3][-]{subsubsection.5.19.1.1}{\376\377\0005\000.\0001\0009\000.\0001\000.\0001\000\040\000a\000d\000d\000\050\000\051}{subsection.5.19.1}% 166
\BOOKMARK [3][-]{subsubsection.5.19.1.2}{\376\377\0005\000.\0001\0009\000.\0001\000.\0002\000\040\000r\000e\000s\000t\000o\000r\000e\000A\000l\000l\000y\000\050\000\051}{subsection.5.19.1}% 167
\BOOKMARK [1][-]{section.5.20}{\376\377\0005\000.\0002\0000\000\040\000I\000t\000e\000r\000a\000t\000o\000r\000\040\000C\000l\000a\000s\000s\000\040\000R\000e\000f\000e\000r\000e\000n\000c\000e}{chapter.5}% 168
\BOOKMARK [2][-]{subsection.5.20.1}{\376\377\0005\000.\0002\0000\000.\0001\000\040\000D\000e\000t\000a\000i\000l\000e\000d\000\040\000D\000e\000s\000c\000r\000i\000p\000t\000i\000o\000n}{section.5.20}% 169
\BOOKMARK [2][-]{subsection.5.20.2}{\376\377\0005\000.\0002\0000\000.\0002\000\040\000M\000e\000m\000b\000e\000r\000\040\000F\000u\000n\000c\000t\000i\000o\000n\000\040\000D\000o\000c\000u\000m\000e\000n\000t\000a\000t\000i\000o\000n}{section.5.20}% 170
\BOOKMARK [3][-]{subsubsection.5.20.2.1}{\376\377\0005\000.\0002\0000\000.\0002\000.\0001\000\040\000C\000u\000r\000r\000e\000n\000t\000\050\000\051}{subsection.5.20.2}% 171
\BOOKMARK [3][-]{subsubsection.5.20.2.2}{\376\377\0005\000.\0002\0000\000.\0002\000.\0002\000\040\000h\000a\000s\000N\000e\000x\000t\000\050\000\051}{subsection.5.20.2}% 172
\BOOKMARK [3][-]{subsubsection.5.20.2.3}{\376\377\0005\000.\0002\0000\000.\0002\000.\0003\000\040\000i\000s\000A\000c\000t\000i\000v\000e\000\050\000\051}{subsection.5.20.2}% 173
\BOOKMARK [3][-]{subsubsection.5.20.2.4}{\376\377\0005\000.\0002\0000\000.\0002\000.\0004\000\040\000n\000e\000x\000t\000\050\000\051}{subsection.5.20.2}% 174
\BOOKMARK [1][-]{section.5.21}{\376\377\0005\000.\0002\0001\000\040\000K\000i\000n\000g\000d\000o\000m\000\040\000C\000l\000a\000s\000s\000\040\000R\000e\000f\000e\000r\000e\000n\000c\000e}{chapter.5}% 175
\BOOKMARK [2][-]{subsection.5.21.1}{\376\377\0005\000.\0002\0001\000.\0001\000\040\000D\000e\000t\000a\000i\000l\000e\000d\000\040\000D\000e\000s\000c\000r\000i\000p\000t\000i\000o\000n}{section.5.21}% 176
\BOOKMARK [2][-]{subsection.5.21.2}{\376\377\0005\000.\0002\0001\000.\0002\000\040\000C\000o\000n\000s\000t\000r\000u\000c\000t\000o\000r\000\040\000\046\000\040\000D\000e\000s\000t\000r\000u\000c\000t\000o\000r\000\040\000D\000o\000c\000u\000m\000e\000n\000t\000a\000t\000i\000o\000n}{section.5.21}% 177
\BOOKMARK [3][-]{subsubsection.5.21.2.1}{\376\377\0005\000.\0002\0001\000.\0002\000.\0001\000\040\000K\000i\000n\000g\000d\000o\000m\000\050\000\051}{subsection.5.21.2}% 178
\BOOKMARK [3][-]{subsubsection.5.21.2.2}{\376\377\0005\000.\0002\0001\000.\0002\000.\0002\000\040\000\040\000K\000i\000n\000g\000d\000o\000m\000\050\000\051}{subsection.5.21.2}% 179
\BOOKMARK [2][-]{subsection.5.21.3}{\376\377\0005\000.\0002\0001\000.\0003\000\040\000M\000e\000m\000b\000e\000r\000\040\000F\000u\000n\000c\000t\000i\000o\000n\000\040\000D\000o\000c\000u\000m\000e\000n\000t\000a\000t\000i\000o\000n}{section.5.21}% 180
\BOOKMARK [3][-]{subsubsection.5.21.3.1}{\376\377\0005\000.\0002\0001\000.\0003\000.\0001\000\040\000a\000d\000d\000\050\000\051}{subsection.5.21.3}% 181
\BOOKMARK [3][-]{subsubsection.5.21.3.2}{\376\377\0005\000.\0002\0001\000.\0003\000.\0002\000\040\000r\000e\000m\000o\000v\000e\000\050\000\051}{subsection.5.21.3}% 182
\BOOKMARK [2][-]{subsection.5.21.4}{\376\377\0005\000.\0002\0001\000.\0004\000\040\000M\000e\000m\000b\000e\000r\000\040\000D\000a\000t\000a\000\040\000D\000o\000c\000u\000m\000e\000n\000t\000a\000t\000i\000o\000n}{section.5.21}% 183
\BOOKMARK [3][-]{subsubsection.5.21.4.1}{\376\377\0005\000.\0002\0001\000.\0004\000.\0001\000\040\000b\000a\000n\000n\000e\000r\000m\000a\000n}{subsection.5.21.4}% 184
\BOOKMARK [3][-]{subsubsection.5.21.4.2}{\376\377\0005\000.\0002\0001\000.\0004\000.\0002\000\040\000e\000c\000o\000n\000o\000m\000y}{subsection.5.21.4}% 185
\BOOKMARK [1][-]{section.5.22}{\376\377\0005\000.\0002\0002\000\040\000L\000o\000c\000a\000t\000i\000o\000n\000\040\000C\000l\000a\000s\000s\000\040\000R\000e\000f\000e\000r\000e\000n\000c\000e}{chapter.5}% 186
\BOOKMARK [2][-]{subsection.5.22.1}{\376\377\0005\000.\0002\0002\000.\0001\000\040\000D\000e\000t\000a\000i\000l\000e\000d\000\040\000D\000e\000s\000c\000r\000i\000p\000t\000i\000o\000n}{section.5.22}% 187
\BOOKMARK [2][-]{subsection.5.22.2}{\376\377\0005\000.\0002\0002\000.\0002\000\040\000M\000e\000m\000b\000e\000r\000\040\000F\000u\000n\000c\000t\000i\000o\000n\000\040\000D\000o\000c\000u\000m\000e\000n\000t\000a\000t\000i\000o\000n}{section.5.22}% 188
\BOOKMARK [3][-]{subsubsection.5.22.2.1}{\376\377\0005\000.\0002\0002\000.\0002\000.\0001\000\040\000s\000e\000n\000d\000S\000c\000o\000u\000t\000\050\000\051}{subsection.5.22.2}% 189
\BOOKMARK [1][-]{section.5.23}{\376\377\0005\000.\0002\0003\000\040\000M\000a\000s\000t\000e\000r\000O\000f\000C\000o\000i\000n\000\040\000C\000l\000a\000s\000s\000\040\000R\000e\000f\000e\000r\000e\000n\000c\000e}{chapter.5}% 190
\BOOKMARK [2][-]{subsection.5.23.1}{\376\377\0005\000.\0002\0003\000.\0001\000\040\000D\000e\000t\000a\000i\000l\000e\000d\000\040\000D\000e\000s\000c\000r\000i\000p\000t\000i\000o\000n}{section.5.23}% 191
\BOOKMARK [2][-]{subsection.5.23.2}{\376\377\0005\000.\0002\0003\000.\0002\000\040\000C\000o\000n\000s\000t\000r\000u\000c\000t\000o\000r\000\040\000\046\000\040\000D\000e\000s\000t\000r\000u\000c\000t\000o\000r\000\040\000D\000o\000c\000u\000m\000e\000n\000t\000a\000t\000i\000o\000n}{section.5.23}% 192
\BOOKMARK [3][-]{subsubsection.5.23.2.1}{\376\377\0005\000.\0002\0003\000.\0002\000.\0001\000\040\000M\000a\000s\000t\000e\000r\000O\000f\000C\000o\000i\000n\000\050\000\051}{subsection.5.23.2}% 193
\BOOKMARK [2][-]{subsection.5.23.3}{\376\377\0005\000.\0002\0003\000.\0003\000\040\000M\000e\000m\000b\000e\000r\000\040\000F\000u\000n\000c\000t\000i\000o\000n\000\040\000D\000o\000c\000u\000m\000e\000n\000t\000a\000t\000i\000o\000n}{section.5.23}% 194
\BOOKMARK [3][-]{subsubsection.5.23.3.1}{\376\377\0005\000.\0002\0003\000.\0003\000.\0001\000\040\000n\000o\000t\000i\000f\000y\000\050\000\051}{subsection.5.23.3}% 195
\BOOKMARK [1][-]{section.5.24}{\376\377\0005\000.\0002\0004\000\040\000M\000e\000d\000i\000c\000a\000l\000F\000a\000c\000\040\000C\000l\000a\000s\000s\000\040\000R\000e\000f\000e\000r\000e\000n\000c\000e}{chapter.5}% 196
\BOOKMARK [2][-]{subsection.5.24.1}{\376\377\0005\000.\0002\0004\000.\0001\000\040\000M\000e\000m\000b\000e\000r\000\040\000F\000u\000n\000c\000t\000i\000o\000n\000\040\000D\000o\000c\000u\000m\000e\000n\000t\000a\000t\000i\000o\000n}{section.5.24}% 197
\BOOKMARK [3][-]{subsubsection.5.24.1.1}{\376\377\0005\000.\0002\0004\000.\0001\000.\0001\000\040\000m\000a\000k\000e\000\050\000\051}{subsection.5.24.1}% 198
\BOOKMARK [1][-]{section.5.25}{\376\377\0005\000.\0002\0005\000\040\000M\000e\000d\000i\000c\000a\000l\000S\000u\000p\000p\000\040\000C\000l\000a\000s\000s\000\040\000R\000e\000f\000e\000r\000e\000n\000c\000e}{chapter.5}% 199
\BOOKMARK [2][-]{subsection.5.25.1}{\376\377\0005\000.\0002\0005\000.\0001\000\040\000M\000e\000m\000b\000e\000r\000\040\000F\000u\000n\000c\000t\000i\000o\000n\000\040\000D\000o\000c\000u\000m\000e\000n\000t\000a\000t\000i\000o\000n}{section.5.25}% 200
\BOOKMARK [3][-]{subsubsection.5.25.1.1}{\376\377\0005\000.\0002\0005\000.\0001\000.\0001\000\040\000g\000e\000t\000A\000m\000o\000u\000n\000t\000\050\000\051}{subsection.5.25.1}% 201
\BOOKMARK [1][-]{section.5.26}{\376\377\0005\000.\0002\0006\000\040\000M\000e\000d\000i\000c\000a\000l\000W\000a\000g\000o\000n\000\040\000C\000l\000a\000s\000s\000\040\000R\000e\000f\000e\000r\000e\000n\000c\000e}{chapter.5}% 202
\BOOKMARK [1][-]{section.5.27}{\376\377\0005\000.\0002\0007\000\040\000R\000a\000v\000e\000n\000\040\000C\000l\000a\000s\000s\000\040\000R\000e\000f\000e\000r\000e\000n\000c\000e}{chapter.5}% 203
\BOOKMARK [2][-]{subsection.5.27.1}{\376\377\0005\000.\0002\0007\000.\0001\000\040\000D\000e\000t\000a\000i\000l\000e\000d\000\040\000D\000e\000s\000c\000r\000i\000p\000t\000i\000o\000n}{section.5.27}% 204
\BOOKMARK [2][-]{subsection.5.27.2}{\376\377\0005\000.\0002\0007\000.\0002\000\040\000M\000e\000m\000b\000e\000r\000\040\000F\000u\000n\000c\000t\000i\000o\000n\000\040\000D\000o\000c\000u\000m\000e\000n\000t\000a\000t\000i\000o\000n}{section.5.27}% 205
\BOOKMARK [3][-]{subsubsection.5.27.2.1}{\376\377\0005\000.\0002\0007\000.\0002\000.\0001\000\040\000u\000p\000d\000a\000t\000e\000\050\000\051}{subsection.5.27.2}% 206
\BOOKMARK [1][-]{section.5.28}{\376\377\0005\000.\0002\0008\000\040\000s\000e\000n\000d\000R\000a\000v\000e\000n\000\040\000C\000l\000a\000s\000s\000\040\000R\000e\000f\000e\000r\000e\000n\000c\000e}{chapter.5}% 207
\BOOKMARK [2][-]{subsection.5.28.1}{\376\377\0005\000.\0002\0008\000.\0001\000\040\000D\000e\000t\000a\000i\000l\000e\000d\000\040\000D\000e\000s\000c\000r\000i\000p\000t\000i\000o\000n}{section.5.28}% 208
\BOOKMARK [2][-]{subsection.5.28.2}{\376\377\0005\000.\0002\0008\000.\0002\000\040\000C\000o\000n\000s\000t\000r\000u\000c\000t\000o\000r\000\040\000\046\000\040\000D\000e\000s\000t\000r\000u\000c\000t\000o\000r\000\040\000D\000o\000c\000u\000m\000e\000n\000t\000a\000t\000i\000o\000n}{section.5.28}% 209
\BOOKMARK [3][-]{subsubsection.5.28.2.1}{\376\377\0005\000.\0002\0008\000.\0002\000.\0001\000\040\000s\000e\000n\000d\000R\000a\000v\000e\000n\000\050\000\051}{subsection.5.28.2}% 210
\BOOKMARK [2][-]{subsection.5.28.3}{\376\377\0005\000.\0002\0008\000.\0003\000\040\000M\000e\000m\000b\000e\000r\000\040\000F\000u\000n\000c\000t\000i\000o\000n\000\040\000D\000o\000c\000u\000m\000e\000n\000t\000a\000t\000i\000o\000n}{section.5.28}% 211
\BOOKMARK [3][-]{subsubsection.5.28.3.1}{\376\377\0005\000.\0002\0008\000.\0003\000.\0001\000\040\000u\000p\000d\000a\000t\000e\000\050\000\051}{subsection.5.28.3}% 212
\BOOKMARK [1][-]{section.5.29}{\376\377\0005\000.\0002\0009\000\040\000S\000i\000e\000g\000e\000\040\000C\000l\000a\000s\000s\000\040\000R\000e\000f\000e\000r\000e\000n\000c\000e}{chapter.5}% 213
\BOOKMARK [2][-]{subsection.5.29.1}{\376\377\0005\000.\0002\0009\000.\0001\000\040\000D\000e\000t\000a\000i\000l\000e\000d\000\040\000D\000e\000s\000c\000r\000i\000p\000t\000i\000o\000n}{section.5.29}% 214
\BOOKMARK [2][-]{subsection.5.29.2}{\376\377\0005\000.\0002\0009\000.\0002\000\040\000C\000o\000n\000s\000t\000r\000u\000c\000t\000o\000r\000\040\000\046\000\040\000D\000e\000s\000t\000r\000u\000c\000t\000o\000r\000\040\000D\000o\000c\000u\000m\000e\000n\000t\000a\000t\000i\000o\000n}{section.5.29}% 215
\BOOKMARK [3][-]{subsubsection.5.29.2.1}{\376\377\0005\000.\0002\0009\000.\0002\000.\0001\000\040\000S\000i\000e\000g\000e\000\050\000\051}{subsection.5.29.2}% 216
\BOOKMARK [3][-]{subsubsection.5.29.2.2}{\376\377\0005\000.\0002\0009\000.\0002\000.\0002\000\040\000\040\000S\000i\000e\000g\000e\000\050\000\051}{subsection.5.29.2}% 217
\BOOKMARK [2][-]{subsection.5.29.3}{\376\377\0005\000.\0002\0009\000.\0003\000\040\000M\000e\000m\000b\000e\000r\000\040\000F\000u\000n\000c\000t\000i\000o\000n\000\040\000D\000o\000c\000u\000m\000e\000n\000t\000a\000t\000i\000o\000n}{section.5.29}% 218
\BOOKMARK [3][-]{subsubsection.5.29.3.1}{\376\377\0005\000.\0002\0009\000.\0003\000.\0001\000\040\000a\000t\000t\000a\000c\000k\000\050\000\051}{subsection.5.29.3}% 219
\BOOKMARK [1][-]{section.5.30}{\376\377\0005\000.\0003\0000\000\040\000S\000t\000a\000t\000e\000\040\000C\000l\000a\000s\000s\000\040\000R\000e\000f\000e\000r\000e\000n\000c\000e}{chapter.5}% 220
\BOOKMARK [2][-]{subsection.5.30.1}{\376\377\0005\000.\0003\0000\000.\0001\000\040\000D\000e\000t\000a\000i\000l\000e\000d\000\040\000D\000e\000s\000c\000r\000i\000p\000t\000i\000o\000n}{section.5.30}% 221
\BOOKMARK [2][-]{subsection.5.30.2}{\376\377\0005\000.\0003\0000\000.\0002\000\040\000C\000o\000n\000s\000t\000r\000u\000c\000t\000o\000r\000\040\000\046\000\040\000D\000e\000s\000t\000r\000u\000c\000t\000o\000r\000\040\000D\000o\000c\000u\000m\000e\000n\000t\000a\000t\000i\000o\000n}{section.5.30}% 222
\BOOKMARK [3][-]{subsubsection.5.30.2.1}{\376\377\0005\000.\0003\0000\000.\0002\000.\0001\000\040\000\040\000S\000t\000a\000t\000e\000\050\000\051}{subsection.5.30.2}% 223
\BOOKMARK [2][-]{subsection.5.30.3}{\376\377\0005\000.\0003\0000\000.\0003\000\040\000M\000e\000m\000b\000e\000r\000\040\000F\000u\000n\000c\000t\000i\000o\000n\000\040\000D\000o\000c\000u\000m\000e\000n\000t\000a\000t\000i\000o\000n}{section.5.30}% 224
\BOOKMARK [3][-]{subsubsection.5.30.3.1}{\376\377\0005\000.\0003\0000\000.\0003\000.\0001\000\040\000d\000e\000c\000r\000e\000a\000s\000e\000C\000u\000r\000r\000e\000n\000c\000y\000\050\000\051}{subsection.5.30.3}% 225
\BOOKMARK [3][-]{subsubsection.5.30.3.2}{\376\377\0005\000.\0003\0000\000.\0003\000.\0002\000\040\000g\000e\000t\000D\000e\000m\000o\000t\000i\000o\000n\000S\000t\000a\000t\000e\000\050\000\051}{subsection.5.30.3}% 226
\BOOKMARK [3][-]{subsubsection.5.30.3.3}{\376\377\0005\000.\0003\0000\000.\0003\000.\0003\000\040\000s\000e\000t\000C\000o\000n\000t\000e\000x\000t\000\050\000\051}{subsection.5.30.3}% 227
\BOOKMARK [2][-]{subsection.5.30.4}{\376\377\0005\000.\0003\0000\000.\0004\000\040\000M\000e\000m\000b\000e\000r\000\040\000D\000a\000t\000a\000\040\000D\000o\000c\000u\000m\000e\000n\000t\000a\000t\000i\000o\000n}{section.5.30}% 228
\BOOKMARK [3][-]{subsubsection.5.30.4.1}{\376\377\0005\000.\0003\0000\000.\0004\000.\0001\000\040\000c\000o\000n\000t\000e\000x\000t}{subsection.5.30.4}% 229
\BOOKMARK [1][-]{section.5.31}{\376\377\0005\000.\0003\0001\000\040\000S\000t\000r\000a\000t\000e\000g\000y\000\040\000C\000l\000a\000s\000s\000\040\000R\000e\000f\000e\000r\000e\000n\000c\000e}{chapter.5}% 230
\BOOKMARK [2][-]{subsection.5.31.1}{\376\377\0005\000.\0003\0001\000.\0001\000\040\000D\000e\000t\000a\000i\000l\000e\000d\000\040\000D\000e\000s\000c\000r\000i\000p\000t\000i\000o\000n}{section.5.31}% 231
\BOOKMARK [2][-]{subsection.5.31.2}{\376\377\0005\000.\0003\0001\000.\0002\000\040\000C\000o\000n\000s\000t\000r\000u\000c\000t\000o\000r\000\040\000\046\000\040\000D\000e\000s\000t\000r\000u\000c\000t\000o\000r\000\040\000D\000o\000c\000u\000m\000e\000n\000t\000a\000t\000i\000o\000n}{section.5.31}% 232
\BOOKMARK [3][-]{subsubsection.5.31.2.1}{\376\377\0005\000.\0003\0001\000.\0002\000.\0001\000\040\000S\000t\000r\000a\000t\000e\000g\000y\000\050\000\051}{subsection.5.31.2}% 233
\BOOKMARK [3][-]{subsubsection.5.31.2.2}{\376\377\0005\000.\0003\0001\000.\0002\000.\0002\000\040\000\040\000S\000t\000r\000a\000t\000e\000g\000y\000\050\000\051}{subsection.5.31.2}% 234
\BOOKMARK [2][-]{subsection.5.31.3}{\376\377\0005\000.\0003\0001\000.\0003\000\040\000M\000e\000m\000b\000e\000r\000\040\000F\000u\000n\000c\000t\000i\000o\000n\000\040\000D\000o\000c\000u\000m\000e\000n\000t\000a\000t\000i\000o\000n}{section.5.31}% 235
\BOOKMARK [3][-]{subsubsection.5.31.3.1}{\376\377\0005\000.\0003\0001\000.\0003\000.\0001\000\040\000a\000t\000t\000a\000c\000k\000\050\000\051}{subsection.5.31.3}% 236
\BOOKMARK [3][-]{subsubsection.5.31.3.2}{\376\377\0005\000.\0003\0001\000.\0003\000.\0002\000\040\000g\000e\000t\000E\000n\000e\000m\000y\000B\000a\000n\000n\000e\000r\000m\000a\000n\000\050\000\051}{subsection.5.31.3}% 237
\BOOKMARK [3][-]{subsubsection.5.31.3.3}{\376\377\0005\000.\0003\0001\000.\0003\000.\0003\000\040\000g\000e\000t\000M\000y\000B\000a\000n\000n\000e\000r\000m\000a\000n\000\050\000\051}{subsection.5.31.3}% 238
\BOOKMARK [3][-]{subsubsection.5.31.3.4}{\376\377\0005\000.\0003\0001\000.\0003\000.\0004\000\040\000g\000e\000t\000S\000t\000r\000a\000t\000e\000g\000y\000N\000a\000m\000e\000\050\000\051}{subsection.5.31.3}% 239
\BOOKMARK [2][-]{subsection.5.31.4}{\376\377\0005\000.\0003\0001\000.\0004\000\040\000M\000e\000m\000b\000e\000r\000\040\000D\000a\000t\000a\000\040\000D\000o\000c\000u\000m\000e\000n\000t\000a\000t\000i\000o\000n}{section.5.31}% 240
\BOOKMARK [3][-]{subsubsection.5.31.4.1}{\376\377\0005\000.\0003\0001\000.\0004\000.\0001\000\040\000e\000n\000e\000m\000y\000B\000a\000n\000n\000e\000r\000m\000a\000n}{subsection.5.31.4}% 241
\BOOKMARK [3][-]{subsubsection.5.31.4.2}{\376\377\0005\000.\0003\0001\000.\0004\000.\0002\000\040\000e\000n\000e\000m\000y\000K\000i\000n\000g\000d\000o\000m}{subsection.5.31.4}% 242
\BOOKMARK [3][-]{subsubsection.5.31.4.3}{\376\377\0005\000.\0003\0001\000.\0004\000.\0003\000\040\000m\000i\000n\000F\000a\000v\000o\000u\000r}{subsection.5.31.4}% 243
\BOOKMARK [3][-]{subsubsection.5.31.4.4}{\376\377\0005\000.\0003\0001\000.\0004\000.\0004\000\040\000m\000i\000n\000S\000u\000p\000p\000l\000i\000e\000s}{subsection.5.31.4}% 244
\BOOKMARK [3][-]{subsubsection.5.31.4.5}{\376\377\0005\000.\0003\0001\000.\0004\000.\0005\000\040\000m\000y\000B\000a\000n\000n\000e\000r\000m\000a\000n}{subsection.5.31.4}% 245
\BOOKMARK [3][-]{subsubsection.5.31.4.6}{\376\377\0005\000.\0003\0001\000.\0004\000.\0006\000\040\000m\000y\000K\000i\000n\000g\000d\000o\000m}{subsection.5.31.4}% 246
\BOOKMARK [3][-]{subsubsection.5.31.4.7}{\376\377\0005\000.\0003\0001\000.\0004\000.\0007\000\040\000s\000t\000r\000a\000t\000e\000g\000y}{subsection.5.31.4}% 247
\BOOKMARK [1][-]{section.5.32}{\376\377\0005\000.\0003\0002\000\040\000S\000u\000p\000p\000l\000y\000W\000a\000g\000o\000n\000\040\000C\000l\000a\000s\000s\000\040\000R\000e\000f\000e\000r\000e\000n\000c\000e}{chapter.5}% 248
\BOOKMARK [2][-]{subsection.5.32.1}{\376\377\0005\000.\0003\0002\000.\0001\000\040\000M\000e\000m\000b\000e\000r\000\040\000F\000u\000n\000c\000t\000i\000o\000n\000\040\000D\000o\000c\000u\000m\000e\000n\000t\000a\000t\000i\000o\000n}{section.5.32}% 249
\BOOKMARK [3][-]{subsubsection.5.32.1.1}{\376\377\0005\000.\0003\0002\000.\0001\000.\0001\000\040\000c\000l\000o\000n\000e\000\050\000\051}{subsection.5.32.1}% 250
\BOOKMARK [3][-]{subsubsection.5.32.1.2}{\376\377\0005\000.\0003\0002\000.\0001\000.\0002\000\040\000g\000e\000t\000S\000u\000p\000p\000l\000i\000e\000s\000\050\000\051}{subsection.5.32.1}% 251
\BOOKMARK [3][-]{subsubsection.5.32.1.3}{\376\377\0005\000.\0003\0002\000.\0001\000.\0003\000\040\000s\000e\000t\000S\000u\000p\000\050\000\051}{subsection.5.32.1}% 252
\BOOKMARK [1][-]{section.5.33}{\376\377\0005\000.\0003\0003\000\040\000T\000o\000p\000o\000l\000o\000g\000y\000\040\000C\000l\000a\000s\000s\000\040\000R\000e\000f\000e\000r\000e\000n\000c\000e}{chapter.5}% 253
\BOOKMARK [2][-]{subsection.5.33.1}{\376\377\0005\000.\0003\0003\000.\0001\000\040\000D\000e\000t\000a\000i\000l\000e\000d\000\040\000D\000e\000s\000c\000r\000i\000p\000t\000i\000o\000n}{section.5.33}% 254
\BOOKMARK [2][-]{subsection.5.33.2}{\376\377\0005\000.\0003\0003\000.\0002\000\040\000M\000e\000m\000b\000e\000r\000\040\000F\000u\000n\000c\000t\000i\000o\000n\000\040\000D\000o\000c\000u\000m\000e\000n\000t\000a\000t\000i\000o\000n}{section.5.33}% 255
\BOOKMARK [3][-]{subsubsection.5.33.2.1}{\376\377\0005\000.\0003\0003\000.\0002\000.\0001\000\040\000g\000e\000t\000T\000o\000p\000o\000l\000o\000g\000y\000\050\000\051}{subsection.5.33.2}% 256
\BOOKMARK [3][-]{subsubsection.5.33.2.2}{\376\377\0005\000.\0003\0003\000.\0002\000.\0002\000\040\000s\000e\000n\000d\000S\000c\000o\000u\000t\000\050\000\051}{subsection.5.33.2}% 257
\BOOKMARK [1][-]{section.5.34}{\376\377\0005\000.\0003\0004\000\040\000T\000r\000e\000a\000s\000u\000r\000y\000\040\000C\000l\000a\000s\000s\000\040\000R\000e\000f\000e\000r\000e\000n\000c\000e}{chapter.5}% 258
\BOOKMARK [2][-]{subsection.5.34.1}{\376\377\0005\000.\0003\0004\000.\0001\000\040\000D\000e\000t\000a\000i\000l\000e\000d\000\040\000D\000e\000s\000c\000r\000i\000p\000t\000i\000o\000n}{section.5.34}% 259
\BOOKMARK [1][-]{section.5.35}{\376\377\0005\000.\0003\0005\000\040\000T\000r\000o\000o\000p\000\040\000C\000l\000a\000s\000s\000\040\000R\000e\000f\000e\000r\000e\000n\000c\000e}{chapter.5}% 260
\BOOKMARK [2][-]{subsection.5.35.1}{\376\377\0005\000.\0003\0005\000.\0001\000\040\000D\000e\000t\000a\000i\000l\000e\000d\000\040\000D\000e\000s\000c\000r\000i\000p\000t\000i\000o\000n}{section.5.35}% 261
\BOOKMARK [2][-]{subsection.5.35.2}{\376\377\0005\000.\0003\0005\000.\0002\000\040\000C\000o\000n\000s\000t\000r\000u\000c\000t\000o\000r\000\040\000\046\000\040\000D\000e\000s\000t\000r\000u\000c\000t\000o\000r\000\040\000D\000o\000c\000u\000m\000e\000n\000t\000a\000t\000i\000o\000n}{section.5.35}% 262
\BOOKMARK [3][-]{subsubsection.5.35.2.1}{\376\377\0005\000.\0003\0005\000.\0002\000.\0001\000\040\000\040\000T\000r\000o\000o\000p\000\050\000\051}{subsection.5.35.2}% 263
\BOOKMARK [2][-]{subsection.5.35.3}{\376\377\0005\000.\0003\0005\000.\0003\000\040\000M\000e\000m\000b\000e\000r\000\040\000F\000u\000n\000c\000t\000i\000o\000n\000\040\000D\000o\000c\000u\000m\000e\000n\000t\000a\000t\000i\000o\000n}{section.5.35}% 264
\BOOKMARK [3][-]{subsubsection.5.35.3.1}{\376\377\0005\000.\0003\0005\000.\0003\000.\0001\000\040\000a\000t\000t\000a\000c\000h\000\050\000\051}{subsection.5.35.3}% 265
\BOOKMARK [3][-]{subsubsection.5.35.3.2}{\376\377\0005\000.\0003\0005\000.\0003\000.\0002\000\040\000a\000t\000t\000a\000c\000k\000\050\000\051}{subsection.5.35.3}% 266
\BOOKMARK [3][-]{subsubsection.5.35.3.3}{\376\377\0005\000.\0003\0005\000.\0003\000.\0003\000\040\000c\000h\000a\000n\000g\000e\000S\000t\000r\000a\000t\000e\000g\000y\000\050\000\051}{subsection.5.35.3}% 267
\BOOKMARK [3][-]{subsubsection.5.35.3.4}{\376\377\0005\000.\0003\0005\000.\0003\000.\0004\000\040\000d\000e\000c\000r\000e\000a\000s\000e\000F\000a\000v\000o\000u\000r\000\050\000\051}{subsection.5.35.3}% 268
\BOOKMARK [3][-]{subsubsection.5.35.3.5}{\376\377\0005\000.\0003\0005\000.\0003\000.\0005\000\040\000d\000e\000c\000r\000e\000a\000s\000e\000F\000o\000o\000d\000\050\000\051}{subsection.5.35.3}% 269
\BOOKMARK [3][-]{subsubsection.5.35.3.6}{\376\377\0005\000.\0003\0005\000.\0003\000.\0006\000\040\000d\000e\000c\000r\000e\000a\000s\000e\000M\000e\000d\000i\000c\000a\000l\000\050\000\051}{subsection.5.35.3}% 270
\BOOKMARK [3][-]{subsubsection.5.35.3.7}{\376\377\0005\000.\0003\0005\000.\0003\000.\0007\000\040\000d\000e\000c\000r\000e\000a\000s\000e\000P\000o\000w\000e\000r\000\050\000\051}{subsection.5.35.3}% 271
\BOOKMARK [3][-]{subsubsection.5.35.3.8}{\376\377\0005\000.\0003\0005\000.\0003\000.\0008\000\040\000d\000e\000c\000r\000e\000a\000s\000e\000W\000e\000a\000p\000o\000n\000s\000\050\000\051}{subsection.5.35.3}% 272
\BOOKMARK [3][-]{subsubsection.5.35.3.9}{\376\377\0005\000.\0003\0005\000.\0003\000.\0009\000\040\000d\000e\000t\000a\000c\000h\000\050\000\051}{subsection.5.35.3}% 273
\BOOKMARK [3][-]{subsubsection.5.35.3.10}{\376\377\0005\000.\0003\0005\000.\0003\000.\0001\0000\000\040\000g\000e\000t\000D\000a\000m\000a\000g\000e\000\050\000\051}{subsection.5.35.3}% 274
\BOOKMARK [3][-]{subsubsection.5.35.3.11}{\376\377\0005\000.\0003\0005\000.\0003\000.\0001\0001\000\040\000g\000e\000t\000F\000a\000v\000o\000u\000r\000\050\000\051}{subsection.5.35.3}% 275
\BOOKMARK [3][-]{subsubsection.5.35.3.12}{\376\377\0005\000.\0003\0005\000.\0003\000.\0001\0002\000\040\000g\000e\000t\000F\000o\000o\000d\000\050\000\051}{subsection.5.35.3}% 276
\BOOKMARK [3][-]{subsubsection.5.35.3.13}{\376\377\0005\000.\0003\0005\000.\0003\000.\0001\0003\000\040\000g\000e\000t\000H\000P\000\050\000\051}{subsection.5.35.3}% 277
\BOOKMARK [3][-]{subsubsection.5.35.3.14}{\376\377\0005\000.\0003\0005\000.\0003\000.\0001\0004\000\040\000g\000e\000t\000M\000e\000d\000i\000c\000a\000l\000\050\000\051}{subsection.5.35.3}% 278
\BOOKMARK [3][-]{subsubsection.5.35.3.15}{\376\377\0005\000.\0003\0005\000.\0003\000.\0001\0005\000\040\000g\000e\000t\000S\000i\000z\000e\000\050\000\051}{subsection.5.35.3}% 279
\BOOKMARK [3][-]{subsubsection.5.35.3.16}{\376\377\0005\000.\0003\0005\000.\0003\000.\0001\0006\000\040\000g\000e\000t\000W\000e\000a\000p\000o\000n\000s\000\050\000\051}{subsection.5.35.3}% 280
\BOOKMARK [3][-]{subsubsection.5.35.3.17}{\376\377\0005\000.\0003\0005\000.\0003\000.\0001\0007\000\040\000i\000n\000c\000r\000e\000a\000s\000e\000F\000a\000v\000o\000u\000r\000\050\000\051}{subsection.5.35.3}% 281
\BOOKMARK [3][-]{subsubsection.5.35.3.18}{\376\377\0005\000.\0003\0005\000.\0003\000.\0001\0008\000\040\000i\000n\000c\000r\000e\000a\000s\000e\000H\000P\000\050\000\051}{subsection.5.35.3}% 282
\BOOKMARK [3][-]{subsubsection.5.35.3.19}{\376\377\0005\000.\0003\0005\000.\0003\000.\0001\0009\000\040\000i\000n\000c\000r\000e\000a\000s\000e\000P\000o\000w\000e\000r\000\050\000\051}{subsection.5.35.3}% 283
\BOOKMARK [3][-]{subsubsection.5.35.3.20}{\376\377\0005\000.\0003\0005\000.\0003\000.\0002\0000\000\040\000r\000e\000c\000e\000i\000v\000e\000D\000a\000m\000a\000g\000e\000\050\000\051}{subsection.5.35.3}% 284
\BOOKMARK [3][-]{subsubsection.5.35.3.21}{\376\377\0005\000.\0003\0005\000.\0003\000.\0002\0001\000\040\000s\000e\000t\000F\000o\000o\000d\000\050\000\051}{subsection.5.35.3}% 285
\BOOKMARK [3][-]{subsubsection.5.35.3.22}{\376\377\0005\000.\0003\0005\000.\0003\000.\0002\0002\000\040\000s\000e\000t\000M\000a\000s\000t\000e\000r\000\050\000\051}{subsection.5.35.3}% 286
\BOOKMARK [3][-]{subsubsection.5.35.3.23}{\376\377\0005\000.\0003\0005\000.\0003\000.\0002\0003\000\040\000s\000e\000t\000M\000e\000d\000i\000c\000a\000l\000\050\000\051}{subsection.5.35.3}% 287
\BOOKMARK [3][-]{subsubsection.5.35.3.24}{\376\377\0005\000.\0003\0005\000.\0003\000.\0002\0004\000\040\000s\000e\000t\000R\000a\000v\000e\000n\000\050\000\051}{subsection.5.35.3}% 288
\BOOKMARK [3][-]{subsubsection.5.35.3.25}{\376\377\0005\000.\0003\0005\000.\0003\000.\0002\0005\000\040\000s\000e\000t\000W\000e\000a\000p\000o\000n\000s\000\050\000\051}{subsection.5.35.3}% 289
\BOOKMARK [2][-]{subsection.5.35.4}{\376\377\0005\000.\0003\0005\000.\0004\000\040\000M\000e\000m\000b\000e\000r\000\040\000D\000a\000t\000a\000\040\000D\000o\000c\000u\000m\000e\000n\000t\000a\000t\000i\000o\000n}{section.5.35}% 290
\BOOKMARK [3][-]{subsubsection.5.35.4.1}{\376\377\0005\000.\0003\0005\000.\0004\000.\0001\000\040\000d\000a\000m\000a\000g\000e}{subsection.5.35.4}% 291
\BOOKMARK [3][-]{subsubsection.5.35.4.2}{\376\377\0005\000.\0003\0005\000.\0004\000.\0002\000\040\000s\000i\000z\000e}{subsection.5.35.4}% 292
\BOOKMARK [3][-]{subsubsection.5.35.4.3}{\376\377\0005\000.\0003\0005\000.\0004\000.\0003\000\040\000s\000t\000r\000a\000t\000e\000g\000y}{subsection.5.35.4}% 293
\BOOKMARK [1][-]{section.5.36}{\376\377\0005\000.\0003\0006\000\040\000U\000n\000s\000t\000a\000b\000l\000e\000S\000t\000a\000t\000e\000\040\000C\000l\000a\000s\000s\000\040\000R\000e\000f\000e\000r\000e\000n\000c\000e}{chapter.5}% 294
\BOOKMARK [2][-]{subsection.5.36.1}{\376\377\0005\000.\0003\0006\000.\0001\000\040\000D\000e\000t\000a\000i\000l\000e\000d\000\040\000D\000e\000s\000c\000r\000i\000p\000t\000i\000o\000n}{section.5.36}% 295
\BOOKMARK [2][-]{subsection.5.36.2}{\376\377\0005\000.\0003\0006\000.\0002\000\040\000M\000e\000m\000b\000e\000r\000\040\000F\000u\000n\000c\000t\000i\000o\000n\000\040\000D\000o\000c\000u\000m\000e\000n\000t\000a\000t\000i\000o\000n}{section.5.36}% 296
\BOOKMARK [3][-]{subsubsection.5.36.2.1}{\376\377\0005\000.\0003\0006\000.\0002\000.\0001\000\040\000d\000e\000c\000r\000e\000a\000s\000e\000C\000u\000r\000r\000e\000n\000c\000y\000\050\000\051}{subsection.5.36.2}% 297
\BOOKMARK [3][-]{subsubsection.5.36.2.2}{\376\377\0005\000.\0003\0006\000.\0002\000.\0002\000\040\000g\000e\000t\000D\000e\000m\000o\000t\000i\000o\000n\000S\000t\000a\000t\000e\000\050\000\051}{subsection.5.36.2}% 298
\BOOKMARK [1][-]{section.5.37}{\376\377\0005\000.\0003\0007\000\040\000W\000a\000r\000I\000n\000d\000i\000c\000a\000t\000o\000r\000s\000\040\000C\000l\000a\000s\000s\000\040\000R\000e\000f\000e\000r\000e\000n\000c\000e}{chapter.5}% 299
\BOOKMARK [2][-]{subsection.5.37.1}{\376\377\0005\000.\0003\0007\000.\0001\000\040\000D\000e\000t\000a\000i\000l\000e\000d\000\040\000D\000e\000s\000c\000r\000i\000p\000t\000i\000o\000n}{section.5.37}% 300
\BOOKMARK [2][-]{subsection.5.37.2}{\376\377\0005\000.\0003\0007\000.\0002\000\040\000C\000o\000n\000s\000t\000r\000u\000c\000t\000o\000r\000\040\000\046\000\040\000D\000e\000s\000t\000r\000u\000c\000t\000o\000r\000\040\000D\000o\000c\000u\000m\000e\000n\000t\000a\000t\000i\000o\000n}{section.5.37}% 301
\BOOKMARK [3][-]{subsubsection.5.37.2.1}{\376\377\0005\000.\0003\0007\000.\0002\000.\0001\000\040\000W\000a\000r\000I\000n\000d\000i\000c\000a\000t\000o\000r\000s\000\050\000\051}{subsection.5.37.2}% 302
\BOOKMARK [3][-]{subsubsection.5.37.2.2}{\376\377\0005\000.\0003\0007\000.\0002\000.\0002\000\040\000\040\000W\000a\000r\000I\000n\000d\000i\000c\000a\000t\000o\000r\000s\000\050\000\051}{subsection.5.37.2}% 303
\BOOKMARK [2][-]{subsection.5.37.3}{\376\377\0005\000.\0003\0007\000.\0003\000\040\000M\000e\000m\000b\000e\000r\000\040\000D\000a\000t\000a\000\040\000D\000o\000c\000u\000m\000e\000n\000t\000a\000t\000i\000o\000n}{section.5.37}% 304
\BOOKMARK [3][-]{subsubsection.5.37.3.1}{\376\377\0005\000.\0003\0007\000.\0003\000.\0001\000\040\000m}{subsection.5.37.3}% 305
\BOOKMARK [1][-]{section.5.38}{\376\377\0005\000.\0003\0008\000\040\000W\000a\000r\000T\000h\000e\000a\000t\000r\000e\000\040\000C\000l\000a\000s\000s\000\040\000R\000e\000f\000e\000r\000e\000n\000c\000e}{chapter.5}% 306
\BOOKMARK [2][-]{subsection.5.38.1}{\376\377\0005\000.\0003\0008\000.\0001\000\040\000D\000e\000t\000a\000i\000l\000e\000d\000\040\000D\000e\000s\000c\000r\000i\000p\000t\000i\000o\000n}{section.5.38}% 307
\BOOKMARK [2][-]{subsection.5.38.2}{\376\377\0005\000.\0003\0008\000.\0002\000\040\000C\000o\000n\000s\000t\000r\000u\000c\000t\000o\000r\000\040\000\046\000\040\000D\000e\000s\000t\000r\000u\000c\000t\000o\000r\000\040\000D\000o\000c\000u\000m\000e\000n\000t\000a\000t\000i\000o\000n}{section.5.38}% 308
\BOOKMARK [3][-]{subsubsection.5.38.2.1}{\376\377\0005\000.\0003\0008\000.\0002\000.\0001\000\040\000W\000a\000r\000T\000h\000e\000a\000t\000r\000e\000\050\000\051}{subsection.5.38.2}% 309
\BOOKMARK [2][-]{subsection.5.38.3}{\376\377\0005\000.\0003\0008\000.\0003\000\040\000M\000e\000m\000b\000e\000r\000\040\000F\000u\000n\000c\000t\000i\000o\000n\000\040\000D\000o\000c\000u\000m\000e\000n\000t\000a\000t\000i\000o\000n}{section.5.38}% 310
\BOOKMARK [3][-]{subsubsection.5.38.3.1}{\376\377\0005\000.\0003\0008\000.\0003\000.\0001\000\040\000d\000e\000c\000i\000d\000e\000V\000e\000n\000u\000e\000\050\000\051}{subsection.5.38.3}% 311
\BOOKMARK [3][-]{subsubsection.5.38.3.2}{\376\377\0005\000.\0003\0008\000.\0003\000.\0002\000\040\000g\000e\000t\000S\000t\000r\000a\000t\000e\000g\000y\000\050\000\051}{subsection.5.38.3}% 312
\BOOKMARK [3][-]{subsubsection.5.38.3.3}{\376\377\0005\000.\0003\0008\000.\0003\000.\0003\000\040\000s\000e\000n\000d\000S\000c\000o\000u\000t\000\050\000\051}{subsection.5.38.3}% 313
\BOOKMARK [2][-]{subsection.5.38.4}{\376\377\0005\000.\0003\0008\000.\0004\000\040\000M\000e\000m\000b\000e\000r\000\040\000D\000a\000t\000a\000\040\000D\000o\000c\000u\000m\000e\000n\000t\000a\000t\000i\000o\000n}{section.5.38}% 314
\BOOKMARK [3][-]{subsubsection.5.38.4.1}{\376\377\0005\000.\0003\0008\000.\0004\000.\0001\000\040\000d\000i\000f\000f\000i\000c\000u\000l\000t\000y}{subsection.5.38.4}% 315
\BOOKMARK [3][-]{subsubsection.5.38.4.2}{\376\377\0005\000.\0003\0008\000.\0004\000.\0002\000\040\000l\000o\000c\000a\000t\000i\000o\000n}{subsection.5.38.4}% 316
\BOOKMARK [3][-]{subsubsection.5.38.4.3}{\376\377\0005\000.\0003\0008\000.\0004\000.\0003\000\040\000s\000t\000r\000a\000t\000e\000g\000y}{subsection.5.38.4}% 317
\BOOKMARK [3][-]{subsubsection.5.38.4.4}{\376\377\0005\000.\0003\0008\000.\0004\000.\0004\000\040\000v\000e\000n\000u\000e}{subsection.5.38.4}% 318
\BOOKMARK [1][-]{section.5.39}{\376\377\0005\000.\0003\0009\000\040\000W\000e\000a\000p\000o\000n\000s\000F\000a\000c\000\040\000C\000l\000a\000s\000s\000\040\000R\000e\000f\000e\000r\000e\000n\000c\000e}{chapter.5}% 319
\BOOKMARK [2][-]{subsection.5.39.1}{\376\377\0005\000.\0003\0009\000.\0001\000\040\000M\000e\000m\000b\000e\000r\000\040\000F\000u\000n\000c\000t\000i\000o\000n\000\040\000D\000o\000c\000u\000m\000e\000n\000t\000a\000t\000i\000o\000n}{section.5.39}% 320
\BOOKMARK [3][-]{subsubsection.5.39.1.1}{\376\377\0005\000.\0003\0009\000.\0001\000.\0001\000\040\000m\000a\000k\000e\000\050\000\051}{subsection.5.39.1}% 321
\BOOKMARK [1][-]{section.5.40}{\376\377\0005\000.\0004\0000\000\040\000W\000e\000a\000p\000o\000n\000S\000u\000p\000p\000\040\000C\000l\000a\000s\000s\000\040\000R\000e\000f\000e\000r\000e\000n\000c\000e}{chapter.5}% 322
\BOOKMARK [2][-]{subsection.5.40.1}{\376\377\0005\000.\0004\0000\000.\0001\000\040\000M\000e\000m\000b\000e\000r\000\040\000F\000u\000n\000c\000t\000i\000o\000n\000\040\000D\000o\000c\000u\000m\000e\000n\000t\000a\000t\000i\000o\000n}{section.5.40}% 323
\BOOKMARK [3][-]{subsubsection.5.40.1.1}{\376\377\0005\000.\0004\0000\000.\0001\000.\0001\000\040\000g\000e\000t\000A\000m\000o\000u\000n\000t\000\050\000\051}{subsection.5.40.1}% 324
\BOOKMARK [1][-]{section.5.41}{\376\377\0005\000.\0004\0001\000\040\000W\000e\000a\000p\000o\000n\000W\000a\000g\000o\000n\000\040\000C\000l\000a\000s\000s\000\040\000R\000e\000f\000e\000r\000e\000n\000c\000e}{chapter.5}% 325
\BOOKMARK [1][-]{section.5.42}{\376\377\0005\000.\0004\0002\000\040\000W\000e\000a\000t\000h\000e\000r\000\040\000C\000l\000a\000s\000s\000\040\000R\000e\000f\000e\000r\000e\000n\000c\000e}{chapter.5}% 326
\BOOKMARK [2][-]{subsection.5.42.1}{\376\377\0005\000.\0004\0002\000.\0001\000\040\000D\000e\000t\000a\000i\000l\000e\000d\000\040\000D\000e\000s\000c\000r\000i\000p\000t\000i\000o\000n}{section.5.42}% 327
\BOOKMARK [2][-]{subsection.5.42.2}{\376\377\0005\000.\0004\0002\000.\0002\000\040\000C\000o\000n\000s\000t\000r\000u\000c\000t\000o\000r\000\040\000\046\000\040\000D\000e\000s\000t\000r\000u\000c\000t\000o\000r\000\040\000D\000o\000c\000u\000m\000e\000n\000t\000a\000t\000i\000o\000n}{section.5.42}% 328
\BOOKMARK [3][-]{subsubsection.5.42.2.1}{\376\377\0005\000.\0004\0002\000.\0002\000.\0001\000\040\000W\000e\000a\000t\000h\000e\000r\000\050\000\051}{subsection.5.42.2}% 329
\BOOKMARK [2][-]{subsection.5.42.3}{\376\377\0005\000.\0004\0002\000.\0003\000\040\000M\000e\000m\000b\000e\000r\000\040\000F\000u\000n\000c\000t\000i\000o\000n\000\040\000D\000o\000c\000u\000m\000e\000n\000t\000a\000t\000i\000o\000n}{section.5.42}% 330
\BOOKMARK [3][-]{subsubsection.5.42.3.1}{\376\377\0005\000.\0004\0002\000.\0003\000.\0001\000\040\000c\000a\000l\000c\000E\000f\000f\000e\000c\000t\000\050\000\051}{subsection.5.42.3}% 331
\BOOKMARK [3][-]{subsubsection.5.42.3.2}{\376\377\0005\000.\0004\0002\000.\0003\000.\0002\000\040\000s\000e\000t\000T\000e\000m\000p\000\050\000\051}{subsection.5.42.3}% 332
\BOOKMARK [3][-]{subsubsection.5.42.3.3}{\376\377\0005\000.\0004\0002\000.\0003\000.\0003\000\040\000s\000e\000t\000W\000i\000n\000d\000S\000p\000e\000e\000d\000\050\000\051}{subsection.5.42.3}% 333
\BOOKMARK [2][-]{subsection.5.42.4}{\376\377\0005\000.\0004\0002\000.\0004\000\040\000M\000e\000m\000b\000e\000r\000\040\000D\000a\000t\000a\000\040\000D\000o\000c\000u\000m\000e\000n\000t\000a\000t\000i\000o\000n}{section.5.42}% 334
\BOOKMARK [3][-]{subsubsection.5.42.4.1}{\376\377\0005\000.\0004\0002\000.\0004\000.\0001\000\040\000r\000a\000i\000n}{subsection.5.42.4}% 335
\BOOKMARK [3][-]{subsubsection.5.42.4.2}{\376\377\0005\000.\0004\0002\000.\0004\000.\0002\000\040\000t\000e\000m\000p}{subsection.5.42.4}% 336
\BOOKMARK [3][-]{subsubsection.5.42.4.3}{\376\377\0005\000.\0004\0002\000.\0004\000.\0003\000\040\000w\000i\000n\000d\000s\000p\000e\000e\000d}{subsection.5.42.4}% 337
\BOOKMARK [0][-]{chapter.6}{\376\377\0006\000\040\000F\000i\000l\000e\000\040\000D\000o\000c\000u\000m\000e\000n\000t\000a\000t\000i\000o\000n}{}% 338
\BOOKMARK [1][-]{section.6.1}{\376\377\0006\000.\0001\000\040\000A\000m\000b\000u\000s\000h\000.\000h}{chapter.6}% 339
\BOOKMARK [1][-]{section.6.2}{\376\377\0006\000.\0002\000\040\000A\000r\000m\000y\000S\000u\000p\000p\000l\000i\000e\000s\000.\000h}{chapter.6}% 340
\BOOKMARK [1][-]{section.6.3}{\376\377\0006\000.\0003\000\040\000A\000s\000s\000a\000s\000s\000i\000n\000a\000t\000e\000.\000h}{chapter.6}% 341
\BOOKMARK [1][-]{section.6.4}{\376\377\0006\000.\0004\000\040\000B\000a\000n\000n\000e\000r\000m\000a\000n\000.\000h}{chapter.6}% 342
\BOOKMARK [1][-]{section.6.5}{\376\377\0006\000.\0005\000\040\000B\000a\000t\000t\000l\000e\000F\000i\000e\000l\000d\000.\000h}{chapter.6}% 343
\BOOKMARK [1][-]{section.6.6}{\376\377\0006\000.\0006\000\040\000C\000l\000a\000s\000s\000.\000h}{chapter.6}% 344
\BOOKMARK [1][-]{section.6.7}{\376\377\0006\000.\0007\000\040\000C\000o\000m\000m\000a\000n\000d\000e\000r\000.\000h}{chapter.6}% 345
\BOOKMARK [1][-]{section.6.8}{\376\377\0006\000.\0008\000\040\000C\000o\000n\000d\000i\000t\000i\000o\000n\000s\000.\000h}{chapter.6}% 346
\BOOKMARK [1][-]{section.6.9}{\376\377\0006\000.\0009\000\040\000C\000o\000n\000I\000t\000e\000r\000a\000t\000o\000r\000.\000h}{chapter.6}% 347
\BOOKMARK [1][-]{section.6.10}{\376\377\0006\000.\0001\0000\000\040\000E\000c\000o\000n\000o\000m\000y\000.\000h}{chapter.6}% 348
\BOOKMARK [1][-]{section.6.11}{\376\377\0006\000.\0001\0001\000\040\000F\000a\000c\000t\000o\000r\000y\000.\000h}{chapter.6}% 349
\BOOKMARK [1][-]{section.6.12}{\376\377\0006\000.\0001\0002\000\040\000F\000a\000i\000l\000e\000d\000S\000t\000a\000t\000e\000.\000h}{chapter.6}% 350
\BOOKMARK [1][-]{section.6.13}{\376\377\0006\000.\0001\0003\000\040\000F\000o\000o\000d\000F\000a\000c\000.\000h}{chapter.6}% 351
\BOOKMARK [1][-]{section.6.14}{\376\377\0006\000.\0001\0004\000\040\000F\000o\000o\000d\000S\000u\000p\000p\000.\000h}{chapter.6}% 352
\BOOKMARK [1][-]{section.6.15}{\376\377\0006\000.\0001\0005\000\040\000F\000o\000o\000d\000W\000a\000g\000o\000n\000.\000h}{chapter.6}% 353
\BOOKMARK [1][-]{section.6.16}{\376\377\0006\000.\0001\0006\000\040\000H\000e\000a\000l\000t\000h\000y\000S\000t\000a\000t\000e\000.\000h}{chapter.6}% 354
\BOOKMARK [1][-]{section.6.17}{\376\377\0006\000.\0001\0007\000\040\000H\000i\000s\000t\000o\000r\000i\000a\000n\000.\000h}{chapter.6}% 355
\BOOKMARK [1][-]{section.6.18}{\376\377\0006\000.\0001\0008\000\040\000H\000i\000s\000t\000o\000r\000y\000.\000h}{chapter.6}% 356
\BOOKMARK [1][-]{section.6.19}{\376\377\0006\000.\0001\0009\000\040\000H\000i\000s\000t\000o\000r\000y\000B\000o\000o\000k\000.\000h}{chapter.6}% 357
\BOOKMARK [1][-]{section.6.20}{\376\377\0006\000.\0002\0000\000\040\000I\000t\000e\000r\000a\000t\000o\000r\000.\000h}{chapter.6}% 358
\BOOKMARK [1][-]{section.6.21}{\376\377\0006\000.\0002\0001\000\040\000K\000i\000n\000g\000d\000o\000m\000.\000h}{chapter.6}% 359
\BOOKMARK [1][-]{section.6.22}{\376\377\0006\000.\0002\0002\000\040\000L\000o\000c\000a\000t\000i\000o\000n\000.\000h}{chapter.6}% 360
\BOOKMARK [1][-]{section.6.23}{\376\377\0006\000.\0002\0003\000\040\000M\000a\000s\000t\000e\000r\000O\000f\000C\000o\000i\000n\000.\000h}{chapter.6}% 361
\BOOKMARK [1][-]{section.6.24}{\376\377\0006\000.\0002\0004\000\040\000M\000e\000d\000i\000c\000a\000l\000F\000a\000c\000.\000h}{chapter.6}% 362
\BOOKMARK [1][-]{section.6.25}{\376\377\0006\000.\0002\0005\000\040\000M\000e\000d\000i\000c\000a\000l\000S\000u\000p\000p\000.\000h}{chapter.6}% 363
\BOOKMARK [1][-]{section.6.26}{\376\377\0006\000.\0002\0006\000\040\000M\000e\000d\000i\000c\000a\000l\000W\000a\000g\000o\000n\000.\000h}{chapter.6}% 364
\BOOKMARK [1][-]{section.6.27}{\376\377\0006\000.\0002\0007\000\040\000R\000a\000v\000e\000n\000.\000h}{chapter.6}% 365
\BOOKMARK [1][-]{section.6.28}{\376\377\0006\000.\0002\0008\000\040\000s\000e\000n\000d\000R\000a\000v\000e\000n\000.\000h}{chapter.6}% 366
\BOOKMARK [1][-]{section.6.29}{\376\377\0006\000.\0002\0009\000\040\000S\000i\000e\000g\000e\000.\000h}{chapter.6}% 367
\BOOKMARK [1][-]{section.6.30}{\376\377\0006\000.\0003\0000\000\040\000S\000t\000a\000t\000e\000.\000h}{chapter.6}% 368
\BOOKMARK [1][-]{section.6.31}{\376\377\0006\000.\0003\0001\000\040\000S\000t\000r\000a\000t\000e\000g\000y\000.\000h}{chapter.6}% 369
\BOOKMARK [1][-]{section.6.32}{\376\377\0006\000.\0003\0002\000\040\000S\000u\000p\000p\000l\000y\000W\000a\000g\000o\000n\000.\000h}{chapter.6}% 370
\BOOKMARK [1][-]{section.6.33}{\376\377\0006\000.\0003\0003\000\040\000T\000o\000p\000o\000l\000o\000g\000y\000.\000h}{chapter.6}% 371
\BOOKMARK [1][-]{section.6.34}{\376\377\0006\000.\0003\0004\000\040\000T\000r\000e\000a\000s\000u\000r\000y\000.\000h}{chapter.6}% 372
\BOOKMARK [1][-]{section.6.35}{\376\377\0006\000.\0003\0005\000\040\000T\000r\000o\000o\000p\000.\000h}{chapter.6}% 373
\BOOKMARK [1][-]{section.6.36}{\376\377\0006\000.\0003\0006\000\040\000U\000n\000s\000t\000a\000b\000l\000e\000S\000t\000a\000t\000e\000.\000h}{chapter.6}% 374
\BOOKMARK [1][-]{section.6.37}{\376\377\0006\000.\0003\0007\000\040\000W\000a\000r\000I\000n\000d\000i\000c\000a\000t\000o\000r\000s\000.\000h}{chapter.6}% 375
\BOOKMARK [1][-]{section.6.38}{\376\377\0006\000.\0003\0008\000\040\000W\000a\000r\000T\000h\000e\000a\000t\000r\000e\000.\000h}{chapter.6}% 376
\BOOKMARK [1][-]{section.6.39}{\376\377\0006\000.\0003\0009\000\040\000W\000e\000a\000p\000o\000n\000s\000F\000a\000c\000.\000h}{chapter.6}% 377
\BOOKMARK [1][-]{section.6.40}{\376\377\0006\000.\0004\0000\000\040\000W\000e\000a\000p\000o\000n\000S\000u\000p\000p\000.\000h}{chapter.6}% 378
\BOOKMARK [1][-]{section.6.41}{\376\377\0006\000.\0004\0001\000\040\000W\000e\000a\000p\000o\000n\000W\000a\000g\000o\000n\000.\000h}{chapter.6}% 379
\BOOKMARK [1][-]{section.6.42}{\376\377\0006\000.\0004\0002\000\040\000W\000e\000a\000t\000h\000e\000r\000.\000h}{chapter.6}% 380
\BOOKMARK [0][-]{section*.123}{\376\377\000I\000n\000d\000e\000x}{}% 381
