This is pdfTeX, Version 3.141592653-2.6-1.40.24 (MiKTeX 22.10) (preloaded format=pdflatex 2022.11.7)  7 NOV 2022 12:22
entering extended mode
 restricted \write18 enabled.
 %&-line parsing enabled.
**./refman.tex
(refman.tex
LaTeX2e <2022-06-01> patch level 5
L3 programming layer <2022-10-26>
(C:\Users\Morgan\AppData\Local\Programs\MiKTeX\tex/latex/base\book.cls
Document Class: book 2021/10/04 v1.4n Standard LaTeX document class
(C:\Users\Morgan\AppData\Local\Programs\MiKTeX\tex/latex/base\bk10.clo
File: bk10.clo 2021/10/04 v1.4n Standard LaTeX file (size option)
)
\c@part=\count185
\c@chapter=\count186
\c@section=\count187
\c@subsection=\count188
\c@subsubsection=\count189
\c@paragraph=\count190
\c@subparagraph=\count191
\c@figure=\count192
\c@table=\count193
\abovecaptionskip=\skip47
\belowcaptionskip=\skip48
\bibindent=\dimen138
)
(C:\Users\Morgan\AppData\Local\Programs\MiKTeX\tex/latex/base\ifthen.sty
Package: ifthen 2022/04/13 v1.1d Standard LaTeX ifthen package (DPC)
)
(C:\Users\Morgan\AppData\Local\Programs\MiKTeX\tex/latex/tools\array.sty
Rollback for package 'array' requested -> date 2016-10-06.
         Best approximation is the release introduced on 2016-10-06.

(C:\Users\Morgan\AppData\Local\Programs\MiKTeX\tex/latex/tools\array-2016-10-06
.sty
Package: array 2016/10/06 v2.4d Tabular extension package (FMi)
\col@sep=\dimen139
\extrarowheight=\dimen140
\NC@list=\toks16
\extratabsurround=\skip49
\backup@length=\skip50
))
(C:\Users\Morgan\AppData\Local\Programs\MiKTeX\tex/latex/base\fixltx2e.sty
Package: fixltx2e 2016/12/29 v2.1a fixes to LaTeX (obsolete)
Applying: [2015/01/01] Old fixltx2e package on input line 46.


Package fixltx2e Warning: fixltx2e is not required with releases after 2015
(fixltx2e)                All fixes are now in the LaTeX kernel.
(fixltx2e)                See the latexrelease package for details.

Already applied: [0000/00/00] Old fixltx2e package on input line 53.
) (doxygen.sty
Package: doxygen 

(C:\Users\Morgan\AppData\Local\Programs\MiKTeX\tex/latex/base\alltt.sty
Package: alltt 2021/01/29 v2.0g defines alltt environment
)
(C:\Users\Morgan\AppData\Local\Programs\MiKTeX\tex/latex/tools\calc.sty
Package: calc 2017/05/25 v4.3 Infix arithmetic (KKT,FJ)
\calc@Acount=\count194
\calc@Bcount=\count195
\calc@Adimen=\dimen141
\calc@Bdimen=\dimen142
\calc@Askip=\skip51
\calc@Bskip=\skip52
LaTeX Info: Redefining \setlength on input line 80.
LaTeX Info: Redefining \addtolength on input line 81.
\calc@Ccount=\count196
\calc@Cskip=\skip53
)
(C:\Users\Morgan\AppData\Local\Programs\MiKTeX\tex/latex/float\float.sty
Package: float 2001/11/08 v1.3d Float enhancements (AL)
\c@float@type=\count197
\float@exts=\toks17
\float@box=\box51
\@float@everytoks=\toks18
\@floatcapt=\box52
)
(C:\Users\Morgan\AppData\Local\Programs\MiKTeX\tex/latex/tools\verbatim.sty
Package: verbatim 2020-07-07 v1.5u LaTeX2e package for verbatim enhancements
\every@verbatim=\toks19
\verbatim@line=\toks20
\verbatim@in@stream=\read2
)
(C:\Users\Morgan\AppData\Local\Programs\MiKTeX\tex/latex/xcolor\xcolor.sty
Package: xcolor 2022/06/12 v2.14 LaTeX color extensions (UK)

(C:\Users\Morgan\AppData\Local\Programs\MiKTeX\tex/latex/graphics-cfg\color.cfg
File: color.cfg 2016/01/02 v1.6 sample color configuration
)
Package xcolor Info: Driver file: pdftex.def on input line 227.

(C:\Users\Morgan\AppData\Local\Programs\MiKTeX\tex/latex/graphics-def\pdftex.de
f
File: pdftex.def 2022/09/22 v1.2b Graphics/color driver for pdftex
\stockwidth=\dimen143
\stockheight=\dimen144
)
(C:\Users\Morgan\AppData\Local\Programs\MiKTeX\tex/latex/colortbl\colortbl.sty
Package: colortbl 2022/06/20 v1.0f Color table columns (DPC)
\everycr=\toks21
\minrowclearance=\skip54
\rownum=\count198
)
(C:\Users\Morgan\AppData\Local\Programs\MiKTeX\tex/latex/graphics\mathcolor.ltx
)
Package xcolor Info: Model `cmy' substituted by `cmy0' on input line 1353.
Package xcolor Info: Model `hsb' substituted by `rgb' on input line 1357.
Package xcolor Info: Model `RGB' extended on input line 1369.
Package xcolor Info: Model `HTML' substituted by `rgb' on input line 1371.
Package xcolor Info: Model `Hsb' substituted by `hsb' on input line 1372.
Package xcolor Info: Model `tHsb' substituted by `hsb' on input line 1373.
Package xcolor Info: Model `HSB' substituted by `hsb' on input line 1374.
Package xcolor Info: Model `Gray' substituted by `gray' on input line 1375.
Package xcolor Info: Model `wave' substituted by `hsb' on input line 1376.
) (longtable_doxygen.sty
Package: longtable_doxygen 2014/10/28 v4.11 Multi-page Table package (DPC) - fr
ozen version for doxygen
\LTleft=\skip55
\LTright=\skip56
\LTpre=\skip57
\LTpost=\skip58
\LTchunksize=\count199
\LTcapwidth=\dimen145
\LT@head=\box53
\LT@firsthead=\box54
\LT@foot=\box55
\LT@lastfoot=\box56
\LT@cols=\count266
\LT@rows=\count267
\c@LT@tables=\count268
\c@LT@chunks=\count269
\LT@p@ftn=\toks22
) (tabu_doxygen.sty
Package: tabu_doxygen 2011/02/26 v2.8 - flexible LaTeX tabulars (FC), frozen ve
rsion for doxygen

(C:\Users\Morgan\AppData\Local\Programs\MiKTeX\tex/latex/varwidth\varwidth.sty
Package: varwidth 2009/03/30 ver 0.92;  Variable-width minipages
\@vwid@box=\box57
\sift@deathcycles=\count270
\@vwid@loff=\dimen146
\@vwid@roff=\dimen147
)
\c@taburow=\count271
\tabu@nbcols=\count272
\tabu@cnt=\count273
\tabu@Xcol=\count274
\tabu@alloc=\count275
\tabu@nested=\count276
\tabu@target=\dimen148
\tabu@spreadtarget=\dimen149
\tabu@naturalX=\dimen150
\tabucolX=\dimen151
\tabu@Xsum=\dimen152
\extrarowdepth=\dimen153
\abovetabulinesep=\dimen154
\belowtabulinesep=\dimen155
\tabustrutrule=\dimen156
\tabu@thebody=\toks23
\tabu@footnotes=\toks24
\tabu@box=\box58
\tabu@arstrutbox=\box59
\tabu@hleads=\box60
\tabu@vleads=\box61
\tabu@cellskip=\skip59
)
(C:\Users\Morgan\AppData\Local\Programs\MiKTeX\tex/latex/fancyvrb\fancyvrb.sty
Package: fancyvrb 2022/06/06 4.5 verbatim text (tvz,hv)

(C:\Users\Morgan\AppData\Local\Programs\MiKTeX\tex/latex/graphics\keyval.sty
Package: keyval 2022/05/29 v1.15 key=value parser (DPC)
\KV@toks@=\toks25
)
\FV@CodeLineNo=\count277
\FV@InFile=\read3
\FV@TabBox=\box62
\c@FancyVerbLine=\count278
\FV@StepNumber=\count279
\FV@OutFile=\write3
)
(C:\Users\Morgan\AppData\Local\Programs\MiKTeX\tex/latex/tools\tabularx.sty
Package: tabularx 2020/01/15 v2.11c `tabularx' package (DPC)
\TX@col@width=\dimen157
\TX@old@table=\dimen158
\TX@old@col=\dimen159
\TX@target=\dimen160
\TX@delta=\dimen161
\TX@cols=\count280
\TX@ftn=\toks26
)
(C:\Users\Morgan\AppData\Local\Programs\MiKTeX\tex/latex/tools\multicol.sty
Package: multicol 2021/11/30 v1.9d multicolumn formatting (FMi)
\c@tracingmulticols=\count281
\mult@box=\box63
\multicol@leftmargin=\dimen162
\c@unbalance=\count282
\c@collectmore=\count283
\doublecol@number=\count284
\multicoltolerance=\count285
\multicolpretolerance=\count286
\full@width=\dimen163
\page@free=\dimen164
\premulticols=\dimen165
\postmulticols=\dimen166
\multicolsep=\skip60
\multicolbaselineskip=\skip61
\partial@page=\box64
\last@line=\box65
\maxbalancingoverflow=\dimen167
\mult@rightbox=\box66
\mult@grightbox=\box67
\mult@firstbox=\box68
\mult@gfirstbox=\box69
\@tempa=\box70
\@tempa=\box71
\@tempa=\box72
\@tempa=\box73
\@tempa=\box74
\@tempa=\box75
\@tempa=\box76
\@tempa=\box77
\@tempa=\box78
\@tempa=\box79
\@tempa=\box80
\@tempa=\box81
\@tempa=\box82
\@tempa=\box83
\@tempa=\box84
\@tempa=\box85
\@tempa=\box86
\@tempa=\box87
\@tempa=\box88
\@tempa=\box89
\@tempa=\box90
\@tempa=\box91
\@tempa=\box92
\@tempa=\box93
\@tempa=\box94
\@tempa=\box95
\@tempa=\box96
\@tempa=\box97
\@tempa=\box98
\@tempa=\box99
\@tempa=\box100
\@tempa=\box101
\@tempa=\box102
\@tempa=\box103
\@tempa=\box104
\@tempa=\box105
\c@minrows=\count287
\c@columnbadness=\count288
\c@finalcolumnbadness=\count289
\last@try=\dimen168
\multicolovershoot=\dimen169
\multicolundershoot=\dimen170
\mult@nat@firstbox=\box106
\colbreak@box=\box107
\mc@col@check@num=\count290
)
(C:\Users\Morgan\AppData\Local\Programs\MiKTeX\tex/latex/multirow\multirow.sty
Package: multirow 2021/03/15 v2.8 Span multiple rows of a table
\multirow@colwidth=\skip62
\multirow@cntb=\count291
\multirow@dima=\skip63
\bigstrutjot=\dimen171
) (C:\Users\Morgan\AppData\Local\Programs\MiKTeX\tex/latex/hanging\hanging.sty
Package: hanging 2009/09/02 v1.2b hanging paragraphs and punctuation
\h@ngcommawd=\skip64
\h@ngfstopwd=\skip65
\h@ngquotewd=\skip66
\h@ngdquotewd=\skip67
\h@ngquerywd=\skip68
\h@ngexclwd=\skip69
\h@ngcolonwd=\skip70
\h@ngscolonwd=\skip71
)
(C:\Users\Morgan\AppData\Local\Programs\MiKTeX\tex/generic/iftex\ifpdf.sty
Package: ifpdf 2019/10/25 v3.4 ifpdf legacy package. Use iftex instead.

(C:\Users\Morgan\AppData\Local\Programs\MiKTeX\tex/generic/iftex\iftex.sty
Package: iftex 2022/02/03 v1.0f TeX engine tests
))
(C:\Users\Morgan\AppData\Local\Programs\MiKTeX\tex/latex/adjustbox\adjustbox.st
y
Package: adjustbox 2022/10/17 v1.3a Adjusting TeX boxes (trim, clip, ...)
 (C:\Users\Morgan\AppData\Local\Programs\MiKTeX\tex/latex/xkeyval\xkeyval.sty
Package: xkeyval 2022/06/16 v2.9 package option processing (HA)

(C:\Users\Morgan\AppData\Local\Programs\MiKTeX\tex/generic/xkeyval\xkeyval.tex
(C:\Users\Morgan\AppData\Local\Programs\MiKTeX\tex/generic/xkeyval\xkvutils.tex
\XKV@toks=\toks27
\XKV@tempa@toks=\toks28
)
\XKV@depth=\count292
File: xkeyval.tex 2014/12/03 v2.7a key=value parser (HA)
))
(C:\Users\Morgan\AppData\Local\Programs\MiKTeX\tex/latex/adjustbox\adjcalc.sty
Package: adjcalc 2012/05/16 v1.1 Provides advanced setlength with multiple back
-ends (calc, etex, pgfmath)
)
(C:\Users\Morgan\AppData\Local\Programs\MiKTeX\tex/latex/adjustbox\trimclip.sty
Package: trimclip 2020/08/19 v1.2 Trim and clip general TeX material
(C:\Users\Morgan\AppData\Local\Programs\MiKTeX\tex/latex/graphics\graphicx.sty
Package: graphicx 2021/09/16 v1.2d Enhanced LaTeX Graphics (DPC,SPQR)

(C:\Users\Morgan\AppData\Local\Programs\MiKTeX\tex/latex/graphics\graphics.sty
Package: graphics 2022/03/10 v1.4e Standard LaTeX Graphics (DPC,SPQR)

(C:\Users\Morgan\AppData\Local\Programs\MiKTeX\tex/latex/graphics\trig.sty
Package: trig 2021/08/11 v1.11 sin cos tan (DPC)
)
(C:\Users\Morgan\AppData\Local\Programs\MiKTeX\tex/latex/graphics-cfg\graphics.
cfg
File: graphics.cfg 2016/06/04 v1.11 sample graphics configuration
)
Package graphics Info: Driver file: pdftex.def on input line 107.
)
\Gin@req@height=\dimen172
\Gin@req@width=\dimen173
)
(C:\Users\Morgan\AppData\Local\Programs\MiKTeX\tex/latex/collectbox\collectbox.
sty
Package: collectbox 2022/10/17 v0.4c Collect macro arguments as boxes
\collectedbox=\box108
)
\tc@llx=\dimen174
\tc@lly=\dimen175
\tc@urx=\dimen176
\tc@ury=\dimen177
Package trimclip Info: Using driver 'tc-pdftex.def'.

(C:\Users\Morgan\AppData\Local\Programs\MiKTeX\tex/latex/adjustbox\tc-pdftex.de
f
File: tc-pdftex.def 2019/01/04 v2.2 Clipping driver for pdftex
))
\adjbox@Width=\dimen178
\adjbox@Height=\dimen179
\adjbox@Depth=\dimen180
\adjbox@Totalheight=\dimen181
\adjbox@pwidth=\dimen182
\adjbox@pheight=\dimen183
\adjbox@pdepth=\dimen184
\adjbox@ptotalheight=\dimen185

(C:\Users\Morgan\AppData\Local\Programs\MiKTeX\tex/latex/ifoddpage\ifoddpage.st
y
Package: ifoddpage 2022/10/18 v1.2 Conditionals for odd/even page detection
\c@checkoddpage=\count293
))
(C:\Users\Morgan\AppData\Local\Programs\MiKTeX\tex/latex/amsfonts\amssymb.sty
Package: amssymb 2013/01/14 v3.01 AMS font symbols

(C:\Users\Morgan\AppData\Local\Programs\MiKTeX\tex/latex/amsfonts\amsfonts.sty
Package: amsfonts 2013/01/14 v3.01 Basic AMSFonts support
\@emptytoks=\toks29
\symAMSa=\mathgroup4
\symAMSb=\mathgroup5
LaTeX Font Info:    Redeclaring math symbol \hbar on input line 98.
LaTeX Font Info:    Overwriting math alphabet `\mathfrak' in version `bold'
(Font)                  U/euf/m/n --> U/euf/b/n on input line 106.
))
(C:\Users\Morgan\AppData\Local\Programs\MiKTeX\tex/latex/stackengine\stackengin
e.sty
Package: stackengine 2021/07/22 v4.11\ Stacking text and objects in convenient 
ways

(C:\Users\Morgan\AppData\Local\Programs\MiKTeX\tex/latex/etoolbox\etoolbox.sty
Package: etoolbox 2020/10/05 v2.5k e-TeX tools for LaTeX (JAW)
\etb@tempcnta=\count294
)
(C:\Users\Morgan\AppData\Local\Programs\MiKTeX\tex/latex/listofitems\listofitem
s.sty
(C:\Users\Morgan\AppData\Local\Programs\MiKTeX\tex/generic/listofitems\listofit
ems.tex
\loi_cnt_foreach_nest=\count295
\loi_nestcnt=\count296
)
Package: listofitems 2019/08/21 v1.63 Grab items in lists using user-specified 
sep char (CT)
)
\c@@stackindex=\count297
\@boxshift=\skip72
\stack@tmplength=\skip73
\temp@stkl=\skip74
\@stackedboxwidth=\skip75
\@addedbox=\box109
\@anchorbox=\box110
\@insetbox=\box111
\se@backgroundbox=\box112
\stackedbox=\box113
\@centerbox=\box114
\c@ROWcellindex@=\count298
)
(C:\Users\Morgan\AppData\Local\Programs\MiKTeX\tex/latex/enumitem\enumitem.sty
Package: enumitem 2019/06/20 v3.9 Customized lists
\labelindent=\skip76
\enit@outerparindent=\dimen186
\enit@toks=\toks30
\enit@inbox=\box115
\enit@count@id=\count299
\enitdp@description=\count300
)
(C:\Users\Morgan\AppData\Local\Programs\MiKTeX\tex/generic/alphalph\alphalph.st
y
Package: alphalph 2019/12/09 v2.6 Convert numbers to letters (HO)

(C:\Users\Morgan\AppData\Local\Programs\MiKTeX\tex/generic/infwarerr\infwarerr.
sty
Package: infwarerr 2019/12/03 v1.5 Providing info/warning/error messages (HO)
)
(C:\Users\Morgan\AppData\Local\Programs\MiKTeX\tex/generic/intcalc\intcalc.sty
Package: intcalc 2019/12/15 v1.3 Expandable calculations with integers (HO)
)) (C:\Users\Morgan\AppData\Local\Programs\MiKTeX\tex/latex/ulem\ulem.sty
\UL@box=\box116
\UL@hyphenbox=\box117
\UL@skip=\skip77
\UL@hook=\toks31
\UL@height=\dimen187
\UL@pe=\count301
\UL@pixel=\dimen188
\ULC@box=\box118
Package: ulem 2019/11/18
\ULdepth=\dimen189
)
\xrefbox=\box119
\xreflength=\skip78
\CodeWidthChar=\skip79
\CodeHeightChar=\skip80
\DoxyCodeWidth=\skip81
\c@DoxyEnumeratei=\count302
\c@DoxyEnumerateii=\count303
\c@DoxyEnumerateiii=\count304
\c@DoxyEnumerateiv=\count305
\c@DoxyEnumeratev=\count306
\c@DoxyEnumeratevi=\count307
\c@DoxyEnumeratevii=\count308
\c@DoxyEnumerateviii=\count309
\c@DoxyEnumerateix=\count310
\c@DoxyEnumeratex=\count311
\c@DoxyEnumeratexi=\count312
\c@DoxyEnumeratexii=\count313
\enitdp@DoxyEnumerate=\count314
\enitdp@DoxyItemize=\count315
)
(C:\Users\Morgan\AppData\Local\Programs\MiKTeX\tex/latex/base\inputenc.sty
Package: inputenc 2021/02/14 v1.3d Input encoding file
\inpenc@prehook=\toks32
\inpenc@posthook=\toks33
)
(C:\Users\Morgan\AppData\Local\Programs\MiKTeX\tex/latex/base\makeidx.sty
Package: makeidx 2021/10/04 v1.0m Standard LaTeX package
)
(C:\Users\Morgan\AppData\Local\Programs\MiKTeX\tex/latex/base\textcomp.sty
Package: textcomp 2020/02/02 v2.0n Standard LaTeX package
)
(C:\Users\Morgan\AppData\Local\Programs\MiKTeX\tex/latex/wasysym\wasysym.sty
Package: wasysym 2020/01/19 v2.4 Wasy-2 symbol support package
\symwasy=\mathgroup6
LaTeX Font Info:    Overwriting symbol font `wasy' in version `bold'
(Font)                  U/wasy/m/n --> U/wasy/b/n on input line 93.
)
(C:\Users\Morgan\AppData\Local\Programs\MiKTeX\tex/generic/iftex\ifxetex.sty
Package: ifxetex 2019/10/25 v0.7 ifxetex legacy package. Use iftex instead.
)
(C:\Users\Morgan\AppData\Local\Programs\MiKTeX\tex/latex/base\fontenc.sty
Package: fontenc 2021/04/29 v2.0v Standard LaTeX package
)
(C:\Users\Morgan\AppData\Local\Programs\MiKTeX\tex/latex/psnfss\helvet.sty
Package: helvet 2020/03/25 PSNFSS-v9.3 (WaS) 
)
(C:\Users\Morgan\AppData\Local\Programs\MiKTeX\tex/latex/psnfss\courier.sty
Package: courier 2020/03/25 PSNFSS-v9.3 (WaS) 
)
(C:\Users\Morgan\AppData\Local\Programs\MiKTeX\tex/latex/sectsty\sectsty.sty
Package: sectsty 2002/02/25 v2.0.2 Commands to change all sectional heading sty
les


LaTeX Warning: Command \underbar  has changed.
               Check if current package is valid.


LaTeX Warning: Command \underline  has changed.
               Check if current package is valid.

)
(C:\Users\Morgan\AppData\Local\Programs\MiKTeX\tex/latex/geometry\geometry.sty
Package: geometry 2020/01/02 v5.9 Page Geometry

(C:\Users\Morgan\AppData\Local\Programs\MiKTeX\tex/generic/iftex\ifvtex.sty
Package: ifvtex 2019/10/25 v1.7 ifvtex legacy package. Use iftex instead.
)
\Gm@cnth=\count316
\Gm@cntv=\count317
\c@Gm@tempcnt=\count318
\Gm@bindingoffset=\dimen190
\Gm@wd@mp=\dimen191
\Gm@odd@mp=\dimen192
\Gm@even@mp=\dimen193
\Gm@layoutwidth=\dimen194
\Gm@layoutheight=\dimen195
\Gm@layouthoffset=\dimen196
\Gm@layoutvoffset=\dimen197
\Gm@dimlist=\toks34

(C:\Users\Morgan\AppData\Local\Programs\MiKTeX\tex/latex/geometry\geometry.cfg)
)
(C:\Users\Morgan\AppData\Local\Programs\MiKTeX\tex/latex/fancyhdr\fancyhdr.sty
Package: fancyhdr 2022/05/18 v4.0.3 Extensive control of page headers and foote
rs
\f@nch@headwidth=\skip82
\f@nch@O@elh=\skip83
\f@nch@O@erh=\skip84
\f@nch@O@olh=\skip85
\f@nch@O@orh=\skip86
\f@nch@O@elf=\skip87
\f@nch@O@erf=\skip88
\f@nch@O@olf=\skip89
\f@nch@O@orf=\skip90
) (C:\Users\Morgan\AppData\Local\Programs\MiKTeX\tex/latex/natbib\natbib.sty
Package: natbib 2010/09/13 8.31b (PWD, AO)
\bibhang=\skip91
\bibsep=\skip92
LaTeX Info: Redefining \cite on input line 694.
\c@NAT@ctr=\count319
)
(C:\Users\Morgan\AppData\Local\Programs\MiKTeX\tex/latex/tocloft\tocloft.sty
Package: tocloft 2017/08/31 v2.3i parameterised ToC, etc., typesetting
Package tocloft Info: The document has chapter divisions on input line 51.
\cftparskip=\skip93
\cftbeforetoctitleskip=\skip94
\cftaftertoctitleskip=\skip95
\cftbeforepartskip=\skip96
\cftpartnumwidth=\skip97
\cftpartindent=\skip98
\cftbeforechapskip=\skip99
\cftchapindent=\skip100
\cftchapnumwidth=\skip101
\cftbeforesecskip=\skip102
\cftsecindent=\skip103
\cftsecnumwidth=\skip104
\cftbeforesubsecskip=\skip105
\cftsubsecindent=\skip106
\cftsubsecnumwidth=\skip107
\cftbeforesubsubsecskip=\skip108
\cftsubsubsecindent=\skip109
\cftsubsubsecnumwidth=\skip110
\cftbeforeparaskip=\skip111
\cftparaindent=\skip112
\cftparanumwidth=\skip113
\cftbeforesubparaskip=\skip114
\cftsubparaindent=\skip115
\cftsubparanumwidth=\skip116
\cftbeforeloftitleskip=\skip117
\cftafterloftitleskip=\skip118
\cftbeforefigskip=\skip119
\cftfigindent=\skip120
\cftfignumwidth=\skip121
\c@lofdepth=\count320
\c@lotdepth=\count321
\cftbeforelottitleskip=\skip122
\cftafterlottitleskip=\skip123
\cftbeforetabskip=\skip124
\cfttabindent=\skip125
\cfttabnumwidth=\skip126
)
\@indexfile=\write4
\openout4 = `refman.idx'.


Writing index file refman.idx

(C:\Users\Morgan\AppData\Local\Programs\MiKTeX\tex/latex/newunicodechar\newunic
odechar.sty
Package: newunicodechar 2018/04/08 v1.2 Defining Unicode characters
)

Package newunicodechar Warning: Redefining Unicode character on input line 116.



Package newunicodechar Warning: Redefining Unicode character on input line 117.


(C:\Users\Morgan\AppData\Local\Programs\MiKTeX\tex/latex/hyperref\hyperref.sty
Package: hyperref 2022-09-22 v7.00t Hypertext links for LaTeX

(C:\Users\Morgan\AppData\Local\Programs\MiKTeX\tex/generic/ltxcmds\ltxcmds.sty
Package: ltxcmds 2020-05-10 v1.25 LaTeX kernel commands for general use (HO)
)
(C:\Users\Morgan\AppData\Local\Programs\MiKTeX\tex/generic/pdftexcmds\pdftexcmd
s.sty
Package: pdftexcmds 2020-06-27 v0.33 Utility functions of pdfTeX for LuaTeX (HO
)
Package pdftexcmds Info: \pdf@primitive is available.
Package pdftexcmds Info: \pdf@ifprimitive is available.
Package pdftexcmds Info: \pdfdraftmode found.
)
(C:\Users\Morgan\AppData\Local\Programs\MiKTeX\tex/latex/kvsetkeys\kvsetkeys.st
y
Package: kvsetkeys 2022-10-05 v1.19 Key value parser (HO)
)
(C:\Users\Morgan\AppData\Local\Programs\MiKTeX\tex/generic/kvdefinekeys\kvdefin
ekeys.sty
Package: kvdefinekeys 2019-12-19 v1.6 Define keys (HO)
)
(C:\Users\Morgan\AppData\Local\Programs\MiKTeX\tex/generic/pdfescape\pdfescape.
sty
Package: pdfescape 2019/12/09 v1.15 Implements pdfTeX's escape features (HO)
)
(C:\Users\Morgan\AppData\Local\Programs\MiKTeX\tex/latex/hycolor\hycolor.sty
Package: hycolor 2020-01-27 v1.10 Color options for hyperref/bookmark (HO)
)
(C:\Users\Morgan\AppData\Local\Programs\MiKTeX\tex/latex/letltxmacro\letltxmacr
o.sty
Package: letltxmacro 2019/12/03 v1.6 Let assignment for LaTeX macros (HO)
)
(C:\Users\Morgan\AppData\Local\Programs\MiKTeX\tex/latex/auxhook\auxhook.sty
Package: auxhook 2019-12-17 v1.6 Hooks for auxiliary files (HO)
)
(C:\Users\Morgan\AppData\Local\Programs\MiKTeX\tex/latex/hyperref\nameref.sty
Package: nameref 2022-05-17 v2.50 Cross-referencing by name of section

(C:\Users\Morgan\AppData\Local\Programs\MiKTeX\tex/latex/refcount\refcount.sty
Package: refcount 2019/12/15 v3.6 Data extraction from label references (HO)
)
(C:\Users\Morgan\AppData\Local\Programs\MiKTeX\tex/generic/gettitlestring\getti
tlestring.sty
Package: gettitlestring 2019/12/15 v1.6 Cleanup title references (HO)

(C:\Users\Morgan\AppData\Local\Programs\MiKTeX\tex/latex/kvoptions\kvoptions.st
y
Package: kvoptions 2022-06-15 v3.15 Key value format for package options (HO)
))
\c@section@level=\count322
)
\@linkdim=\dimen198
\Hy@linkcounter=\count323
\Hy@pagecounter=\count324

(C:\Users\Morgan\AppData\Local\Programs\MiKTeX\tex/latex/hyperref\pd1enc.def
File: pd1enc.def 2022-09-22 v7.00t Hyperref: PDFDocEncoding definition (HO)
Now handling font encoding PD1 ...
... no UTF-8 mapping file for font encoding PD1
)
(C:\Users\Morgan\AppData\Local\Programs\MiKTeX\tex/generic/etexcmds\etexcmds.st
y
Package: etexcmds 2019/12/15 v1.7 Avoid name clashes with e-TeX commands (HO)
)
\Hy@SavedSpaceFactor=\count325
 (C:\Users\Morgan\AppData\Local\Programs\MiKTeX\tex/latex/hyperref\puenc.def
File: puenc.def 2022-09-22 v7.00t Hyperref: PDF Unicode definition (HO)
Now handling font encoding PU ...
... no UTF-8 mapping file for font encoding PU
)
Package hyperref Info: Hyper figures OFF on input line 4162.
Package hyperref Info: Link nesting OFF on input line 4167.
Package hyperref Info: Hyper index ON on input line 4170.
Package hyperref Info: Plain pages OFF on input line 4177.
Package hyperref Info: Backreferencing ON on input line 4180.
Package hyperref Info: Implicit mode ON; LaTeX internals redefined.
Package hyperref Info: Bookmarks ON on input line 4410.
(C:\Users\Morgan\AppData\Local\Programs\MiKTeX\tex/latex/hyperref\backref.sty
Package: backref 2021/02/04 v1.41 Bibliographical back referencing

(C:\Users\Morgan\AppData\Local\Programs\MiKTeX\tex/latex/rerunfilecheck\rerunfi
lecheck.sty
Package: rerunfilecheck 2022-07-10 v1.10 Rerun checks for auxiliary files (HO)

(C:\Users\Morgan\AppData\Local\Programs\MiKTeX\tex/latex/base\atveryend-ltx.sty
Package: atveryend-ltx 2020/08/19 v1.0a Emulation of the original atveryend pac
kage
with kernel methods
)
(C:\Users\Morgan\AppData\Local\Programs\MiKTeX\tex/generic/uniquecounter\unique
counter.sty
Package: uniquecounter 2019/12/15 v1.4 Provide unlimited unique counter (HO)

(C:\Users\Morgan\AppData\Local\Programs\MiKTeX\tex/generic/bigintcalc\bigintcal
c.sty
Package: bigintcalc 2019/12/15 v1.5 Expandable calculations on big integers (HO
)
))
Package uniquecounter Info: New unique counter `rerunfilecheck' on input line 2
85.
))
\c@Hy@tempcnt=\count326
 (C:\Users\Morgan\AppData\Local\Programs\MiKTeX\tex/latex/url\url.sty
\Urlmuskip=\muskip16
Package: url 2013/09/16  ver 3.4  Verb mode for urls, etc.
)
LaTeX Info: Redefining \url on input line 4748.
\XeTeXLinkMargin=\dimen199
(C:\Users\Morgan\AppData\Local\Programs\MiKTeX\tex/generic/bitset\bitset.sty
Package: bitset 2019/12/09 v1.3 Handle bit-vector datatype (HO)
)
\Fld@menulength=\count327
\Field@Width=\dimen256
\Fld@charsize=\dimen257
Package hyperref Info: Hyper figures OFF on input line 6027.
Package hyperref Info: Link nesting OFF on input line 6032.
Package hyperref Info: Hyper index ON on input line 6035.
Package hyperref Info: backreferencing ON on input line 6040.
Package hyperref Info: Link coloring OFF on input line 6047.
Package hyperref Info: Link coloring with OCG OFF on input line 6052.
Package hyperref Info: PDF/A mode OFF on input line 6057.

(C:\Users\Morgan\AppData\Local\Programs\MiKTeX\tex/latex/base\atbegshi-ltx.sty
Package: atbegshi-ltx 2021/01/10 v1.0c Emulation of the original atbegshi
package with kernel methods
)
\Hy@abspage=\count328
\c@Item=\count329
\c@Hfootnote=\count330

LaTeX Warning: Command \LT@p@ftntext  has changed.
               Check if current package is valid.

)
Package hyperref Info: Driver: hpdftex.
 (C:\Users\Morgan\AppData\Local\Programs\MiKTeX\tex/latex/hyperref\hpdftex.def
File: hpdftex.def 2022-09-22 v7.00t Hyperref driver for pdfTeX
\Fld@listcount=\count331
\c@bookmark@seq@number=\count332
\Hy@SectionHShift=\skip127
)
Package hyperref Info: Option `colorlinks' set `true' on input line 136.
Package hyperref Info: Option `unicode' set `true' on input line 136.
 (C:\Users\Morgan\AppData\Local\Programs\MiKTeX\tex/latex/caption\caption.sty
Package: caption 2022/03/01 v3.6b Customizing captions (AR)

(C:\Users\Morgan\AppData\Local\Programs\MiKTeX\tex/latex/caption\caption3.sty
Package: caption3 2022/03/17 v2.3b caption3 kernel (AR)
\caption@tempdima=\dimen258
\captionmargin=\dimen259
\caption@leftmargin=\dimen260
\caption@rightmargin=\dimen261
\caption@width=\dimen262
\caption@indent=\dimen263
\caption@parindent=\dimen264
\caption@hangindent=\dimen265
Package caption Info: Standard document class detected.
)
\c@caption@flags=\count333
\c@continuedfloat=\count334
Package caption Info: float package is loaded.
Package caption Info: hyperref package is loaded.
Package caption Info: longtable package is loaded.

(C:\Users\Morgan\AppData\Local\Programs\MiKTeX\tex/latex/caption\ltcaption.sty
Package: ltcaption 2021/01/08 v1.4c longtable captions (AR)
)) (C:\Users\Morgan\AppData\Local\Programs\MiKTeX\tex/latex/etoc\etoc.sty
Package: etoc 2022/08/30 v1.09f Completely customisable TOCs (JFB)
\Etoc@toctoks=\toks35
\c@etoc@tocid=\count335
\c@etoc@tocdepth=\count336
\etoc@framed@titlebox=\box120
\etoc@framed@contentsbox=\box121
)
LaTeX Font Info:    Trying to load font information for T1+phv on input line 15
2.

(C:\Users\Morgan\AppData\Local\Programs\MiKTeX\tex/latex/psnfss\t1phv.fd
File: t1phv.fd 2020/03/25 scalable font definitions for T1/phv.
)
LaTeX Font Info:    Font shape `T1/phv/m/n' will be
(Font)              scaled to size 8.99994pt on input line 152.

(C:\Users\Morgan\AppData\Local\Programs\MiKTeX\tex/latex/l3backend\l3backend-pd
ftex.def
File: l3backend-pdftex.def 2022-10-26 L3 backend support: PDF output (pdfTeX)
\l__color_backend_stack_int=\count337
\l__pdf_internal_box=\box122
) (refman.aux)
\openout1 = `refman.aux'.

LaTeX Font Info:    Checking defaults for OML/cmm/m/it on input line 152.
LaTeX Font Info:    ... okay on input line 152.
LaTeX Font Info:    Checking defaults for OMS/cmsy/m/n on input line 152.
LaTeX Font Info:    ... okay on input line 152.
LaTeX Font Info:    Checking defaults for OT1/cmr/m/n on input line 152.
LaTeX Font Info:    ... okay on input line 152.
LaTeX Font Info:    Checking defaults for T1/cmr/m/n on input line 152.
LaTeX Font Info:    ... okay on input line 152.
LaTeX Font Info:    Checking defaults for TS1/cmr/m/n on input line 152.
LaTeX Font Info:    ... okay on input line 152.
LaTeX Font Info:    Checking defaults for OMX/cmex/m/n on input line 152.
LaTeX Font Info:    ... okay on input line 152.
LaTeX Font Info:    Checking defaults for U/cmr/m/n on input line 152.
LaTeX Font Info:    ... okay on input line 152.
LaTeX Font Info:    Checking defaults for PD1/pdf/m/n on input line 152.
LaTeX Font Info:    ... okay on input line 152.
LaTeX Font Info:    Checking defaults for PU/pdf/m/n on input line 152.
LaTeX Font Info:    ... okay on input line 152.

(C:\Users\Morgan\AppData\Local\Programs\MiKTeX\tex/context/base/mkii\supp-pdf.m
kii
[Loading MPS to PDF converter (version 2006.09.02).]
\scratchcounter=\count338
\scratchdimen=\dimen266
\scratchbox=\box123
\nofMPsegments=\count339
\nofMParguments=\count340
\everyMPshowfont=\toks36
\MPscratchCnt=\count341
\MPscratchDim=\dimen267
\MPnumerator=\count342
\makeMPintoPDFobject=\count343
\everyMPtoPDFconversion=\toks37
)
(C:\Users\Morgan\AppData\Local\Programs\MiKTeX\tex/latex/epstopdf-pkg\epstopdf-
base.sty
Package: epstopdf-base 2020-01-24 v2.11 Base part for package epstopdf
Package epstopdf-base Info: Redefining graphics rule for `.eps' on input line 4
85.

(C:\Users\Morgan\AppData\Local\Programs\MiKTeX\tex/latex/00miktex\epstopdf-sys.
cfg
File: epstopdf-sys.cfg 2021/03/18 v2.0 Configuration of epstopdf for MiKTeX
))
*geometry* driver: auto-detecting
*geometry* detected driver: pdftex
*geometry* verbose mode - [ preamble ] result:
* driver: pdftex
* paper: a4paper
* layout: <same size as paper>
* layoutoffset:(h,v)=(0.0pt,0.0pt)
* modes: twoside 
* h-part:(L,W,R)=(71.13188pt, 455.24411pt, 71.13188pt)
* v-part:(T,H,B)=(71.13188pt, 702.78308pt, 71.13188pt)
* \paperwidth=597.50787pt
* \paperheight=845.04684pt
* \textwidth=455.24411pt
* \textheight=702.78308pt
* \oddsidemargin=-1.1381pt
* \evensidemargin=-1.1381pt
* \topmargin=-31.2056pt
* \headheight=12.0pt
* \headsep=18.06749pt
* \topskip=10.0pt
* \footskip=25.29494pt
* \marginparwidth=125.0pt
* \marginparsep=7.0pt
* \columnsep=10.0pt
* \skip\footins=9.0pt plus 4.0pt minus 2.0pt
* \hoffset=0.0pt
* \voffset=0.0pt
* \mag=1000
* \@twocolumnfalse
* \@twosidetrue
* \@mparswitchtrue
* \@reversemarginfalse
* (1in=72.27pt=25.4mm, 1cm=28.453pt)

Package backref Info: ** backref set up for natbib ** on input line 152.
Package hyperref Info: Link coloring ON on input line 152.
(refman.out) (refman.out)
\@outlinefile=\write5
\openout5 = `refman.out'.

Package caption Info: Begin \AtBeginDocument code.
Package caption Info: End \AtBeginDocument code.
\Etoc@tf=\read4
Package hyperref Info: Option `pageanchor' set `false' on input line 160.
Package hyperref Info: Option `bookmarksnumbered' set `true' on input line 160.

Package hyperref Info: Option `unicode' set `true' on input line 160.
LaTeX Font Info:    Font shape `T1/phv/m/n' will be
(Font)              scaled to size 12.9599pt on input line 165.
LaTeX Font Info:    Font shape `T1/phv/m/n' will be
(Font)              scaled to size 6.29996pt on input line 165.
LaTeX Font Info:    Trying to load font information for U+msa on input line 165
.

(C:\Users\Morgan\AppData\Local\Programs\MiKTeX\tex/latex/amsfonts\umsa.fd
File: umsa.fd 2013/01/14 v3.01 AMS symbols A
)
LaTeX Font Info:    Trying to load font information for U+msb on input line 165
.

(C:\Users\Morgan\AppData\Local\Programs\MiKTeX\tex/latex/amsfonts\umsb.fd
File: umsb.fd 2013/01/14 v3.01 AMS symbols B
)
LaTeX Font Info:    Trying to load font information for U+wasy on input line 16
5.

(C:\Users\Morgan\AppData\Local\Programs\MiKTeX\tex/latex/wasysym\uwasy.fd
File: uwasy.fd 2020/01/19 v2.4 Wasy-2 symbol font definitions
)
LaTeX Font Info:    Font shape `T1/phv/m/n' will be
(Font)              scaled to size 10.79993pt on input line 166.

[1


{C:/Users/Morgan/AppData/Local/MiKTeX/fonts/map/pdftex/pdftex.map}] [2

]
\tf@toc=\write6
\openout6 = `refman.toc'.

LaTeX Font Info:    Font shape `T1/phv/b/n' will be
(Font)              scaled to size 8.99994pt on input line 174.
LaTeX Font Info:    Font shape `T1/phv/b/n' will be
(Font)              scaled to size 6.29996pt on input line 174.

[1] [2] [3] [4] [5] [6] [7] [8] [9] [10] [11] [12

]
Package hyperref Info: Option `pageanchor' set `true' on input line 177.

Chapter 1.
LaTeX Font Info:    Font shape `T1/phv/m/n' will be
(Font)              scaled to size 18.66588pt on input line 179.
LaTeX Font Info:    Font shape `T1/phv/b/n' will be
(Font)              scaled to size 18.66588pt on input line 179.
LaTeX Font Info:    Font shape `T1/phv/bc/n' will be
(Font)              scaled to size 18.66588pt on input line 179.
LaTeX Font Info:    Font shape `T1/phv/m/n' will be
(Font)              scaled to size 22.39185pt on input line 179.
LaTeX Font Info:    Font shape `T1/phv/b/n' will be
(Font)              scaled to size 22.39185pt on input line 179.
LaTeX Font Info:    Font shape `T1/phv/bc/n' will be
(Font)              scaled to size 22.39185pt on input line 179.
(hierarchy.tex
LaTeX Font Info:    Font shape `T1/phv/b/n' will be
(Font)              scaled to size 12.9599pt on input line 1.
 [1

]) [2]
Chapter 2.
(annotated.tex
Underfull \hbox (badness 1038) in paragraph at lines 11--11
 \T1/phv/m/n/10 el-e-ments in ground[]Forces. Keeps track of the cur-rent po-si
-tion in the traver-sal of the 
 []

[3

] [4]) [5] [6

]
Chapter 3.
(files.tex

LaTeX Warning: Reference `_ambush_8h_source' on page 7 undefined on input line 
3.


LaTeX Warning: Reference `_army_supplies_8h_source' on page 7 undefined on inpu
t line 4.


LaTeX Warning: Reference `_assassinate_8h_source' on page 7 undefined on input 
line 5.


LaTeX Warning: Reference `_bannerman_8h_source' on page 7 undefined on input li
ne 6.


LaTeX Warning: Reference `_battle_field_8h_source' on page 7 undefined on input
 line 7.


LaTeX Warning: Reference `_class_8h_source' on page 7 undefined on input line 8
.


LaTeX Warning: Reference `_commander_8h_source' on page 7 undefined on input li
ne 9.


LaTeX Warning: Reference `_conditions_8h_source' on page 7 undefined on input l
ine 10.


LaTeX Warning: Reference `_con_iterator_8h_source' on page 7 undefined on input
 line 11.


LaTeX Warning: Reference `_economy_8h_source' on page 7 undefined on input line
 12.


LaTeX Warning: Reference `_factory_8h_source' on page 7 undefined on input line
 13.


LaTeX Warning: Reference `_failed_state_8h_source' on page 7 undefined on input
 line 14.


LaTeX Warning: Reference `_food_fac_8h_source' on page 7 undefined on input lin
e 15.


LaTeX Warning: Reference `_food_supp_8h_source' on page 7 undefined on input li
ne 16.


LaTeX Warning: Reference `_food_wagon_8h_source' on page 7 undefined on input l
ine 17.


LaTeX Warning: Reference `_healthy_state_8h_source' on page 7 undefined on inpu
t line 18.


LaTeX Warning: Reference `_historian_8h_source' on page 7 undefined on input li
ne 19.


LaTeX Warning: Reference `_history_8h_source' on page 7 undefined on input line
 20.


LaTeX Warning: Reference `_history_book_8h_source' on page 7 undefined on input
 line 21.


LaTeX Warning: Reference `_iterator_8h_source' on page 7 undefined on input lin
e 22.


LaTeX Warning: Reference `_kingdom_8h_source' on page 7 undefined on input line
 23.


LaTeX Warning: Reference `_location_8h_source' on page 7 undefined on input lin
e 24.


LaTeX Warning: Reference `_master_of_coin_8h_source' on page 7 undefined on inp
ut line 25.


LaTeX Warning: Reference `_medical_fac_8h_source' on page 7 undefined on input 
line 26.


LaTeX Warning: Reference `_medical_supp_8h_source' on page 7 undefined on input
 line 27.


LaTeX Warning: Reference `_medical_wagon_8h_source' on page 7 undefined on inpu
t line 28.


LaTeX Warning: Reference `_raven_8h_source' on page 7 undefined on input line 2
9.


LaTeX Warning: Reference `send_raven_8h_source' on page 7 undefined on input li
ne 30.


LaTeX Warning: Reference `_siege_8h_source' on page 7 undefined on input line 3
1.


LaTeX Warning: Reference `_state_8h_source' on page 7 undefined on input line 3
2.


LaTeX Warning: Reference `_strategy_8h_source' on page 7 undefined on input lin
e 33.


LaTeX Warning: Reference `_supply_wagon_8h_source' on page 7 undefined on input
 line 34.


LaTeX Warning: Reference `_topology_8h_source' on page 7 undefined on input lin
e 35.


LaTeX Warning: Reference `_treasury_8h_source' on page 7 undefined on input lin
e 36.


LaTeX Warning: Reference `_troop_8h_source' on page 7 undefined on input line 3
7.


LaTeX Warning: Reference `_unstable_state_8h_source' on page 7 undefined on inp
ut line 38.


LaTeX Warning: Reference `_war_indicators_8h_source' on page 7 undefined on inp
ut line 39.


LaTeX Warning: Reference `_war_theatre_8h_source' on page 7 undefined on input 
line 40.


LaTeX Warning: Reference `_weapons_fac_8h_source' on page 7 undefined on input 
line 41.

[7]

LaTeX Warning: Reference `_weapon_supp_8h_source' on page 8 undefined on input 
line 42.


LaTeX Warning: Reference `_weapon_wagon_8h_source' on page 8 undefined on input
 line 43.


LaTeX Warning: Reference `_weather_8h_source' on page 8 undefined on input line
 44.

) [8]
Chapter 4.
(class_ambush.tex
LaTeX Font Info:    Trying to load font information for T1+pcr on input line 10
.

(C:\Users\Morgan\AppData\Local\Programs\MiKTeX\tex/latex/psnfss\t1pcr.fd
File: t1pcr.fd 2001/06/04 font definitions for T1/pcr.
)
Package epstopdf Info: Source file: <class_ambush.eps>
(epstopdf)                    date: 2022-11-07 11:58:49
(epstopdf)                    size: 3887 bytes
(epstopdf)             Output file: <class_ambush-eps-converted-to.pdf>
(epstopdf)                    date: 2022-11-07 12:20:33
(epstopdf)                    size: 6407 bytes
(epstopdf)             Command: <miktex-epstopdf --outfile=class_ambush-eps-con
verted-to.pdf class_ambush.eps>
(epstopdf)             \includegraphics on input line 15.
Package epstopdf Info: Output file is already uptodate.


pdfTeX warning: pdflatex (file ./class_ambush-eps-converted-to.pdf): PDF inclus
ion: found PDF version <1.7>, but at most version <1.5> allowed
 <./class_ambush-eps-converted-to.pdf>
<class_ambush-eps-converted-to.pdf, id=2568, 501.875pt x 615.29875pt>
File: class_ambush-eps-converted-to.pdf Graphic file (type pdf)
<use class_ambush-eps-converted-to.pdf>
Package pdftex.def Info: class_ambush-eps-converted-to.pdf  used on input line 
15.
(pdftex.def)             Requested size: 69.61874pt x 85.35826pt.
LaTeX Font Info:    Font shape `T1/phv/b/n' will be
(Font)              scaled to size 10.79993pt on input line 18.
LaTeX Font Info:    Trying to load font information for TS1+phv on input line 2
1.

(C:\Users\Morgan\AppData\Local\Programs\MiKTeX\tex/latex/psnfss\ts1phv.fd
File: ts1phv.fd 2020/03/25 scalable font definitions for TS1/phv.
)
LaTeX Font Info:    Font shape `TS1/phv/m/n' will be
(Font)              scaled to size 8.99994pt on input line 21.

Underfull \hbox (badness 900) in paragraph at lines 21--22
[][] \T1/phv/m/n/10 (int [], [] $\OMS/cmsy/m/n/10 ^^C$[]\T1/phv/m/n/10 , [] $\O
MS/cmsy/m/n/10 ^^C$[]\T1/phv/m/n/10 , [] $\OMS/cmsy/m/n/10 ^^C$[]\T1/phv/m/n/10
 ,
 []

LaTeX Font Info:    Font shape `T1/phv/m/n' will be
(Font)              scaled to size 8.09995pt on input line 22.
LaTeX Font Info:    Font shape `T1/phv/m/it' in size <9> not available
(Font)              Font shape `T1/phv/m/sl' tried instead on input line 22.
LaTeX Font Info:    Font shape `T1/phv/m/sl' will be
(Font)              scaled to size 8.09995pt on input line 22.
LaTeX Font Info:    Font shape `T1/phv/m/it' in size <7> not available
(Font)              Font shape `T1/phv/m/sl' tried instead on input line 22.
LaTeX Font Info:    Font shape `T1/phv/m/sl' will be
(Font)              scaled to size 6.29996pt on input line 22.
[9

]
LaTeX Font Info:    Font shape `T1/phv/bc/n' will be
(Font)              scaled to size 8.99994pt on input line 39.

Underfull \hbox (badness 10000) detected at line 39
[][][]
 []


Underfull \hbox (badness 10000) detected at line 42
[][][]
 []

LaTeX Font Info:    Font shape `T1/phv/m/n' will be
(Font)              scaled to size 7.19995pt on input line 52.
LaTeX Font Info:    Font shape `T1/pcr/m/it' in size <8> not available
(Font)              Font shape `T1/pcr/m/sl' tried instead on input line 52.
LaTeX Font Info:    Font shape `T1/pcr/m/it' in size <7> not available
(Font)              Font shape `T1/pcr/m/sl' tried instead on input line 52.
[10]
Underfull \hbox (badness 10000) detected at line 101
[][][]
 []

) (class_army_supplies.tex
Package epstopdf Info: Source file: <class_army_supplies.eps>
(epstopdf)                    date: 2022-11-07 11:58:51
(epstopdf)                    size: 3984 bytes
(epstopdf)             Output file: <class_army_supplies-eps-converted-to.pdf>
(epstopdf)                    date: 2022-11-07 12:20:37
(epstopdf)                    size: 6249 bytes
(epstopdf)             Command: <miktex-epstopdf --outfile=class_army_supplies-
eps-converted-to.pdf class_army_supplies.eps>
(epstopdf)             \includegraphics on input line 15.
Package epstopdf Info: Output file is already uptodate.


pdfTeX warning: pdflatex (file ./class_army_supplies-eps-converted-to.pdf): PDF
 inclusion: found PDF version <1.7>, but at most version <1.5> allowed
 <./class_army_supplies-eps-converted-to.pdf>
<class_army_supplies-eps-converted-to.pdf, id=2662, 501.875pt x 137.51375pt>
File: class_army_supplies-eps-converted-to.pdf Graphic file (type pdf)
<use class_army_supplies-eps-converted-to.pdf>
Package pdftex.def Info: class_army_supplies-eps-converted-to.pdf  used on inpu
t line 15.
(pdftex.def)             Requested size: 207.68457pt x 56.9055pt.
 [11]
Underfull \hbox (badness 10000) detected at line 28
[][][]
 []


Underfull \hbox (badness 10000) detected at line 44
[][][]
 []

) (class_assassinate.tex
Package epstopdf Info: Source file: <class_assassinate.eps>
(epstopdf)                    date: 2022-11-07 11:58:52
(epstopdf)                    size: 3897 bytes
(epstopdf)             Output file: <class_assassinate-eps-converted-to.pdf>
(epstopdf)                    date: 2022-11-07 12:20:39
(epstopdf)                    size: 5930 bytes
(epstopdf)             Command: <miktex-epstopdf --outfile=class_assassinate-ep
s-converted-to.pdf class_assassinate.eps>
(epstopdf)             \includegraphics on input line 15.
Package epstopdf Info: Output file is already uptodate.


pdfTeX warning: pdflatex (file ./class_assassinate-eps-converted-to.pdf): PDF i
nclusion: found PDF version <1.7>, but at most version <1.5> allowed
 <./class_assassinate-eps-converted-to.pdf>
<class_assassinate-eps-converted-to.pdf, id=2684, 501.875pt x 615.29875pt>
File: class_assassinate-eps-converted-to.pdf Graphic file (type pdf)
<use class_assassinate-eps-converted-to.pdf>
Package pdftex.def Info: class_assassinate-eps-converted-to.pdf  used on input 
line 15.
(pdftex.def)             Requested size: 69.61874pt x 85.35826pt.

Underfull \hbox (badness 1558) in paragraph at lines 21--22
[][] \T1/phv/m/n/10 (int [], bool [], [] $\OMS/cmsy/m/n/10 ^^C$[]\T1/phv/m/n/10
 , [] $\OMS/cmsy/m/n/10 ^^C$[]\T1/phv/m/n/10 , []
 []


Underfull \hbox (badness 972) in paragraph at lines 21--22
\OMS/cmsy/m/n/10 ^^C$[]\T1/phv/m/n/10 , [] $\OMS/cmsy/m/n/10 ^^C$[]\T1/phv/m/n/
10 , string name, int min, int [], [] $\OMS/cmsy/m/n/10 ^^C$\T1/phv/m/n/10 h,
 []

[12]
Underfull \hbox (badness 10000) detected at line 41
[][][]
 []


Underfull \hbox (badness 10000) detected at line 44
[][][]
 []

[13]
Underfull \hbox (badness 10000) detected at line 105
[][][]
 []

[14]) (class_bannerman.tex
Package epstopdf Info: Source file: <class_bannerman.eps>
(epstopdf)                    date: 2022-11-07 11:58:53
(epstopdf)                    size: 4154 bytes
(epstopdf)             Output file: <class_bannerman-eps-converted-to.pdf>
(epstopdf)                    date: 2022-11-07 12:20:42
(epstopdf)                    size: 6105 bytes
(epstopdf)             Command: <miktex-epstopdf --outfile=class_bannerman-eps-
converted-to.pdf class_bannerman.eps>
(epstopdf)             \includegraphics on input line 6.
Package epstopdf Info: Output file is already uptodate.


pdfTeX warning: pdflatex (file ./class_bannerman-eps-converted-to.pdf): PDF inc
lusion: found PDF version <1.7>, but at most version <1.5> allowed
 <./class_bannerman-eps-converted-to.pdf>
<class_bannerman-eps-converted-to.pdf, id=2790, 501.875pt x 154.5775pt>
File: class_bannerman-eps-converted-to.pdf Graphic file (type pdf)
<use class_bannerman-eps-converted-to.pdf>
Package pdftex.def Info: class_bannerman-eps-converted-to.pdf  used on input li
ne 6.
(pdftex.def)             Requested size: 277.1425pt x 85.35826pt.
 [15]
LaTeX Font Info:    Font shape `TS1/phv/m/it' in size <9> not available
(Font)              Font shape `TS1/phv/m/sl' tried instead on input line 60.
LaTeX Font Info:    Font shape `TS1/phv/m/sl' will be
(Font)              scaled to size 8.09995pt on input line 60.
 [16] [17] [18]
Underfull \hbox (badness 10000) detected at line 264
[][][]
 []


Underfull \hbox (badness 10000) detected at line 295
[][][]
 []

[19]
Underfull \hbox (badness 10000) detected at line 312
[][][]
 []


Underfull \hbox (badness 10000) detected at line 329
[][][]
 []


Underfull \hbox (badness 10000) detected at line 346
[][][]
 []


Underfull \hbox (badness 10000) detected at line 363
[][][]
 []

[20]
Underfull \hbox (badness 10000) detected at line 380
[][][]
 []

[21] [22] [23] [24] [25]) (class_battle_field.tex
Package epstopdf Info: Source file: <class_battle_field.eps>
(epstopdf)                    date: 2022-11-07 11:58:53
(epstopdf)                    size: 3897 bytes
(epstopdf)             Output file: <class_battle_field-eps-converted-to.pdf>
(epstopdf)                    date: 2022-11-07 12:20:45
(epstopdf)                    size: 6162 bytes
(epstopdf)             Command: <miktex-epstopdf --outfile=class_battle_field-e
ps-converted-to.pdf class_battle_field.eps>
(epstopdf)             \includegraphics on input line 15.
Package epstopdf Info: Output file is already uptodate.


pdfTeX warning: pdflatex (file ./class_battle_field-eps-converted-to.pdf): PDF 
inclusion: found PDF version <1.7>, but at most version <1.5> allowed
 <./class_battle_field-eps-converted-to.pdf>
<class_battle_field-eps-converted-to.pdf, id=3087, 501.875pt x 615.29875pt>
File: class_battle_field-eps-converted-to.pdf Graphic file (type pdf)
<use class_battle_field-eps-converted-to.pdf>
Package pdftex.def Info: class_battle_field-eps-converted-to.pdf  used on input
 line 15.
(pdftex.def)             Requested size: 69.61874pt x 85.35826pt.
 [26]
Underfull \hbox (badness 10000) detected at line 34
[][][]
 []


Underfull \hbox (badness 10000) detected at line 37
[][][]
 []


Overfull \vbox (110.3895pt too high) has occurred while \output is active []


[27]
Underfull \hbox (badness 10000) detected at line 94
[][][]
 []

) (class_class.tex) (class_commander.tex
Package epstopdf Info: Source file: <class_commander.eps>
(epstopdf)                    date: 2022-11-07 11:58:53
(epstopdf)                    size: 4129 bytes
(epstopdf)             Output file: <class_commander-eps-converted-to.pdf>
(epstopdf)                    date: 2022-11-07 12:20:47
(epstopdf)                    size: 5897 bytes
(epstopdf)             Command: <miktex-epstopdf --outfile=class_commander-eps-
converted-to.pdf class_commander.eps>
(epstopdf)             \includegraphics on input line 15.
Package epstopdf Info: Output file is already uptodate.


pdfTeX warning: pdflatex (file ./class_commander-eps-converted-to.pdf): PDF inc
lusion: found PDF version <1.7>, but at most version <1.5> allowed
 <./class_commander-eps-converted-to.pdf>
<class_commander-eps-converted-to.pdf, id=3162, 501.875pt x 308.15125pt>
File: class_commander-eps-converted-to.pdf Graphic file (type pdf)
<use class_commander-eps-converted-to.pdf>
Package pdftex.def Info: class_commander-eps-converted-to.pdf  used on input li
ne 15.
(pdftex.def)             Requested size: 139.01541pt x 85.35826pt.
 [28] [29]
Underfull \hbox (badness 10000) detected at line 104
[][][]
 []


Underfull \hbox (badness 10000) detected at line 107
[][][]
 []

[30] [31] [32]
Underfull \hbox (badness 10000) detected at line 294
[][][]
 []


Underfull \hbox (badness 10000) detected at line 311
[][][]
 []

[33]
Underfull \hbox (badness 10000) detected at line 328
[][][]
 []


Underfull \hbox (badness 10000) detected at line 345
[][][]
 []


Underfull \hbox (badness 10000) detected at line 362
[][][]
 []


Underfull \hbox (badness 10000) detected at line 379
[][][]
 []

[34]
Underfull \hbox (badness 10000) detected at line 406
[][][]
 []

[35] [36] [37]) (class_conditions.tex
Package epstopdf Info: Source file: <class_conditions.eps>
(epstopdf)                    date: 2022-11-07 11:58:53
(epstopdf)                    size: 4002 bytes
(epstopdf)             Output file: <class_conditions-eps-converted-to.pdf>
(epstopdf)                    date: 2022-11-07 12:20:51
(epstopdf)                    size: 6053 bytes
(epstopdf)             Command: <miktex-epstopdf --outfile=class_conditions-eps
-converted-to.pdf class_conditions.eps>
(epstopdf)             \includegraphics on input line 15.
Package epstopdf Info: Output file is already uptodate.


pdfTeX warning: pdflatex (file ./class_conditions-eps-converted-to.pdf): PDF in
clusion: found PDF version <1.7>, but at most version <1.5> allowed
 <./class_conditions-eps-converted-to.pdf>
<class_conditions-eps-converted-to.pdf, id=3339, 501.875pt x 350.30875pt>
File: class_conditions-eps-converted-to.pdf Graphic file (type pdf)
<use class_conditions-eps-converted-to.pdf>
Package pdftex.def Info: class_conditions-eps-converted-to.pdf  used on input l
ine 15.
(pdftex.def)             Requested size: 122.29037pt x 85.35826pt.
 [38]
Underfull \hbox (badness 10000) detected at line 38
[][][]
 []


Underfull \hbox (badness 10000) detected at line 41
[][][]
 []

[39]) (class_con_iterator.tex
Package epstopdf Info: Source file: <class_con_iterator.eps>
(epstopdf)                    date: 2022-11-07 11:58:54
(epstopdf)                    size: 3780 bytes
(epstopdf)             Output file: <class_con_iterator-eps-converted-to.pdf>
(epstopdf)                    date: 2022-11-07 12:20:55
(epstopdf)                    size: 4709 bytes
(epstopdf)             Command: <miktex-epstopdf --outfile=class_con_iterator-e
ps-converted-to.pdf class_con_iterator.eps>
(epstopdf)             \includegraphics on input line 15.
Package epstopdf Info: Output file is already uptodate.


pdfTeX warning: pdflatex (file ./class_con_iterator-eps-converted-to.pdf): PDF 
inclusion: found PDF version <1.7>, but at most version <1.5> allowed
 <./class_con_iterator-eps-converted-to.pdf>
<class_con_iterator-eps-converted-to.pdf, id=3379, 501.875pt x 483.8075pt>
File: class_con_iterator-eps-converted-to.pdf Graphic file (type pdf)
<use class_con_iterator-eps-converted-to.pdf>
Package pdftex.def Info: class_con_iterator-eps-converted-to.pdf  used on input
 line 15.
(pdftex.def)             Requested size: 59.02774pt x 56.9055pt.
 [40]
Underfull \hbox (badness 10000) detected at line 43
[][][]
 []


Underfull \hbox (badness 10000) detected at line 46
[][][]
 []


Underfull \hbox (badness 10000) detected at line 76
[][][]
 []

[41]
Underfull \hbox (badness 10000) detected at line 93
[][][]
 []


Underfull \hbox (badness 10000) detected at line 112
[][][]
 []


Underfull \hbox (badness 10000) detected at line 131
[][][]
 []

[42]) (class_economy.tex
Package epstopdf Info: Source file: <class_economy.eps>
(epstopdf)                    date: 2022-11-07 11:58:54
(epstopdf)                    size: 3782 bytes
(epstopdf)             Output file: <class_economy-eps-converted-to.pdf>
(epstopdf)                    date: 2022-11-07 12:20:58
(epstopdf)                    size: 5551 bytes
(epstopdf)             Command: <miktex-epstopdf --outfile=class_economy-eps-co
nverted-to.pdf class_economy.eps>
(epstopdf)             \includegraphics on input line 15.
Package epstopdf Info: Output file is already uptodate.


pdfTeX warning: pdflatex (file ./class_economy-eps-converted-to.pdf): PDF inclu
sion: found PDF version <1.7>, but at most version <1.5> allowed
 <./class_economy-eps-converted-to.pdf>
<class_economy-eps-converted-to.pdf, id=3440, 501.875pt x 410.53375pt>
File: class_economy-eps-converted-to.pdf Graphic file (type pdf)
<use class_economy-eps-converted-to.pdf>
Package pdftex.def Info: class_economy-eps-converted-to.pdf  used on input line
 15.
(pdftex.def)             Requested size: 69.56514pt x 56.9055pt.
 [43]
Underfull \hbox (badness 10000) detected at line 51
[][][]
 []


Underfull \hbox (badness 10000) detected at line 54
[][][]
 []

[44]
Underfull \hbox (badness 10000) detected at line 90
[][][]
 []


Underfull \hbox (badness 10000) detected at line 103
[][][]
 []

) (class_factory.tex [45]
Package epstopdf Info: Source file: <class_factory.eps>
(epstopdf)                    date: 2022-11-07 11:58:55
(epstopdf)                    size: 4087 bytes
(epstopdf)             Output file: <class_factory-eps-converted-to.pdf>
(epstopdf)                    date: 2022-11-07 12:21:02
(epstopdf)                    size: 5946 bytes
(epstopdf)             Command: <miktex-epstopdf --outfile=class_factory-eps-co
nverted-to.pdf class_factory.eps>
(epstopdf)             \includegraphics on input line 15.
Package epstopdf Info: Output file is already uptodate.


pdfTeX warning: pdflatex (file ./class_factory-eps-converted-to.pdf): PDF inclu
sion: found PDF version <1.7>, but at most version <1.5> allowed
 <./class_factory-eps-converted-to.pdf>
<class_factory-eps-converted-to.pdf, id=3510, 501.875pt x 205.76875pt>
File: class_factory-eps-converted-to.pdf Graphic file (type pdf)
<use class_factory-eps-converted-to.pdf>
Package pdftex.def Info: class_factory-eps-converted-to.pdf  used on input line
 15.
(pdftex.def)             Requested size: 208.19pt x 85.35826pt.

Underfull \hbox (badness 10000) detected at line 45
[][][]
 []

[46]
Underfull \hbox (badness 10000) detected at line 61
[][][]
 []


Underfull \hbox (badness 10000) detected at line 74
[][][]
 []

) (class_failed_state.tex
Package epstopdf Info: Source file: <class_failed_state.eps>
(epstopdf)                    date: 2022-11-07 11:58:55
(epstopdf)                    size: 3774 bytes
(epstopdf)             Output file: <class_failed_state-eps-converted-to.pdf>
(epstopdf)                    date: 2022-11-07 12:21:05
(epstopdf)                    size: 4781 bytes
(epstopdf)             Command: <miktex-epstopdf --outfile=class_failed_state-e
ps-converted-to.pdf class_failed_state.eps>
(epstopdf)             \includegraphics on input line 15.
Package epstopdf Info: Output file is already uptodate.


pdfTeX warning: pdflatex (file ./class_failed_state-eps-converted-to.pdf): PDF 
inclusion: found PDF version <1.7>, but at most version <1.5> allowed
 <./class_failed_state-eps-converted-to.pdf>
<class_failed_state-eps-converted-to.pdf, id=3555, 501.875pt x 483.8075pt>
File: class_failed_state-eps-converted-to.pdf Graphic file (type pdf)
<use class_failed_state-eps-converted-to.pdf>
Package pdftex.def Info: class_failed_state-eps-converted-to.pdf  used on input
 line 15.
(pdftex.def)             Requested size: 59.02774pt x 56.9055pt.
 [47]
Underfull \hbox (badness 10000) detected at line 34
[][][]
 []


Underfull \hbox (badness 10000) detected at line 37
[][][]
 []


Underfull \hbox (badness 10000) detected at line 67
[][][]
 []

) (class_food_fac.tex
Package epstopdf Info: Source file: <class_food_fac.eps>
(epstopdf)                    date: 2022-11-07 11:58:55
(epstopdf)                    size: 3887 bytes
(epstopdf)             Output file: <class_food_fac-eps-converted-to.pdf>
(epstopdf)                    date: 2022-11-07 12:21:07
(epstopdf)                    size: 5459 bytes
(epstopdf)             Command: <miktex-epstopdf --outfile=class_food_fac-eps-c
onverted-to.pdf class_food_fac.eps>
(epstopdf)             \includegraphics on input line 15.
Package epstopdf Info: Output file is already uptodate.


pdfTeX warning: pdflatex (file ./class_food_fac-eps-converted-to.pdf): PDF incl
usion: found PDF version <1.7>, but at most version <1.5> allowed
 <./class_food_fac-eps-converted-to.pdf>
<class_food_fac-eps-converted-to.pdf, id=3586, 501.875pt x 615.29875pt>
File: class_food_fac-eps-converted-to.pdf Graphic file (type pdf)
<use class_food_fac-eps-converted-to.pdf>
Package pdftex.def Info: class_food_fac-eps-converted-to.pdf  used on input lin
e 15.
(pdftex.def)             Requested size: 69.61874pt x 85.35826pt.
 [48]
Underfull \hbox (badness 10000) detected at line 32
[][][]
 []


Underfull \hbox (badness 10000) detected at line 48
[][][]
 []

) (class_food_supp.tex
Package epstopdf Info: Source file: <class_food_supp.eps>
(epstopdf)                    date: 2022-11-07 11:58:56
(epstopdf)                    size: 3782 bytes
(epstopdf)             Output file: <class_food_supp-eps-converted-to.pdf>
(epstopdf)                    date: 2022-11-07 12:21:09
(epstopdf)                    size: 5511 bytes
(epstopdf)             Command: <miktex-epstopdf --outfile=class_food_supp-eps-
converted-to.pdf class_food_supp.eps>
(epstopdf)             \includegraphics on input line 15.
Package epstopdf Info: Output file is already uptodate.


pdfTeX warning: pdflatex (file ./class_food_supp-eps-converted-to.pdf): PDF inc
lusion: found PDF version <1.7>, but at most version <1.5> allowed
 <./class_food_supp-eps-converted-to.pdf>
<class_food_supp-eps-converted-to.pdf, id=3615, 501.875pt x 410.53375pt>
File: class_food_supp-eps-converted-to.pdf Graphic file (type pdf)
<use class_food_supp-eps-converted-to.pdf>
Package pdftex.def Info: class_food_supp-eps-converted-to.pdf  used on input li
ne 15.
(pdftex.def)             Requested size: 69.56514pt x 56.9055pt.
 [49]
Underfull \hbox (badness 10000) detected at line 28
[][][]
 []


Underfull \hbox (badness 10000) detected at line 44
[][][]
 []

) (class_food_wagon.tex
Package epstopdf Info: Source file: <class_food_wagon.eps>
(epstopdf)                    date: 2022-11-07 11:58:56
(epstopdf)                    size: 3782 bytes
(epstopdf)             Output file: <class_food_wagon-eps-converted-to.pdf>
(epstopdf)                    date: 2022-11-07 12:21:12
(epstopdf)                    size: 5426 bytes
(epstopdf)             Command: <miktex-epstopdf --outfile=class_food_wagon-eps
-converted-to.pdf class_food_wagon.eps>
(epstopdf)             \includegraphics on input line 15.
Package epstopdf Info: Output file is already uptodate.


pdfTeX warning: pdflatex (file ./class_food_wagon-eps-converted-to.pdf): PDF in
clusion: found PDF version <1.7>, but at most version <1.5> allowed
 <./class_food_wagon-eps-converted-to.pdf>
<class_food_wagon-eps-converted-to.pdf, id=3634, 501.875pt x 410.53375pt>
File: class_food_wagon-eps-converted-to.pdf Graphic file (type pdf)
<use class_food_wagon-eps-converted-to.pdf>
Package pdftex.def Info: class_food_wagon-eps-converted-to.pdf  used on input l
ine 15.
(pdftex.def)             Requested size: 69.56514pt x 56.9055pt.
 [50]
Underfull \hbox (badness 10000) detected at line 40
[][][]
 []


Underfull \hbox (badness 10000) detected at line 56
[][][]
 []

[51]
Underfull \hbox (badness 10000) detected at line 73
[][][]
 []

) (class_healthy_state.tex
Package epstopdf Info: Source file: <class_healthy_state.eps>
(epstopdf)                    date: 2022-11-07 11:58:57
(epstopdf)                    size: 3776 bytes
(epstopdf)             Output file: <class_healthy_state-eps-converted-to.pdf>
(epstopdf)                    date: 2022-11-07 12:21:14
(epstopdf)                    size: 4809 bytes
(epstopdf)             Command: <miktex-epstopdf --outfile=class_healthy_state-
eps-converted-to.pdf class_healthy_state.eps>
(epstopdf)             \includegraphics on input line 15.
Package epstopdf Info: Output file is already uptodate.


pdfTeX warning: pdflatex (file ./class_healthy_state-eps-converted-to.pdf): PDF
 inclusion: found PDF version <1.7>, but at most version <1.5> allowed
 <./class_healthy_state-eps-converted-to.pdf>
<class_healthy_state-eps-converted-to.pdf, id=3678, 501.875pt x 441.65pt>
File: class_healthy_state-eps-converted-to.pdf Graphic file (type pdf)
<use class_healthy_state-eps-converted-to.pdf>
Package pdftex.def Info: class_healthy_state-eps-converted-to.pdf  used on inpu
t line 15.
(pdftex.def)             Requested size: 64.66403pt x 56.9055pt.
 [52]
Underfull \hbox (badness 10000) detected at line 36
[][][]
 []


Underfull \hbox (badness 10000) detected at line 39
[][][]
 []

[53]
Underfull \hbox (badness 10000) detected at line 69
[][][]
 []


Underfull \hbox (badness 10000) detected at line 86
[][][]
 []

) (class_historian.tex [54]
Underfull \hbox (badness 10000) detected at line 38
[][][]
 []


Underfull \hbox (badness 10000) detected at line 66
[][][]
 []

[55]
Underfull \hbox (badness 10000) detected at line 82
[][][]
 []


Underfull \hbox (badness 10000) detected at line 85
[][][]
 []

) (class_history.tex [56]
Underfull \hbox (badness 10000) detected at line 49
[][][]
 []


Underfull \hbox (badness 10000) detected at line 65
[][][]
 []


Underfull \hbox (badness 10000) detected at line 68
[][][]
 []

) (class_history_book.tex [57]
Underfull \hbox (badness 10000) detected at line 43
[][][]
 []

[58]
Underfull \hbox (badness 10000) detected at line 59
[][][]
 []


Underfull \hbox (badness 10000) detected at line 62
[][][]
 []

) (class_iterator.tex
Package epstopdf Info: Source file: <class_iterator.eps>
(epstopdf)                    date: 2022-11-07 11:58:57
(epstopdf)                    size: 3780 bytes
(epstopdf)             Output file: <class_iterator-eps-converted-to.pdf>
(epstopdf)                    date: 2022-11-07 12:21:17
(epstopdf)                    size: 4712 bytes
(epstopdf)             Command: <miktex-epstopdf --outfile=class_iterator-eps-c
onverted-to.pdf class_iterator.eps>
(epstopdf)             \includegraphics on input line 15.
Package epstopdf Info: Output file is already uptodate.


pdfTeX warning: pdflatex (file ./class_iterator-eps-converted-to.pdf): PDF incl
usion: found PDF version <1.7>, but at most version <1.5> allowed
 <./class_iterator-eps-converted-to.pdf>
<class_iterator-eps-converted-to.pdf, id=3798, 501.875pt x 483.8075pt>
File: class_iterator-eps-converted-to.pdf Graphic file (type pdf)
<use class_iterator-eps-converted-to.pdf>
Package pdftex.def Info: class_iterator-eps-converted-to.pdf  used on input lin
e 15.
(pdftex.def)             Requested size: 59.02774pt x 56.9055pt.

Underfull \hbox (badness 10000) detected at line 34
[][][]
 []


Underfull \hbox (badness 10000) detected at line 37
[][][]
 []

[59]
Underfull \hbox (badness 10000) detected at line 53
[][][]
 []


Underfull \hbox (badness 10000) detected at line 70
[][][]
 []


Underfull \hbox (badness 10000) detected at line 89
[][][]
 []

[60]
Underfull \hbox (badness 10000) detected at line 108
[][][]
 []

) (class_kingdom.tex [61]
Underfull \hbox (badness 10000) detected at line 42
[][][]
 []


Underfull \hbox (badness 10000) detected at line 45
[][][]
 []


Overfull \vbox (7.49731pt too high) has occurred while \output is active []


[62]
Underfull \hbox (badness 10000) detected at line 99
[][][]
 []


Underfull \hbox (badness 10000) detected at line 112
[][][]
 []


Underfull \hbox (badness 10000) detected at line 125
[][][]
 []

[63]) (class_location.tex
Package epstopdf Info: Source file: <class_location.eps>
(epstopdf)                    date: 2022-11-07 11:58:57
(epstopdf)                    size: 3778 bytes
(epstopdf)             Output file: <class_location-eps-converted-to.pdf>
(epstopdf)                    date: 2022-11-07 12:21:20
(epstopdf)                    size: 5125 bytes
(epstopdf)             Command: <miktex-epstopdf --outfile=class_location-eps-c
onverted-to.pdf class_location.eps>
(epstopdf)             \includegraphics on input line 15.
Package epstopdf Info: Output file is already uptodate.


pdfTeX warning: pdflatex (file ./class_location-eps-converted-to.pdf): PDF incl
usion: found PDF version <1.7>, but at most version <1.5> allowed
 <./class_location-eps-converted-to.pdf>
<class_location-eps-converted-to.pdf, id=3924, 501.875pt x 467.7475pt>
File: class_location-eps-converted-to.pdf Graphic file (type pdf)
<use class_location-eps-converted-to.pdf>
Package pdftex.def Info: class_location-eps-converted-to.pdf  used on input lin
e 15.
(pdftex.def)             Requested size: 61.05711pt x 56.9055pt.

Underfull \hbox (badness 10000) detected at line 31
[][][]
 []

[64]
Underfull \hbox (badness 10000) detected at line 34
[][][]
 []

) (class_master_of_coin.tex
Package epstopdf Info: Source file: <class_master_of_coin.eps>
(epstopdf)                    date: 2022-11-07 11:58:58
(epstopdf)                    size: 3782 bytes
(epstopdf)             Output file: <class_master_of_coin-eps-converted-to.pdf>

(epstopdf)                    date: 2022-11-07 12:21:22
(epstopdf)                    size: 5560 bytes
(epstopdf)             Command: <miktex-epstopdf --outfile=class_master_of_coin
-eps-converted-to.pdf class_master_of_coin.eps>
(epstopdf)             \includegraphics on input line 15.
Package epstopdf Info: Output file is already uptodate.


pdfTeX warning: pdflatex (file ./class_master_of_coin-eps-converted-to.pdf): PD
F inclusion: found PDF version <1.7>, but at most version <1.5> allowed
 <./class_master_of_coin-eps-converted-to.pdf>
<class_master_of_coin-eps-converted-to.pdf, id=3942, 501.875pt x 406.51875pt>
File: class_master_of_coin-eps-converted-to.pdf Graphic file (type pdf)
<use class_master_of_coin-eps-converted-to.pdf>
Package pdftex.def Info: class_master_of_coin-eps-converted-to.pdf  used on inp
ut line 15.
(pdftex.def)             Requested size: 70.2467pt x 56.9055pt.
 [65]
Underfull \hbox (badness 10000) detected at line 51
[][][]
 []


Underfull \hbox (badness 10000) detected at line 54
[][][]
 []

[66]) (class_medical_fac.tex
Package epstopdf Info: Source file: <class_medical_fac.eps>
(epstopdf)                    date: 2022-11-07 11:58:58
(epstopdf)                    size: 3893 bytes
(epstopdf)             Output file: <class_medical_fac-eps-converted-to.pdf>
(epstopdf)                    date: 2022-11-07 12:21:25
(epstopdf)                    size: 5717 bytes
(epstopdf)             Command: <miktex-epstopdf --outfile=class_medical_fac-ep
s-converted-to.pdf class_medical_fac.eps>
(epstopdf)             \includegraphics on input line 15.
Package epstopdf Info: Output file is already uptodate.


pdfTeX warning: pdflatex (file ./class_medical_fac-eps-converted-to.pdf): PDF i
nclusion: found PDF version <1.7>, but at most version <1.5> allowed
 <./class_medical_fac-eps-converted-to.pdf>
<class_medical_fac-eps-converted-to.pdf, id=3992, 501.875pt x 615.29875pt>
File: class_medical_fac-eps-converted-to.pdf Graphic file (type pdf)
<use class_medical_fac-eps-converted-to.pdf>
Package pdftex.def Info: class_medical_fac-eps-converted-to.pdf  used on input 
line 15.
(pdftex.def)             Requested size: 69.61874pt x 85.35826pt.
 [67]
Underfull \hbox (badness 10000) detected at line 32
[][][]
 []


Underfull \hbox (badness 10000) detected at line 48
[][][]
 []

) (class_medical_supp.tex
Package epstopdf Info: Source file: <class_medical_supp.eps>
(epstopdf)                    date: 2022-11-07 11:58:58
(epstopdf)                    size: 3788 bytes
(epstopdf)             Output file: <class_medical_supp-eps-converted-to.pdf>
(epstopdf)                    date: 2022-11-07 12:21:27
(epstopdf)                    size: 5690 bytes
(epstopdf)             Command: <miktex-epstopdf --outfile=class_medical_supp-e
ps-converted-to.pdf class_medical_supp.eps>
(epstopdf)             \includegraphics on input line 15.
Package epstopdf Info: Output file is already uptodate.


pdfTeX warning: pdflatex (file ./class_medical_supp-eps-converted-to.pdf): PDF 
inclusion: found PDF version <1.7>, but at most version <1.5> allowed
 <./class_medical_supp-eps-converted-to.pdf>
<class_medical_supp-eps-converted-to.pdf, id=4018, 501.875pt x 410.53375pt>
File: class_medical_supp-eps-converted-to.pdf Graphic file (type pdf)
<use class_medical_supp-eps-converted-to.pdf>
Package pdftex.def Info: class_medical_supp-eps-converted-to.pdf  used on input
 line 15.
(pdftex.def)             Requested size: 69.56514pt x 56.9055pt.
 [68]
Underfull \hbox (badness 10000) detected at line 28
[][][]
 []


Underfull \hbox (badness 10000) detected at line 44
[][][]
 []

) (class_medical_wagon.tex
Package epstopdf Info: Source file: <class_medical_wagon.eps>
(epstopdf)                    date: 2022-11-07 11:58:58
(epstopdf)                    size: 3788 bytes
(epstopdf)             Output file: <class_medical_wagon-eps-converted-to.pdf>
(epstopdf)                    date: 2022-11-07 12:21:30
(epstopdf)                    size: 5693 bytes
(epstopdf)             Command: <miktex-epstopdf --outfile=class_medical_wagon-
eps-converted-to.pdf class_medical_wagon.eps>
(epstopdf)             \includegraphics on input line 15.
Package epstopdf Info: Output file is already uptodate.


pdfTeX warning: pdflatex (file ./class_medical_wagon-eps-converted-to.pdf): PDF
 inclusion: found PDF version <1.7>, but at most version <1.5> allowed
 <./class_medical_wagon-eps-converted-to.pdf>
<class_medical_wagon-eps-converted-to.pdf, id=4037, 501.875pt x 386.44376pt>
File: class_medical_wagon-eps-converted-to.pdf Graphic file (type pdf)
<use class_medical_wagon-eps-converted-to.pdf>
Package pdftex.def Info: class_medical_wagon-eps-converted-to.pdf  used on inpu
t line 15.
(pdftex.def)             Requested size: 73.89955pt x 56.9055pt.
 [69]
Underfull \hbox (badness 10000) detected at line 40
[][][]
 []


Underfull \hbox (badness 10000) detected at line 56
[][][]
 []


Underfull \hbox (badness 10000) detected at line 73
[][][]
 []

[70]) (class_raven.tex
Package epstopdf Info: Source file: <class_raven.eps>
(epstopdf)                    date: 2022-11-07 11:58:58
(epstopdf)                    size: 3770 bytes
(epstopdf)             Output file: <class_raven-eps-converted-to.pdf>
(epstopdf)                    date: 2022-11-07 12:21:32
(epstopdf)                    size: 4735 bytes
(epstopdf)             Command: <miktex-epstopdf --outfile=class_raven-eps-conv
erted-to.pdf class_raven.eps>
(epstopdf)             \includegraphics on input line 15.
Package epstopdf Info: Output file is already uptodate.


pdfTeX warning: pdflatex (file ./class_raven-eps-converted-to.pdf): PDF inclusi
on: found PDF version <1.7>, but at most version <1.5> allowed
 <./class_raven-eps-converted-to.pdf>
<class_raven-eps-converted-to.pdf, id=4077, 501.875pt x 483.8075pt>
File: class_raven-eps-converted-to.pdf Graphic file (type pdf)
<use class_raven-eps-converted-to.pdf>
Package pdftex.def Info: class_raven-eps-converted-to.pdf  used on input line 1
5.
(pdftex.def)             Requested size: 59.02774pt x 56.9055pt.

Underfull \hbox (badness 10000) detected at line 28
[][][]
 []


Underfull \hbox (badness 10000) detected at line 31
[][][]
 []

[71]) (classsend_raven.tex
Package epstopdf Info: Source file: <classsend_raven.eps>
(epstopdf)                    date: 2022-11-07 11:58:58
(epstopdf)                    size: 3770 bytes
(epstopdf)             Output file: <classsend_raven-eps-converted-to.pdf>
(epstopdf)                    date: 2022-11-07 12:21:35
(epstopdf)                    size: 4735 bytes
(epstopdf)             Command: <miktex-epstopdf --outfile=classsend_raven-eps-
converted-to.pdf classsend_raven.eps>
(epstopdf)             \includegraphics on input line 15.
Package epstopdf Info: Output file is already uptodate.


pdfTeX warning: pdflatex (file ./classsend_raven-eps-converted-to.pdf): PDF inc
lusion: found PDF version <1.7>, but at most version <1.5> allowed
 <./classsend_raven-eps-converted-to.pdf>
<classsend_raven-eps-converted-to.pdf, id=4095, 501.875pt x 483.8075pt>
File: classsend_raven-eps-converted-to.pdf Graphic file (type pdf)
<use classsend_raven-eps-converted-to.pdf>
Package pdftex.def Info: classsend_raven-eps-converted-to.pdf  used on input li
ne 15.
(pdftex.def)             Requested size: 59.02774pt x 56.9055pt.
 [72]
Underfull \hbox (badness 10000) detected at line 54
[][][]
 []


Underfull \hbox (badness 10000) detected at line 57
[][][]
 []

[73]) (class_siege.tex
Package epstopdf Info: Source file: <class_siege.eps>
(epstopdf)                    date: 2022-11-07 11:58:58
(epstopdf)                    size: 3885 bytes
(epstopdf)             Output file: <class_siege-eps-converted-to.pdf>
(epstopdf)                    date: 2022-11-07 12:21:37
(epstopdf)                    size: 5808 bytes
(epstopdf)             Command: <miktex-epstopdf --outfile=class_siege-eps-conv
erted-to.pdf class_siege.eps>
(epstopdf)             \includegraphics on input line 15.
Package epstopdf Info: Output file is already uptodate.


pdfTeX warning: pdflatex (file ./class_siege-eps-converted-to.pdf): PDF inclusi
on: found PDF version <1.7>, but at most version <1.5> allowed
 <./class_siege-eps-converted-to.pdf>
<class_siege-eps-converted-to.pdf, id=4145, 501.875pt x 615.29875pt>
File: class_siege-eps-converted-to.pdf Graphic file (type pdf)
<use class_siege-eps-converted-to.pdf>
Package pdftex.def Info: class_siege-eps-converted-to.pdf  used on input line 1
5.
(pdftex.def)             Requested size: 69.61874pt x 85.35826pt.

Underfull \hbox (badness 2269) in paragraph at lines 21--22
[][] \T1/phv/m/n/10 (int [], [] $\OMS/cmsy/m/n/10 ^^C$[]\T1/phv/m/n/10 , [] $\O
MS/cmsy/m/n/10 ^^C$[]\T1/phv/m/n/10 , [] $\OMS/cmsy/m/n/10 ^^C$[]\T1/phv/m/n/10
 ,
 []


Underfull \hbox (badness 10000) detected at line 39
[][][]
 []

[74]
Underfull \hbox (badness 10000) detected at line 42
[][][]
 []

[75]
Underfull \hbox (badness 10000) detected at line 87
[][][]
 []

) (class_state.tex
Package epstopdf Info: Source file: <class_state.eps>
(epstopdf)                    date: 2022-11-07 11:58:58
(epstopdf)                    size: 3984 bytes
(epstopdf)             Output file: <class_state-eps-converted-to.pdf>
(epstopdf)                    date: 2022-11-07 12:21:40
(epstopdf)                    size: 5692 bytes
(epstopdf)             Command: <miktex-epstopdf --outfile=class_state-eps-conv
erted-to.pdf class_state.eps>
(epstopdf)             \includegraphics on input line 15.
Package epstopdf Info: Output file is already uptodate.


pdfTeX warning: pdflatex (file ./class_state-eps-converted-to.pdf): PDF inclusi
on: found PDF version <1.7>, but at most version <1.5> allowed
 <./class_state-eps-converted-to.pdf>
<class_state-eps-converted-to.pdf, id=4206, 501.875pt x 139.52126pt>
File: class_state-eps-converted-to.pdf Graphic file (type pdf)
<use class_state-eps-converted-to.pdf>
Package pdftex.def Info: class_state-eps-converted-to.pdf  used on input line 1
5.
(pdftex.def)             Requested size: 204.69795pt x 56.9055pt.
 [76]
Underfull \hbox (badness 10000) detected at line 45
[][][]
 []


Underfull \hbox (badness 10000) detected at line 48
[][][]
 []


Underfull \hbox (badness 10000) detected at line 78
[][][]
 []

[77]
Underfull \hbox (badness 10000) detected at line 95
[][][]
 []

[78]) (class_strategy.tex
Package epstopdf Info: Source file: <class_strategy.eps>
(epstopdf)                    date: 2022-11-07 11:58:59
(epstopdf)                    size: 4162 bytes
(epstopdf)             Output file: <class_strategy-eps-converted-to.pdf>
(epstopdf)                    date: 2022-11-07 12:21:42
(epstopdf)                    size: 6891 bytes
(epstopdf)             Command: <miktex-epstopdf --outfile=class_strategy-eps-c
onverted-to.pdf class_strategy.eps>
(epstopdf)             \includegraphics on input line 15.
Package epstopdf Info: Output file is already uptodate.


pdfTeX warning: pdflatex (file ./class_strategy-eps-converted-to.pdf): PDF incl
usion: found PDF version <1.7>, but at most version <1.5> allowed
 <./class_strategy-eps-converted-to.pdf>
<class_strategy-eps-converted-to.pdf, id=4275, 501.875pt x 154.5775pt>
File: class_strategy-eps-converted-to.pdf Graphic file (type pdf)
<use class_strategy-eps-converted-to.pdf>
Package pdftex.def Info: class_strategy-eps-converted-to.pdf  used on input lin
e 15.
(pdftex.def)             Requested size: 277.1425pt x 85.35826pt.
 [79]
Underfull \hbox (badness 10000) detected at line 62
[][][]
 []


Underfull \hbox (badness 10000) detected at line 65
[][][]
 []

[80]
Underfull \hbox (badness 10000) detected at line 122
[][][]
 []


Underfull \hbox (badness 10000) detected at line 139
[][][]
 []


Underfull \hbox (badness 10000) detected at line 152
[][][]
 []


Underfull \hbox (badness 10000) detected at line 165
[][][]
 []

[81] [82]) (class_supply_wagon.tex
Package epstopdf Info: Source file: <class_supply_wagon.eps>
(epstopdf)                    date: 2022-11-07 11:58:59
(epstopdf)                    size: 3988 bytes
(epstopdf)             Output file: <class_supply_wagon-eps-converted-to.pdf>
(epstopdf)                    date: 2022-11-07 12:21:45
(epstopdf)                    size: 5932 bytes
(epstopdf)             Command: <miktex-epstopdf --outfile=class_supply_wagon-e
ps-converted-to.pdf class_supply_wagon.eps>
(epstopdf)             \includegraphics on input line 15.
Package epstopdf Info: Output file is already uptodate.


pdfTeX warning: pdflatex (file ./class_supply_wagon-eps-converted-to.pdf): PDF 
inclusion: found PDF version <1.7>, but at most version <1.5> allowed
 <./class_supply_wagon-eps-converted-to.pdf>
<class_supply_wagon-eps-converted-to.pdf, id=4415, 501.875pt x 127.47626pt>
File: class_supply_wagon-eps-converted-to.pdf Graphic file (type pdf)
<use class_supply_wagon-eps-converted-to.pdf>
Package pdftex.def Info: class_supply_wagon-eps-converted-to.pdf  used on input
 line 15.
(pdftex.def)             Requested size: 224.04202pt x 56.9055pt.
 [83]
Underfull \hbox (badness 10000) detected at line 37
[][][]
 []


Underfull \hbox (badness 10000) detected at line 53
[][][]
 []


Underfull \hbox (badness 10000) detected at line 70
[][][]
 []

[84]) (class_topology.tex
Package epstopdf Info: Source file: <class_topology.eps>
(epstopdf)                    date: 2022-11-07 11:58:59
(epstopdf)                    size: 3889 bytes
(epstopdf)             Output file: <class_topology-eps-converted-to.pdf>
(epstopdf)                    date: 2022-11-07 12:21:48
(epstopdf)                    size: 6008 bytes
(epstopdf)             Command: <miktex-epstopdf --outfile=class_topology-eps-c
onverted-to.pdf class_topology.eps>
(epstopdf)             \includegraphics on input line 15.
Package epstopdf Info: Output file is already uptodate.


pdfTeX warning: pdflatex (file ./class_topology-eps-converted-to.pdf): PDF incl
usion: found PDF version <1.7>, but at most version <1.5> allowed
 <./class_topology-eps-converted-to.pdf>
<class_topology-eps-converted-to.pdf, id=4459, 501.875pt x 700.6175pt>
File: class_topology-eps-converted-to.pdf Graphic file (type pdf)
<use class_topology-eps-converted-to.pdf>
Package pdftex.def Info: class_topology-eps-converted-to.pdf  used on input lin
e 15.
(pdftex.def)             Requested size: 61.14136pt x 85.35826pt.

Underfull \hbox (badness 10000) detected at line 34
[][][]
 []


Underfull \hbox (badness 10000) detected at line 37
[][][]
 []

[85]) (class_treasury.tex
Package epstopdf Info: Source file: <class_treasury.eps>
(epstopdf)                    date: 2022-11-07 11:59:00
(epstopdf)                    size: 3782 bytes
(epstopdf)             Output file: <class_treasury-eps-converted-to.pdf>
(epstopdf)                    date: 2022-11-07 12:21:50
(epstopdf)                    size: 5561 bytes
(epstopdf)             Command: <miktex-epstopdf --outfile=class_treasury-eps-c
onverted-to.pdf class_treasury.eps>
(epstopdf)             \includegraphics on input line 6.
Package epstopdf Info: Output file is already uptodate.


pdfTeX warning: pdflatex (file ./class_treasury-eps-converted-to.pdf): PDF incl
usion: found PDF version <1.7>, but at most version <1.5> allowed
 <./class_treasury-eps-converted-to.pdf>
<class_treasury-eps-converted-to.pdf, id=4479, 501.875pt x 406.51875pt>
File: class_treasury-eps-converted-to.pdf Graphic file (type pdf)
<use class_treasury-eps-converted-to.pdf>
Package pdftex.def Info: class_treasury-eps-converted-to.pdf  used on input lin
e 6.
(pdftex.def)             Requested size: 70.2467pt x 56.9055pt.
) (class_troop.tex [86]
Package epstopdf Info: Source file: <class_troop.eps>
(epstopdf)                    date: 2022-11-07 11:59:01
(epstopdf)                    size: 4121 bytes
(epstopdf)             Output file: <class_troop-eps-converted-to.pdf>
(epstopdf)                    date: 2022-11-07 12:21:53
(epstopdf)                    size: 5984 bytes
(epstopdf)             Command: <miktex-epstopdf --outfile=class_troop-eps-conv
erted-to.pdf class_troop.eps>
(epstopdf)             \includegraphics on input line 15.
Package epstopdf Info: Output file is already uptodate.


pdfTeX warning: pdflatex (file ./class_troop-eps-converted-to.pdf): PDF inclusi
on: found PDF version <1.7>, but at most version <1.5> allowed
 <./class_troop-eps-converted-to.pdf>
<class_troop-eps-converted-to.pdf, id=4496, 501.875pt x 308.15125pt>
File: class_troop-eps-converted-to.pdf Graphic file (type pdf)
<use class_troop-eps-converted-to.pdf>
Package pdftex.def Info: class_troop-eps-converted-to.pdf  used on input line 1
5.
(pdftex.def)             Requested size: 139.01541pt x 85.35826pt.
 [87] [88]
Underfull \hbox (badness 10000) detected at line 97
[][][]
 []


Underfull \hbox (badness 10000) detected at line 100
[][][]
 []

[89] [90] [91]
Underfull \hbox (badness 10000) detected at line 278
[][][]
 []


Underfull \hbox (badness 10000) detected at line 295
[][][]
 []


Underfull \hbox (badness 10000) detected at line 312
[][][]
 []


Underfull \hbox (badness 10000) detected at line 329
[][][]
 []


Underfull \hbox (badness 10000) detected at line 346
[][][]
 []

[92]
Underfull \hbox (badness 10000) detected at line 363
[][][]
 []


Underfull \hbox (badness 10000) detected at line 380
[][][]
 []


Underfull \hbox (badness 10000) detected at line 393
[][][]
 []


Underfull \hbox (badness 10000) detected at line 410
[][][]
 []

[93]
Overfull \vbox (0.23508pt too high) has occurred while \output is active []


[94] [95] [96]) (class_unstable_state.tex
Package epstopdf Info: Source file: <class_unstable_state.eps>
(epstopdf)                    date: 2022-11-07 11:59:01
(epstopdf)                    size: 3778 bytes
(epstopdf)             Output file: <class_unstable_state-eps-converted-to.pdf>

(epstopdf)                    date: 2022-11-07 12:21:56
(epstopdf)                    size: 4927 bytes
(epstopdf)             Command: <miktex-epstopdf --outfile=class_unstable_state
-eps-converted-to.pdf class_unstable_state.eps>
(epstopdf)             \includegraphics on input line 15.
Package epstopdf Info: Output file is already uptodate.


pdfTeX warning: pdflatex (file ./class_unstable_state-eps-converted-to.pdf): PD
F inclusion: found PDF version <1.7>, but at most version <1.5> allowed
 <./class_unstable_state-eps-converted-to.pdf>
<class_unstable_state-eps-converted-to.pdf, id=4689, 501.875pt x 418.56375pt>
File: class_unstable_state-eps-converted-to.pdf Graphic file (type pdf)
<use class_unstable_state-eps-converted-to.pdf>
Package pdftex.def Info: class_unstable_state-eps-converted-to.pdf  used on inp
ut line 15.
(pdftex.def)             Requested size: 68.22499pt x 56.9055pt.
 [97]
Underfull \hbox (badness 10000) detected at line 36
[][][]
 []


Underfull \hbox (badness 10000) detected at line 39
[][][]
 []


Underfull \hbox (badness 10000) detected at line 69
[][][]
 []

[98]
Underfull \hbox (badness 10000) detected at line 86
[][][]
 []

) (class_war_indicators.tex
Package epstopdf Info: Source file: <class_war_indicators.eps>
(epstopdf)                    date: 2022-11-07 11:59:02
(epstopdf)                    size: 5138 bytes
(epstopdf)             Output file: <class_war_indicators-eps-converted-to.pdf>

(epstopdf)                    date: 2022-11-07 12:21:59
(epstopdf)                    size: 7965 bytes
(epstopdf)             Command: <miktex-epstopdf --outfile=class_war_indicators
-eps-converted-to.pdf class_war_indicators.eps>
(epstopdf)             \includegraphics on input line 15.
Package epstopdf Info: Output file is already uptodate.


pdfTeX warning: pdflatex (file ./class_war_indicators-eps-converted-to.pdf): PD
F inclusion: found PDF version <1.7>, but at most version <1.5> allowed
 <./class_war_indicators-eps-converted-to.pdf>
<class_war_indicators-eps-converted-to.pdf, id=4727, 501.875pt x 205.76875pt>
File: class_war_indicators-eps-converted-to.pdf Graphic file (type pdf)
<use class_war_indicators-eps-converted-to.pdf>
Package pdftex.def Info: class_war_indicators-eps-converted-to.pdf  used on inp
ut line 15.
(pdftex.def)             Requested size: 396.55348pt x 162.58699pt.
 [99]
Underfull \hbox (badness 10000) detected at line 41
[][][]
 []


Underfull \hbox (badness 10000) detected at line 44
[][][]
 []

[100]) (class_war_theatre.tex
Package epstopdf Info: Source file: <class_war_theatre.eps>
(epstopdf)                    date: 2022-11-07 11:59:03
(epstopdf)                    size: 4117 bytes
(epstopdf)             Output file: <class_war_theatre-eps-converted-to.pdf>
(epstopdf)                    date: 2022-11-07 12:22:02
(epstopdf)                    size: 6303 bytes
(epstopdf)             Command: <miktex-epstopdf --outfile=class_war_theatre-ep
s-converted-to.pdf class_war_theatre.eps>
(epstopdf)             \includegraphics on input line 15.
Package epstopdf Info: Output file is already uptodate.


pdfTeX warning: pdflatex (file ./class_war_theatre-eps-converted-to.pdf): PDF i
nclusion: found PDF version <1.7>, but at most version <1.5> allowed
 <./class_war_theatre-eps-converted-to.pdf>
<class_war_theatre-eps-converted-to.pdf, id=4777, 501.875pt x 233.87375pt>
File: class_war_theatre-eps-converted-to.pdf Graphic file (type pdf)
<use class_war_theatre-eps-converted-to.pdf>
Package pdftex.def Info: class_war_theatre-eps-converted-to.pdf  used on input 
line 15.
(pdftex.def)             Requested size: 183.17136pt x 85.35826pt.
 [101]
Underfull \hbox (badness 10000) detected at line 61
[][][]
 []


Underfull \hbox (badness 10000) detected at line 64
[][][]
 []


Underfull \hbox (badness 10000) detected at line 85
[][][]
 []


Underfull \hbox (badness 10000) detected at line 98
[][][]
 []

[102]
Underfull \hbox (badness 10000) detected at line 111
[][][]
 []


Underfull \hbox (badness 10000) detected at line 124
[][][]
 []

[103]) (class_weapons_fac.tex
Package epstopdf Info: Source file: <class_weapons_fac.eps>
(epstopdf)                    date: 2022-11-07 11:59:04
(epstopdf)                    size: 3893 bytes
(epstopdf)             Output file: <class_weapons_fac-eps-converted-to.pdf>
(epstopdf)                    date: 2022-11-07 12:22:04
(epstopdf)                    size: 5688 bytes
(epstopdf)             Command: <miktex-epstopdf --outfile=class_weapons_fac-ep
s-converted-to.pdf class_weapons_fac.eps>
(epstopdf)             \includegraphics on input line 15.
Package epstopdf Info: Output file is already uptodate.


pdfTeX warning: pdflatex (file ./class_weapons_fac-eps-converted-to.pdf): PDF i
nclusion: found PDF version <1.7>, but at most version <1.5> allowed
 <./class_weapons_fac-eps-converted-to.pdf>
<class_weapons_fac-eps-converted-to.pdf, id=4838, 501.875pt x 615.29875pt>
File: class_weapons_fac-eps-converted-to.pdf Graphic file (type pdf)
<use class_weapons_fac-eps-converted-to.pdf>
Package pdftex.def Info: class_weapons_fac-eps-converted-to.pdf  used on input 
line 15.
(pdftex.def)             Requested size: 69.61874pt x 85.35826pt.
 [104]
Underfull \hbox (badness 10000) detected at line 32
[][][]
 []


Underfull \hbox (badness 10000) detected at line 48
[][][]
 []

) (class_weapon_supp.tex
Package epstopdf Info: Source file: <class_weapon_supp.eps>
(epstopdf)                    date: 2022-11-07 11:59:05
(epstopdf)                    size: 3786 bytes
(epstopdf)             Output file: <class_weapon_supp-eps-converted-to.pdf>
(epstopdf)                    date: 2022-11-07 12:22:07
(epstopdf)                    size: 5689 bytes
(epstopdf)             Command: <miktex-epstopdf --outfile=class_weapon_supp-ep
s-converted-to.pdf class_weapon_supp.eps>
(epstopdf)             \includegraphics on input line 15.
Package epstopdf Info: Output file is already uptodate.


pdfTeX warning: pdflatex (file ./class_weapon_supp-eps-converted-to.pdf): PDF i
nclusion: found PDF version <1.7>, but at most version <1.5> allowed
 <./class_weapon_supp-eps-converted-to.pdf>
<class_weapon_supp-eps-converted-to.pdf, id=4861, 501.875pt x 410.53375pt>
File: class_weapon_supp-eps-converted-to.pdf Graphic file (type pdf)
<use class_weapon_supp-eps-converted-to.pdf>
Package pdftex.def Info: class_weapon_supp-eps-converted-to.pdf  used on input 
line 15.
(pdftex.def)             Requested size: 69.56514pt x 56.9055pt.
 [105]
Underfull \hbox (badness 10000) detected at line 28
[][][]
 []


Underfull \hbox (badness 10000) detected at line 44
[][][]
 []

) (class_weapon_wagon.tex
Package epstopdf Info: Source file: <class_weapon_wagon.eps>
(epstopdf)                    date: 2022-11-07 11:59:05
(epstopdf)                    size: 3786 bytes
(epstopdf)             Output file: <class_weapon_wagon-eps-converted-to.pdf>
(epstopdf)                    date: 2022-11-07 12:22:09
(epstopdf)                    size: 5284 bytes
(epstopdf)             Command: <miktex-epstopdf --outfile=class_weapon_wagon-e
ps-converted-to.pdf class_weapon_wagon.eps>
(epstopdf)             \includegraphics on input line 15.
Package epstopdf Info: Output file is already uptodate.


pdfTeX warning: pdflatex (file ./class_weapon_wagon-eps-converted-to.pdf): PDF 
inclusion: found PDF version <1.7>, but at most version <1.5> allowed
 <./class_weapon_wagon-eps-converted-to.pdf>
<class_weapon_wagon-eps-converted-to.pdf, id=4880, 501.875pt x 382.42876pt>
File: class_weapon_wagon-eps-converted-to.pdf Graphic file (type pdf)
<use class_weapon_wagon-eps-converted-to.pdf>
Package pdftex.def Info: class_weapon_wagon-eps-converted-to.pdf  used on input
 line 15.
(pdftex.def)             Requested size: 74.67302pt x 56.9055pt.
 [106]
Underfull \hbox (badness 10000) detected at line 40
[][][]
 []


Underfull \hbox (badness 10000) detected at line 56
[][][]
 []


Underfull \hbox (badness 10000) detected at line 73
[][][]
 []

[107]) (class_weather.tex
Package epstopdf Info: Source file: <class_weather.eps>
(epstopdf)                    date: 2022-11-07 11:59:06
(epstopdf)                    size: 3887 bytes
(epstopdf)             Output file: <class_weather-eps-converted-to.pdf>
(epstopdf)                    date: 2022-11-07 12:22:12
(epstopdf)                    size: 5471 bytes
(epstopdf)             Command: <miktex-epstopdf --outfile=class_weather-eps-co
nverted-to.pdf class_weather.eps>
(epstopdf)             \includegraphics on input line 15.
Package epstopdf Info: Output file is already uptodate.


pdfTeX warning: pdflatex (file ./class_weather-eps-converted-to.pdf): PDF inclu
sion: found PDF version <1.7>, but at most version <1.5> allowed
 <./class_weather-eps-converted-to.pdf>
<class_weather-eps-converted-to.pdf, id=4919, 501.875pt x 700.6175pt>
File: class_weather-eps-converted-to.pdf Graphic file (type pdf)
<use class_weather-eps-converted-to.pdf>
Package pdftex.def Info: class_weather-eps-converted-to.pdf  used on input line
 15.
(pdftex.def)             Requested size: 61.14136pt x 85.35826pt.
 [108]
Underfull \hbox (badness 10000) detected at line 51
[][][]
 []


Underfull \hbox (badness 10000) detected at line 54
[][][]
 []


Underfull \hbox (badness 10000) detected at line 88
[][][]
 []

[109] [110]) [111] [112

]
Chapter 5.
(_ambush_8h_source.tex) (_army_supplies_8h_source.tex)
(_assassinate_8h_source.tex) (_bannerman_8h_source.tex [113] [114])
(_battle_field_8h_source.tex) (_class_8h_source.tex) (_commander_8h_source.tex
[115]) (_conditions_8h_source.tex) (_con_iterator_8h_source.tex [116])
(_economy_8h_source.tex) (_factory_8h_source.tex) (_failed_state_8h_source.tex
[117]) (_food_fac_8h_source.tex) (_food_supp_8h_source.tex)
(_food_wagon_8h_source.tex) (_healthy_state_8h_source.tex [118])
(_historian_8h_source.tex) (_history_8h_source.tex)
(_history_book_8h_source.tex [119]) (_iterator_8h_source.tex)
(_kingdom_8h_source.tex) (_location_8h_source.tex [120])
(_master_of_coin_8h_source.tex) (_medical_fac_8h_source.tex)
(_medical_supp_8h_source.tex) (_medical_wagon_8h_source.tex [121])
(_raven_8h_source.tex) (send_raven_8h_source.tex) (_siege_8h_source.tex
[122]) (_state_8h_source.tex) (_strategy_8h_source.tex)
(_supply_wagon_8h_source.tex [123]) (_topology_8h_source.tex)
(_treasury_8h_source.tex) (_troop_8h_source.tex [124])
(_unstable_state_8h_source.tex) (_war_indicators_8h_source.tex [125])
(_war_theatre_8h_source.tex) (_weapons_fac_8h_source.tex [126])
(_weapon_supp_8h_source.tex) (_weapon_wagon_8h_source.tex)
(_weather_8h_source.tex [127]) [128] (refman.ind [129



] [130] [131] [132]
[133] [134

]) (refman.aux)

LaTeX Warning: There were undefined references.

Package rerunfilecheck Info: File `refman.out' has not changed.
(rerunfilecheck)             Checksum: 417EAF6F9FD0D27EDE107C63844CF69B;84562.
 ) 
Here is how much of TeX's memory you used:
 21481 strings out of 475380
 398100 string characters out of 2776300
 763709 words of memory out of 3000000
 41198 multiletter control sequences out of 15000+600000
 528986 words of font info for 105 fonts, out of 8000000 for 9000
 1141 hyphenation exceptions out of 8191
 99i,16n,117p,1147b,740s stack positions out of 10000i,1000n,20000p,200000b,80000s
{C:/Users/Morgan/AppData/Local/Programs/MiKTeX/fonts/enc/dvips/base/8r.enc}<C
:/Users/Morgan/AppData/Local/Programs/MiKTeX/fonts/type1/public/amsfonts/cm/cmm
i10.pfb><C:/Users/Morgan/AppData/Local/Programs/MiKTeX/fonts/type1/public/amsfo
nts/cm/cmmi7.pfb><C:/Users/Morgan/AppData/Local/Programs/MiKTeX/fonts/type1/pub
lic/amsfonts/cm/cmmi8.pfb><C:/Users/Morgan/AppData/Local/Programs/MiKTeX/fonts/
type1/public/amsfonts/cm/cmmi9.pfb><C:/Users/Morgan/AppData/Local/Programs/MiKT
eX/fonts/type1/public/amsfonts/cm/cmsy10.pfb><C:/Users/Morgan/AppData/Local/Pro
grams/MiKTeX/fonts/type1/public/amsfonts/cm/cmsy7.pfb><C:/Users/Morgan/AppData/
Local/Programs/MiKTeX/fonts/type1/public/amsfonts/cm/cmsy8.pfb><C:/Users/Morgan
/AppData/Local/Programs/MiKTeX/fonts/type1/public/amsfonts/cm/cmsy9.pfb><C:/Use
rs/Morgan/AppData/Local/Programs/MiKTeX/fonts/type1/urw/courier/ucrr8a.pfb><C:/
Users/Morgan/AppData/Local/Programs/MiKTeX/fonts/type1/urw/courier/ucrro8a.pfb>
<C:/Users/Morgan/AppData/Local/Programs/MiKTeX/fonts/type1/urw/helvetic/uhvb8a.
pfb><C:/Users/Morgan/AppData/Local/Programs/MiKTeX/fonts/type1/urw/helvetic/uhv
b8ac.pfb><C:/Users/Morgan/AppData/Local/Programs/MiKTeX/fonts/type1/urw/helveti
c/uhvr8a.pfb><C:/Users/Morgan/AppData/Local/Programs/MiKTeX/fonts/type1/urw/hel
vetic/uhvro8a.pfb>
Output written on refman.pdf (148 pages, 1409397 bytes).
PDF statistics:
 6452 PDF objects out of 7423 (max. 8388607)
 1143 named destinations out of 1200 (max. 500000)
 3690 words of extra memory for PDF output out of 10000 (max. 10000000)

